[2.889s] Invoking command in '/home/tedee/swarm/ros2_ws/src/path_executor': PYTHONPATH=/home/tedee/swarm/ros2_ws/build/path_executor/prefix_override:/usr/lib/python3/dist-packages/colcon_core/task/python/colcon_distutils_commands:/home/tedee/swarm/ros2_ws/install/path_executor/lib/python3.10/site-packages:${PYTHONPATH} /usr/bin/python3 -W ignore:setup.py install is deprecated -W ignore:easy_install command is deprecated setup.py egg_info --egg-base ../../build/path_executor build --build-base /home/tedee/swarm/ros2_ws/build/path_executor/build install --record /home/tedee/swarm/ros2_ws/build/path_executor/install.log --single-version-externally-managed install_data
[3.433s] running egg_info
[3.435s] writing ../../build/path_executor/path_executor.egg-info/PKG-INFO
[3.435s] writing dependency_links to ../../build/path_executor/path_executor.egg-info/dependency_links.txt
[3.436s] writing entry points to ../../build/path_executor/path_executor.egg-info/entry_points.txt
[3.436s] writing requirements to ../../build/path_executor/path_executor.egg-info/requires.txt
[3.436s] writing top-level names to ../../build/path_executor/path_executor.egg-info/top_level.txt
[3.440s] reading manifest file '../../build/path_executor/path_executor.egg-info/SOURCES.txt'
[3.442s] writing manifest file '../../build/path_executor/path_executor.egg-info/SOURCES.txt'
[3.442s] running build
[3.442s] running build_py
[3.442s] copying path_executor/path_executor_node.py -> /home/tedee/swarm/ros2_ws/build/path_executor/build/lib/path_executor
[3.442s] running install
[3.443s] running install_lib
[3.444s] copying /home/tedee/swarm/ros2_ws/build/path_executor/build/lib/path_executor/path_executor_node.py -> /home/tedee/swarm/ros2_ws/install/path_executor/lib/python3.10/site-packages/path_executor
[3.444s] byte-compiling /home/tedee/swarm/ros2_ws/install/path_executor/lib/python3.10/site-packages/path_executor/path_executor_node.py to path_executor_node.cpython-310.pyc
[3.450s] running install_data
[3.450s] running install_egg_info
[3.455s] removing '/home/tedee/swarm/ros2_ws/install/path_executor/lib/python3.10/site-packages/path_executor-0.0.0-py3.10.egg-info' (and everything under it)
[3.455s] Copying ../../build/path_executor/path_executor.egg-info to /home/tedee/swarm/ros2_ws/install/path_executor/lib/python3.10/site-packages/path_executor-0.0.0-py3.10.egg-info
[3.456s] running install_scripts
[3.496s] Installing path_executor_node script to /home/tedee/swarm/ros2_ws/install/path_executor/lib/path_executor
[3.497s] writing list of installed files to '/home/tedee/swarm/ros2_ws/build/path_executor/install.log'
[3.590s] Invoked command in '/home/tedee/swarm/ros2_ws/src/path_executor' returned '0': PYTHONPATH=/home/tedee/swarm/ros2_ws/build/path_executor/prefix_override:/usr/lib/python3/dist-packages/colcon_core/task/python/colcon_distutils_commands:/home/tedee/swarm/ros2_ws/install/path_executor/lib/python3.10/site-packages:${PYTHONPATH} /usr/bin/python3 -W ignore:setup.py install is deprecated -W ignore:easy_install command is deprecated setup.py egg_info --egg-base ../../build/path_executor build --build-base /home/tedee/swarm/ros2_ws/build/path_executor/build install --record /home/tedee/swarm/ros2_ws/build/path_executor/install.log --single-version-externally-managed install_data
