[5.584s] Invoking command in '/home/tedee/swarm/ros2_ws/src/path_executor': PYTHONPATH=/home/tedee/swarm/ros2_ws/build/path_executor/prefix_override:/usr/lib/python3/dist-packages/colcon_core/task/python/colcon_distutils_commands:/home/tedee/swarm/ros2_ws/install/path_executor/lib/python3.10/site-packages:${PYTHONPATH} /usr/bin/python3 -W ignore:setup.py install is deprecated -W ignore:easy_install command is deprecated setup.py egg_info --egg-base ../../build/path_executor build --build-base /home/tedee/swarm/ros2_ws/build/path_executor/build install --record /home/tedee/swarm/ros2_ws/build/path_executor/install.log --single-version-externally-managed install_data
[6.291s] running egg_info
[6.293s] writing ../../build/path_executor/path_executor.egg-info/PKG-INFO
[6.293s] writing dependency_links to ../../build/path_executor/path_executor.egg-info/dependency_links.txt
[6.294s] writing entry points to ../../build/path_executor/path_executor.egg-info/entry_points.txt
[6.294s] writing requirements to ../../build/path_executor/path_executor.egg-info/requires.txt
[6.294s] writing top-level names to ../../build/path_executor/path_executor.egg-info/top_level.txt
[6.300s] reading manifest file '../../build/path_executor/path_executor.egg-info/SOURCES.txt'
[6.303s] writing manifest file '../../build/path_executor/path_executor.egg-info/SOURCES.txt'
[6.303s] running build
[6.303s] running build_py
[6.304s] running install
[6.305s] running install_lib
[6.308s] running install_data
[6.309s] running install_egg_info
[6.314s] removing '/home/tedee/swarm/ros2_ws/install/path_executor/lib/python3.10/site-packages/path_executor-0.0.0-py3.10.egg-info' (and everything under it)
[6.315s] Copying ../../build/path_executor/path_executor.egg-info to /home/tedee/swarm/ros2_ws/install/path_executor/lib/python3.10/site-packages/path_executor-0.0.0-py3.10.egg-info
[6.317s] running install_scripts
[6.394s] Installing path_executor_node script to /home/tedee/swarm/ros2_ws/install/path_executor/lib/path_executor
[6.395s] writing list of installed files to '/home/tedee/swarm/ros2_ws/build/path_executor/install.log'
[6.478s] Invoked command in '/home/tedee/swarm/ros2_ws/src/path_executor' returned '0': PYTHONPATH=/home/tedee/swarm/ros2_ws/build/path_executor/prefix_override:/usr/lib/python3/dist-packages/colcon_core/task/python/colcon_distutils_commands:/home/tedee/swarm/ros2_ws/install/path_executor/lib/python3.10/site-packages:${PYTHONPATH} /usr/bin/python3 -W ignore:setup.py install is deprecated -W ignore:easy_install command is deprecated setup.py egg_info --egg-base ../../build/path_executor build --build-base /home/tedee/swarm/ros2_ws/build/path_executor/build install --record /home/tedee/swarm/ros2_ws/build/path_executor/install.log --single-version-externally-managed install_data
