running egg_info
creating ../../build/role_manager/role_manager.egg-info
writing ../../build/role_manager/role_manager.egg-info/PKG-INFO
writing dependency_links to ../../build/role_manager/role_manager.egg-info/dependency_links.txt
writing entry points to ../../build/role_manager/role_manager.egg-info/entry_points.txt
writing requirements to ../../build/role_manager/role_manager.egg-info/requires.txt
writing top-level names to ../../build/role_manager/role_manager.egg-info/top_level.txt
writing manifest file '../../build/role_manager/role_manager.egg-info/SOURCES.txt'
reading manifest file '../../build/role_manager/role_manager.egg-info/SOURCES.txt'
writing manifest file '../../build/role_manager/role_manager.egg-info/SOURCES.txt'
running build
running build_py
creating /home/tedee/swarm/ros2_ws/build/role_manager/build
creating /home/tedee/swarm/ros2_ws/build/role_manager/build/lib
creating /home/tedee/swarm/ros2_ws/build/role_manager/build/lib/role_manager
copying role_manager/role_manager_node.py -> /home/tedee/swarm/ros2_ws/build/role_manager/build/lib/role_manager
copying role_manager/__init__.py -> /home/tedee/swarm/ros2_ws/build/role_manager/build/lib/role_manager
running install
running install_lib
creating /home/tedee/swarm/ros2_ws/install/role_manager/lib/python3.10/site-packages/role_manager
copying /home/tedee/swarm/ros2_ws/build/role_manager/build/lib/role_manager/role_manager_node.py -> /home/tedee/swarm/ros2_ws/install/role_manager/lib/python3.10/site-packages/role_manager
copying /home/tedee/swarm/ros2_ws/build/role_manager/build/lib/role_manager/__init__.py -> /home/tedee/swarm/ros2_ws/install/role_manager/lib/python3.10/site-packages/role_manager
byte-compiling /home/tedee/swarm/ros2_ws/install/role_manager/lib/python3.10/site-packages/role_manager/role_manager_node.py to role_manager_node.cpython-310.pyc
byte-compiling /home/tedee/swarm/ros2_ws/install/role_manager/lib/python3.10/site-packages/role_manager/__init__.py to __init__.cpython-310.pyc
running install_data
creating /home/tedee/swarm/ros2_ws/install/role_manager/share/ament_index
creating /home/tedee/swarm/ros2_ws/install/role_manager/share/ament_index/resource_index
creating /home/tedee/swarm/ros2_ws/install/role_manager/share/ament_index/resource_index/packages
copying resource/role_manager -> /home/tedee/swarm/ros2_ws/install/role_manager/share/ament_index/resource_index/packages
copying package.xml -> /home/tedee/swarm/ros2_ws/install/role_manager/share/role_manager
running install_egg_info
Copying ../../build/role_manager/role_manager.egg-info to /home/tedee/swarm/ros2_ws/install/role_manager/lib/python3.10/site-packages/role_manager-0.0.0-py3.10.egg-info
running install_scripts
Installing role_manager_node script to /home/tedee/swarm/ros2_ws/install/role_manager/lib/role_manager
writing list of installed files to '/home/tedee/swarm/ros2_ws/build/role_manager/install.log'
