[3.217s] Invoking command in '/home/tedee/swarm/ros2_ws/src/swarm_launch': PYTHONPATH=/home/tedee/swarm/ros2_ws/build/swarm_launch/prefix_override:/usr/lib/python3/dist-packages/colcon_core/task/python/colcon_distutils_commands:/home/tedee/swarm/ros2_ws/install/swarm_launch/lib/python3.10/site-packages:${PYTHONPATH} /usr/bin/python3 -W ignore:setup.py install is deprecated -W ignore:easy_install command is deprecated setup.py egg_info --egg-base ../../build/swarm_launch build --build-base /home/tedee/swarm/ros2_ws/build/swarm_launch/build install --record /home/tedee/swarm/ros2_ws/build/swarm_launch/install.log --single-version-externally-managed install_data
[3.772s] running egg_info
[3.774s] writing ../../build/swarm_launch/swarm_launch.egg-info/PKG-INFO
[3.775s] writing dependency_links to ../../build/swarm_launch/swarm_launch.egg-info/dependency_links.txt
[3.775s] writing entry points to ../../build/swarm_launch/swarm_launch.egg-info/entry_points.txt
[3.775s] writing requirements to ../../build/swarm_launch/swarm_launch.egg-info/requires.txt
[3.776s] writing top-level names to ../../build/swarm_launch/swarm_launch.egg-info/top_level.txt
[3.778s] reading manifest file '../../build/swarm_launch/swarm_launch.egg-info/SOURCES.txt'
[3.780s] writing manifest file '../../build/swarm_launch/swarm_launch.egg-info/SOURCES.txt'
[3.780s] running build
[3.781s] running build_py
[3.783s] running install
[3.784s] running install_lib
[3.786s] running install_data
[3.786s] running install_egg_info
[3.787s] removing '/home/tedee/swarm/ros2_ws/install/swarm_launch/lib/python3.10/site-packages/swarm_launch-0.0.0-py3.10.egg-info' (and everything under it)
[3.788s] Copying ../../build/swarm_launch/swarm_launch.egg-info to /home/tedee/swarm/ros2_ws/install/swarm_launch/lib/python3.10/site-packages/swarm_launch-0.0.0-py3.10.egg-info
[3.789s] running install_scripts
[3.831s] writing list of installed files to '/home/tedee/swarm/ros2_ws/build/swarm_launch/install.log'
[3.906s] Invoked command in '/home/tedee/swarm/ros2_ws/src/swarm_launch' returned '0': PYTHONPATH=/home/tedee/swarm/ros2_ws/build/swarm_launch/prefix_override:/usr/lib/python3/dist-packages/colcon_core/task/python/colcon_distutils_commands:/home/tedee/swarm/ros2_ws/install/swarm_launch/lib/python3.10/site-packages:${PYTHONPATH} /usr/bin/python3 -W ignore:setup.py install is deprecated -W ignore:easy_install command is deprecated setup.py egg_info --egg-base ../../build/swarm_launch build --build-base /home/tedee/swarm/ros2_ws/build/swarm_launch/build install --record /home/tedee/swarm/ros2_ws/build/swarm_launch/install.log --single-version-externally-managed install_data
