[4.125s] Invoking command in '/home/tedee/swarm/ros2_ws/src/vision_node': PYTHONPATH=/home/tedee/swarm/ros2_ws/build/vision_node/prefix_override:/usr/lib/python3/dist-packages/colcon_core/task/python/colcon_distutils_commands:/home/tedee/swarm/ros2_ws/install/vision_node/lib/python3.10/site-packages:${PYTHONPATH} /usr/bin/python3 -W ignore:setup.py install is deprecated -W ignore:easy_install command is deprecated setup.py egg_info --egg-base ../../build/vision_node build --build-base /home/tedee/swarm/ros2_ws/build/vision_node/build install --record /home/tedee/swarm/ros2_ws/build/vision_node/install.log --single-version-externally-managed install_data
[4.794s] running egg_info
[4.796s] writing ../../build/vision_node/vision_node.egg-info/PKG-INFO
[4.797s] writing dependency_links to ../../build/vision_node/vision_node.egg-info/dependency_links.txt
[4.797s] writing entry points to ../../build/vision_node/vision_node.egg-info/entry_points.txt
[4.797s] writing requirements to ../../build/vision_node/vision_node.egg-info/requires.txt
[4.797s] writing top-level names to ../../build/vision_node/vision_node.egg-info/top_level.txt
[4.801s] reading manifest file '../../build/vision_node/vision_node.egg-info/SOURCES.txt'
[4.803s] writing manifest file '../../build/vision_node/vision_node.egg-info/SOURCES.txt'
[4.803s] running build
[4.804s] running build_py
[4.804s] running install
[4.804s] running install_lib
[4.807s] running install_data
[4.808s] running install_egg_info
[4.812s] removing '/home/tedee/swarm/ros2_ws/install/vision_node/lib/python3.10/site-packages/vision_node-0.0.0-py3.10.egg-info' (and everything under it)
[4.812s] Copying ../../build/vision_node/vision_node.egg-info to /home/tedee/swarm/ros2_ws/install/vision_node/lib/python3.10/site-packages/vision_node-0.0.0-py3.10.egg-info
[4.814s] running install_scripts
[4.873s] Installing vision_node script to /home/tedee/swarm/ros2_ws/install/vision_node/lib/vision_node
[4.874s] writing list of installed files to '/home/tedee/swarm/ros2_ws/build/vision_node/install.log'
[4.969s] Invoked command in '/home/tedee/swarm/ros2_ws/src/vision_node' returned '0': PYTHONPATH=/home/tedee/swarm/ros2_ws/build/vision_node/prefix_override:/usr/lib/python3/dist-packages/colcon_core/task/python/colcon_distutils_commands:/home/tedee/swarm/ros2_ws/install/vision_node/lib/python3.10/site-packages:${PYTHONPATH} /usr/bin/python3 -W ignore:setup.py install is deprecated -W ignore:easy_install command is deprecated setup.py egg_info --egg-base ../../build/vision_node build --build-base /home/tedee/swarm/ros2_ws/build/vision_node/build install --record /home/tedee/swarm/ros2_ws/build/vision_node/install.log --single-version-externally-managed install_data
