[2.744s] Invoking command in '/home/tedee/swarm/ros2_ws/src/role_manager': PYTHONPATH=/home/tedee/swarm/ros2_ws/build/role_manager/prefix_override:/usr/lib/python3/dist-packages/colcon_core/task/python/colcon_distutils_commands:/home/tedee/swarm/ros2_ws/install/role_manager/lib/python3.10/site-packages:${PYTHONPATH} /usr/bin/python3 -W ignore:setup.py install is deprecated -W ignore:easy_install command is deprecated setup.py egg_info --egg-base ../../build/role_manager build --build-base /home/tedee/swarm/ros2_ws/build/role_manager/build install --record /home/tedee/swarm/ros2_ws/build/role_manager/install.log --single-version-externally-managed install_data
[3.310s] running egg_info
[3.312s] writing ../../build/role_manager/role_manager.egg-info/PKG-INFO
[3.313s] writing dependency_links to ../../build/role_manager/role_manager.egg-info/dependency_links.txt
[3.314s] writing entry points to ../../build/role_manager/role_manager.egg-info/entry_points.txt
[3.314s] writing requirements to ../../build/role_manager/role_manager.egg-info/requires.txt
[3.314s] writing top-level names to ../../build/role_manager/role_manager.egg-info/top_level.txt
[3.317s] reading manifest file '../../build/role_manager/role_manager.egg-info/SOURCES.txt'
[3.318s] writing manifest file '../../build/role_manager/role_manager.egg-info/SOURCES.txt'
[3.318s] running build
[3.318s] running build_py
[3.318s] running install
[3.318s] running install_lib
[3.322s] running install_data
[3.323s] running install_egg_info
[3.325s] removing '/home/tedee/swarm/ros2_ws/install/role_manager/lib/python3.10/site-packages/role_manager-0.0.0-py3.10.egg-info' (and everything under it)
[3.325s] Copying ../../build/role_manager/role_manager.egg-info to /home/tedee/swarm/ros2_ws/install/role_manager/lib/python3.10/site-packages/role_manager-0.0.0-py3.10.egg-info
[3.326s] running install_scripts
[3.369s] Installing role_manager_node script to /home/tedee/swarm/ros2_ws/install/role_manager/lib/role_manager
[3.369s] writing list of installed files to '/home/tedee/swarm/ros2_ws/build/role_manager/install.log'
[3.430s] Invoked command in '/home/tedee/swarm/ros2_ws/src/role_manager' returned '0': PYTHONPATH=/home/tedee/swarm/ros2_ws/build/role_manager/prefix_override:/usr/lib/python3/dist-packages/colcon_core/task/python/colcon_distutils_commands:/home/tedee/swarm/ros2_ws/install/role_manager/lib/python3.10/site-packages:${PYTHONPATH} /usr/bin/python3 -W ignore:setup.py install is deprecated -W ignore:easy_install command is deprecated setup.py egg_info --egg-base ../../build/role_manager build --build-base /home/tedee/swarm/ros2_ws/build/role_manager/build install --record /home/tedee/swarm/ros2_ws/build/role_manager/install.log --single-version-externally-managed install_data
