running egg_info
writing ../../build/gui_pkg/gui_pkg.egg-info/PKG-INFO
writing dependency_links to ../../build/gui_pkg/gui_pkg.egg-info/dependency_links.txt
writing entry points to ../../build/gui_pkg/gui_pkg.egg-info/entry_points.txt
writing requirements to ../../build/gui_pkg/gui_pkg.egg-info/requires.txt
writing top-level names to ../../build/gui_pkg/gui_pkg.egg-info/top_level.txt
reading manifest file '../../build/gui_pkg/gui_pkg.egg-info/SOURCES.txt'
writing manifest file '../../build/gui_pkg/gui_pkg.egg-info/SOURCES.txt'
running build
running build_py
copying gui_pkg/gui.py -> /home/tedee/swarm/ros2_ws/build/gui_pkg/build/lib/gui_pkg
running install
running install_lib
copying /home/tedee/swarm/ros2_ws/build/gui_pkg/build/lib/gui_pkg/gui.py -> /home/tedee/swarm/ros2_ws/install/gui_pkg/lib/python3.10/site-packages/gui_pkg
byte-compiling /home/tedee/swarm/ros2_ws/install/gui_pkg/lib/python3.10/site-packages/gui_pkg/gui.py to gui.cpython-310.pyc
running install_data
running install_egg_info
removing '/home/tedee/swarm/ros2_ws/install/gui_pkg/lib/python3.10/site-packages/gui_pkg-0.0.0-py3.10.egg-info' (and everything under it)
Copying ../../build/gui_pkg/gui_pkg.egg-info to /home/tedee/swarm/ros2_ws/install/gui_pkg/lib/python3.10/site-packages/gui_pkg-0.0.0-py3.10.egg-info
running install_scripts
Installing bridge script to /home/tedee/swarm/ros2_ws/install/gui_pkg/lib/gui_pkg
Installing gui_pkg script to /home/tedee/swarm/ros2_ws/install/gui_pkg/lib/gui_pkg
writing list of installed files to '/home/tedee/swarm/ros2_ws/build/gui_pkg/install.log'
