[3.303s] Invoking command in '/home/tedee/swarm/ros2_ws/src/gui_pkg': PYTHONPATH=/home/tedee/swarm/ros2_ws/build/gui_pkg/prefix_override:/usr/lib/python3/dist-packages/colcon_core/task/python/colcon_distutils_commands:/home/tedee/swarm/ros2_ws/install/gui_pkg/lib/python3.10/site-packages:${PYTHONPATH} /usr/bin/python3 -W ignore:setup.py install is deprecated -W ignore:easy_install command is deprecated setup.py egg_info --egg-base ../../build/gui_pkg build --build-base /home/tedee/swarm/ros2_ws/build/gui_pkg/build install --record /home/tedee/swarm/ros2_ws/build/gui_pkg/install.log --single-version-externally-managed install_data
[3.861s] running egg_info
[3.863s] writing ../../build/gui_pkg/gui_pkg.egg-info/PKG-INFO
[3.863s] writing dependency_links to ../../build/gui_pkg/gui_pkg.egg-info/dependency_links.txt
[3.863s] writing entry points to ../../build/gui_pkg/gui_pkg.egg-info/entry_points.txt
[3.864s] writing requirements to ../../build/gui_pkg/gui_pkg.egg-info/requires.txt
[3.864s] writing top-level names to ../../build/gui_pkg/gui_pkg.egg-info/top_level.txt
[3.867s] reading manifest file '../../build/gui_pkg/gui_pkg.egg-info/SOURCES.txt'
[3.869s] writing manifest file '../../build/gui_pkg/gui_pkg.egg-info/SOURCES.txt'
[3.869s] running build
[3.869s] running build_py
[3.870s] copying gui_pkg/gui.py -> /home/tedee/swarm/ros2_ws/build/gui_pkg/build/lib/gui_pkg
[3.870s] running install
[3.870s] running install_lib
[3.872s] copying /home/tedee/swarm/ros2_ws/build/gui_pkg/build/lib/gui_pkg/gui.py -> /home/tedee/swarm/ros2_ws/install/gui_pkg/lib/python3.10/site-packages/gui_pkg
[3.873s] byte-compiling /home/tedee/swarm/ros2_ws/install/gui_pkg/lib/python3.10/site-packages/gui_pkg/gui.py to gui.cpython-310.pyc
[3.878s] running install_data
[3.878s] running install_egg_info
[3.882s] removing '/home/tedee/swarm/ros2_ws/install/gui_pkg/lib/python3.10/site-packages/gui_pkg-0.0.0-py3.10.egg-info' (and everything under it)
[3.883s] Copying ../../build/gui_pkg/gui_pkg.egg-info to /home/tedee/swarm/ros2_ws/install/gui_pkg/lib/python3.10/site-packages/gui_pkg-0.0.0-py3.10.egg-info
[3.884s] running install_scripts
[3.929s] Installing bridge script to /home/tedee/swarm/ros2_ws/install/gui_pkg/lib/gui_pkg
[3.929s] Installing gui_pkg script to /home/tedee/swarm/ros2_ws/install/gui_pkg/lib/gui_pkg
[3.930s] writing list of installed files to '/home/tedee/swarm/ros2_ws/build/gui_pkg/install.log'
[4.011s] Invoked command in '/home/tedee/swarm/ros2_ws/src/gui_pkg' returned '0': PYTHONPATH=/home/tedee/swarm/ros2_ws/build/gui_pkg/prefix_override:/usr/lib/python3/dist-packages/colcon_core/task/python/colcon_distutils_commands:/home/tedee/swarm/ros2_ws/install/gui_pkg/lib/python3.10/site-packages:${PYTHONPATH} /usr/bin/python3 -W ignore:setup.py install is deprecated -W ignore:easy_install command is deprecated setup.py egg_info --egg-base ../../build/gui_pkg build --build-base /home/tedee/swarm/ros2_ws/build/gui_pkg/build install --record /home/tedee/swarm/ros2_ws/build/gui_pkg/install.log --single-version-externally-managed install_data
