[2.760s] Invoking command in '/home/tedee/swarm/ros2_ws/src/vision_node': PYTHONPATH=/home/tedee/swarm/ros2_ws/build/vision_node/prefix_override:/usr/lib/python3/dist-packages/colcon_core/task/python/colcon_distutils_commands:/home/tedee/swarm/ros2_ws/install/vision_node/lib/python3.10/site-packages:${PYTHONPATH} /usr/bin/python3 -W ignore:setup.py install is deprecated -W ignore:easy_install command is deprecated setup.py egg_info --egg-base ../../build/vision_node build --build-base /home/tedee/swarm/ros2_ws/build/vision_node/build install --record /home/tedee/swarm/ros2_ws/build/vision_node/install.log --single-version-externally-managed install_data
[3.305s] running egg_info
[3.307s] writing ../../build/vision_node/vision_node.egg-info/PKG-INFO
[3.307s] writing dependency_links to ../../build/vision_node/vision_node.egg-info/dependency_links.txt
[3.308s] writing entry points to ../../build/vision_node/vision_node.egg-info/entry_points.txt
[3.308s] writing requirements to ../../build/vision_node/vision_node.egg-info/requires.txt
[3.308s] writing top-level names to ../../build/vision_node/vision_node.egg-info/top_level.txt
[3.310s] reading manifest file '../../build/vision_node/vision_node.egg-info/SOURCES.txt'
[3.311s] writing manifest file '../../build/vision_node/vision_node.egg-info/SOURCES.txt'
[3.311s] running build
[3.312s] running build_py
[3.312s] running install
[3.313s] running install_lib
[3.315s] running install_data
[3.315s] running install_egg_info
[3.320s] removing '/home/tedee/swarm/ros2_ws/install/vision_node/lib/python3.10/site-packages/vision_node-0.0.0-py3.10.egg-info' (and everything under it)
[3.321s] Copying ../../build/vision_node/vision_node.egg-info to /home/tedee/swarm/ros2_ws/install/vision_node/lib/python3.10/site-packages/vision_node-0.0.0-py3.10.egg-info
[3.322s] running install_scripts
[3.363s] Installing vision_node script to /home/tedee/swarm/ros2_ws/install/vision_node/lib/vision_node
[3.363s] writing list of installed files to '/home/tedee/swarm/ros2_ws/build/vision_node/install.log'
[3.458s] Invoked command in '/home/tedee/swarm/ros2_ws/src/vision_node' returned '0': PYTHONPATH=/home/tedee/swarm/ros2_ws/build/vision_node/prefix_override:/usr/lib/python3/dist-packages/colcon_core/task/python/colcon_distutils_commands:/home/tedee/swarm/ros2_ws/install/vision_node/lib/python3.10/site-packages:${PYTHONPATH} /usr/bin/python3 -W ignore:setup.py install is deprecated -W ignore:easy_install command is deprecated setup.py egg_info --egg-base ../../build/vision_node build --build-base /home/tedee/swarm/ros2_ws/build/vision_node/build install --record /home/tedee/swarm/ros2_ws/build/vision_node/install.log --single-version-externally-managed install_data
