[4.064s] Invoking command in '/home/tedee/swarm/ros2_ws/src/role_manager': PYTHONPATH=/home/tedee/swarm/ros2_ws/build/role_manager/prefix_override:/usr/lib/python3/dist-packages/colcon_core/task/python/colcon_distutils_commands:/home/tedee/swarm/ros2_ws/install/role_manager/lib/python3.10/site-packages:${PYTHONPATH} /usr/bin/python3 -W ignore:setup.py install is deprecated -W ignore:easy_install command is deprecated setup.py egg_info --egg-base ../../build/role_manager build --build-base /home/tedee/swarm/ros2_ws/build/role_manager/build install --record /home/tedee/swarm/ros2_ws/build/role_manager/install.log --single-version-externally-managed install_data
[4.648s] running egg_info
[4.649s] writing ../../build/role_manager/role_manager.egg-info/PKG-INFO
[4.650s] writing dependency_links to ../../build/role_manager/role_manager.egg-info/dependency_links.txt
[4.650s] writing entry points to ../../build/role_manager/role_manager.egg-info/entry_points.txt
[4.650s] writing requirements to ../../build/role_manager/role_manager.egg-info/requires.txt
[4.650s] writing top-level names to ../../build/role_manager/role_manager.egg-info/top_level.txt
[4.653s] reading manifest file '../../build/role_manager/role_manager.egg-info/SOURCES.txt'
[4.655s] writing manifest file '../../build/role_manager/role_manager.egg-info/SOURCES.txt'
[4.656s] running build
[4.656s] running build_py
[4.656s] copying role_manager/role_manager_node.py -> /home/tedee/swarm/ros2_ws/build/role_manager/build/lib/role_manager
[4.656s] running install
[4.657s] running install_lib
[4.658s] copying /home/tedee/swarm/ros2_ws/build/role_manager/build/lib/role_manager/role_manager_node.py -> /home/tedee/swarm/ros2_ws/install/role_manager/lib/python3.10/site-packages/role_manager
[4.659s] byte-compiling /home/tedee/swarm/ros2_ws/install/role_manager/lib/python3.10/site-packages/role_manager/role_manager_node.py to role_manager_node.cpython-310.pyc
[4.661s] running install_data
[4.661s] running install_egg_info
[4.665s] removing '/home/tedee/swarm/ros2_ws/install/role_manager/lib/python3.10/site-packages/role_manager-0.0.0-py3.10.egg-info' (and everything under it)
[4.665s] Copying ../../build/role_manager/role_manager.egg-info to /home/tedee/swarm/ros2_ws/install/role_manager/lib/python3.10/site-packages/role_manager-0.0.0-py3.10.egg-info
[4.666s] running install_scripts
[4.705s] Installing role_manager_node script to /home/tedee/swarm/ros2_ws/install/role_manager/lib/role_manager
[4.706s] writing list of installed files to '/home/tedee/swarm/ros2_ws/build/role_manager/install.log'
[4.795s] Invoked command in '/home/tedee/swarm/ros2_ws/src/role_manager' returned '0': PYTHONPATH=/home/tedee/swarm/ros2_ws/build/role_manager/prefix_override:/usr/lib/python3/dist-packages/colcon_core/task/python/colcon_distutils_commands:/home/tedee/swarm/ros2_ws/install/role_manager/lib/python3.10/site-packages:${PYTHONPATH} /usr/bin/python3 -W ignore:setup.py install is deprecated -W ignore:easy_install command is deprecated setup.py egg_info --egg-base ../../build/role_manager build --build-base /home/tedee/swarm/ros2_ws/build/role_manager/build install --record /home/tedee/swarm/ros2_ws/build/role_manager/install.log --single-version-externally-managed install_data
