running egg_info
creating ../../build/vision_node/vision_node.egg-info
writing ../../build/vision_node/vision_node.egg-info/PKG-INFO
writing dependency_links to ../../build/vision_node/vision_node.egg-info/dependency_links.txt
writing entry points to ../../build/vision_node/vision_node.egg-info/entry_points.txt
writing requirements to ../../build/vision_node/vision_node.egg-info/requires.txt
writing top-level names to ../../build/vision_node/vision_node.egg-info/top_level.txt
writing manifest file '../../build/vision_node/vision_node.egg-info/SOURCES.txt'
reading manifest file '../../build/vision_node/vision_node.egg-info/SOURCES.txt'
writing manifest file '../../build/vision_node/vision_node.egg-info/SOURCES.txt'
running build
running build_py
creating /home/tedee/swarm/ros2_ws/build/vision_node/build
creating /home/tedee/swarm/ros2_ws/build/vision_node/build/lib
creating /home/tedee/swarm/ros2_ws/build/vision_node/build/lib/vision_node
copying vision_node/__init__.py -> /home/tedee/swarm/ros2_ws/build/vision_node/build/lib/vision_node
copying vision_node/vision_node.py -> /home/tedee/swarm/ros2_ws/build/vision_node/build/lib/vision_node
running install
running install_lib
creating /home/tedee/swarm/ros2_ws/install/vision_node/lib/python3.10/site-packages/vision_node
copying /home/tedee/swarm/ros2_ws/build/vision_node/build/lib/vision_node/__init__.py -> /home/tedee/swarm/ros2_ws/install/vision_node/lib/python3.10/site-packages/vision_node
copying /home/tedee/swarm/ros2_ws/build/vision_node/build/lib/vision_node/vision_node.py -> /home/tedee/swarm/ros2_ws/install/vision_node/lib/python3.10/site-packages/vision_node
byte-compiling /home/tedee/swarm/ros2_ws/install/vision_node/lib/python3.10/site-packages/vision_node/__init__.py to __init__.cpython-310.pyc
byte-compiling /home/tedee/swarm/ros2_ws/install/vision_node/lib/python3.10/site-packages/vision_node/vision_node.py to vision_node.cpython-310.pyc
running install_data
creating /home/tedee/swarm/ros2_ws/install/vision_node/share/ament_index
creating /home/tedee/swarm/ros2_ws/install/vision_node/share/ament_index/resource_index
creating /home/tedee/swarm/ros2_ws/install/vision_node/share/ament_index/resource_index/packages
copying resource/vision_node -> /home/tedee/swarm/ros2_ws/install/vision_node/share/ament_index/resource_index/packages
copying package.xml -> /home/tedee/swarm/ros2_ws/install/vision_node/share/vision_node
creating /home/tedee/swarm/ros2_ws/install/vision_node/share/vision_node/camera
copying resource/camera/default.ros2 -> /home/tedee/swarm/ros2_ws/install/vision_node/share/vision_node/camera
running install_egg_info
Copying ../../build/vision_node/vision_node.egg-info to /home/tedee/swarm/ros2_ws/install/vision_node/lib/python3.10/site-packages/vision_node-0.0.0-py3.10.egg-info
running install_scripts
Installing vision_node script to /home/tedee/swarm/ros2_ws/install/vision_node/lib/vision_node
writing list of installed files to '/home/tedee/swarm/ros2_ws/build/vision_node/install.log'
