[2.292s] Invoking command in '/home/tedee/swarm/ros2_ws/src/vision_node': PYTHONPATH=/home/tedee/swarm/ros2_ws/build/vision_node/prefix_override:/usr/lib/python3/dist-packages/colcon_core/task/python/colcon_distutils_commands:/home/tedee/swarm/ros2_ws/install/vision_node/lib/python3.10/site-packages:${PYTHONPATH} /usr/bin/python3 -W ignore:setup.py install is deprecated -W ignore:easy_install command is deprecated setup.py egg_info --egg-base ../../build/vision_node build --build-base /home/tedee/swarm/ros2_ws/build/vision_node/build install --record /home/tedee/swarm/ros2_ws/build/vision_node/install.log --single-version-externally-managed install_data
[2.811s] running egg_info
[2.812s] creating ../../build/vision_node/vision_node.egg-info
[2.812s] writing ../../build/vision_node/vision_node.egg-info/PKG-INFO
[2.813s] writing dependency_links to ../../build/vision_node/vision_node.egg-info/dependency_links.txt
[2.813s] writing entry points to ../../build/vision_node/vision_node.egg-info/entry_points.txt
[2.813s] writing requirements to ../../build/vision_node/vision_node.egg-info/requires.txt
[2.813s] writing top-level names to ../../build/vision_node/vision_node.egg-info/top_level.txt
[2.814s] writing manifest file '../../build/vision_node/vision_node.egg-info/SOURCES.txt'
[2.816s] reading manifest file '../../build/vision_node/vision_node.egg-info/SOURCES.txt'
[2.817s] writing manifest file '../../build/vision_node/vision_node.egg-info/SOURCES.txt'
[2.817s] running build
[2.818s] running build_py
[2.818s] creating /home/tedee/swarm/ros2_ws/build/vision_node/build
[2.818s] creating /home/tedee/swarm/ros2_ws/build/vision_node/build/lib
[2.819s] creating /home/tedee/swarm/ros2_ws/build/vision_node/build/lib/vision_node
[2.819s] copying vision_node/__init__.py -> /home/tedee/swarm/ros2_ws/build/vision_node/build/lib/vision_node
[2.819s] copying vision_node/vision_node.py -> /home/tedee/swarm/ros2_ws/build/vision_node/build/lib/vision_node
[2.819s] running install
[2.819s] running install_lib
[2.820s] creating /home/tedee/swarm/ros2_ws/install/vision_node/lib/python3.10/site-packages/vision_node
[2.820s] copying /home/tedee/swarm/ros2_ws/build/vision_node/build/lib/vision_node/__init__.py -> /home/tedee/swarm/ros2_ws/install/vision_node/lib/python3.10/site-packages/vision_node
[2.820s] copying /home/tedee/swarm/ros2_ws/build/vision_node/build/lib/vision_node/vision_node.py -> /home/tedee/swarm/ros2_ws/install/vision_node/lib/python3.10/site-packages/vision_node
[2.821s] byte-compiling /home/tedee/swarm/ros2_ws/install/vision_node/lib/python3.10/site-packages/vision_node/__init__.py to __init__.cpython-310.pyc
[2.821s] byte-compiling /home/tedee/swarm/ros2_ws/install/vision_node/lib/python3.10/site-packages/vision_node/vision_node.py to vision_node.cpython-310.pyc
[2.824s] running install_data
[2.824s] creating /home/tedee/swarm/ros2_ws/install/vision_node/share/ament_index
[2.824s] creating /home/tedee/swarm/ros2_ws/install/vision_node/share/ament_index/resource_index
[2.824s] creating /home/tedee/swarm/ros2_ws/install/vision_node/share/ament_index/resource_index/packages
[2.824s] copying resource/vision_node -> /home/tedee/swarm/ros2_ws/install/vision_node/share/ament_index/resource_index/packages
[2.825s] copying package.xml -> /home/tedee/swarm/ros2_ws/install/vision_node/share/vision_node
[2.825s] creating /home/tedee/swarm/ros2_ws/install/vision_node/share/vision_node/camera
[2.825s] copying resource/camera/default.ros2 -> /home/tedee/swarm/ros2_ws/install/vision_node/share/vision_node/camera
[2.825s] running install_egg_info
[2.828s] Copying ../../build/vision_node/vision_node.egg-info to /home/tedee/swarm/ros2_ws/install/vision_node/lib/python3.10/site-packages/vision_node-0.0.0-py3.10.egg-info
[2.829s] running install_scripts
[2.868s] Installing vision_node script to /home/tedee/swarm/ros2_ws/install/vision_node/lib/vision_node
[2.869s] writing list of installed files to '/home/tedee/swarm/ros2_ws/build/vision_node/install.log'
[2.927s] Invoked command in '/home/tedee/swarm/ros2_ws/src/vision_node' returned '0': PYTHONPATH=/home/tedee/swarm/ros2_ws/build/vision_node/prefix_override:/usr/lib/python3/dist-packages/colcon_core/task/python/colcon_distutils_commands:/home/tedee/swarm/ros2_ws/install/vision_node/lib/python3.10/site-packages:${PYTHONPATH} /usr/bin/python3 -W ignore:setup.py install is deprecated -W ignore:easy_install command is deprecated setup.py egg_info --egg-base ../../build/vision_node build --build-base /home/tedee/swarm/ros2_ws/build/vision_node/build install --record /home/tedee/swarm/ros2_ws/build/vision_node/install.log --single-version-externally-managed install_data
