[3.600s] Invoking command in '/home/tedee/swarm/ros2_ws/src/path_planner': PYTHONPATH=/home/tedee/swarm/ros2_ws/build/path_planner/prefix_override:/usr/lib/python3/dist-packages/colcon_core/task/python/colcon_distutils_commands:/home/tedee/swarm/ros2_ws/install/path_planner/lib/python3.10/site-packages:${PYTHONPATH} /usr/bin/python3 -W ignore:setup.py install is deprecated -W ignore:easy_install command is deprecated setup.py egg_info --egg-base ../../build/path_planner build --build-base /home/tedee/swarm/ros2_ws/build/path_planner/build install --record /home/tedee/swarm/ros2_ws/build/path_planner/install.log --single-version-externally-managed install_data
[4.156s] running egg_info
[4.157s] writing ../../build/path_planner/path_planner.egg-info/PKG-INFO
[4.157s] writing dependency_links to ../../build/path_planner/path_planner.egg-info/dependency_links.txt
[4.157s] writing entry points to ../../build/path_planner/path_planner.egg-info/entry_points.txt
[4.157s] writing requirements to ../../build/path_planner/path_planner.egg-info/requires.txt
[4.158s] writing top-level names to ../../build/path_planner/path_planner.egg-info/top_level.txt
[4.160s] reading manifest file '../../build/path_planner/path_planner.egg-info/SOURCES.txt'
[4.161s] writing manifest file '../../build/path_planner/path_planner.egg-info/SOURCES.txt'
[4.161s] running build
[4.162s] running build_py
[4.162s] running install
[4.162s] running install_lib
[4.165s] running install_data
[4.165s] running install_egg_info
[4.169s] removing '/home/tedee/swarm/ros2_ws/install/path_planner/lib/python3.10/site-packages/path_planner-0.0.0-py3.10.egg-info' (and everything under it)
[4.170s] Copying ../../build/path_planner/path_planner.egg-info to /home/tedee/swarm/ros2_ws/install/path_planner/lib/python3.10/site-packages/path_planner-0.0.0-py3.10.egg-info
[4.171s] running install_scripts
[4.211s] Installing path_planner_node script to /home/tedee/swarm/ros2_ws/install/path_planner/lib/path_planner
[4.211s] writing list of installed files to '/home/tedee/swarm/ros2_ws/build/path_planner/install.log'
[4.314s] Invoked command in '/home/tedee/swarm/ros2_ws/src/path_planner' returned '0': PYTHONPATH=/home/tedee/swarm/ros2_ws/build/path_planner/prefix_override:/usr/lib/python3/dist-packages/colcon_core/task/python/colcon_distutils_commands:/home/tedee/swarm/ros2_ws/install/path_planner/lib/python3.10/site-packages:${PYTHONPATH} /usr/bin/python3 -W ignore:setup.py install is deprecated -W ignore:easy_install command is deprecated setup.py egg_info --egg-base ../../build/path_planner build --build-base /home/tedee/swarm/ros2_ws/build/path_planner/build install --record /home/tedee/swarm/ros2_ws/build/path_planner/install.log --single-version-externally-managed install_data
