[0.197s] DEBUG:colcon:Command line arguments: ['/usr/bin/colcon', 'build']
[0.198s] DEBUG:colcon:Parsed command line arguments: Namespace(log_base=None, log_level=None, verb_name='build', build_base='build', install_base='install', merge_install=False, symlink_install=False, test_result_base=None, continue_on_error=False, executor='parallel', parallel_workers=20, event_handlers=None, ignore_user_meta=False, metas=['./colcon.meta'], base_paths=['.'], packages_ignore=None, packages_ignore_regex=None, paths=None, packages_up_to=None, packages_up_to_regex=None, packages_above=None, packages_above_and_dependencies=None, packages_above_depth=None, packages_select_by_dep=None, packages_skip_by_dep=None, packages_skip_up_to=None, packages_select_build_failed=False, packages_skip_build_finished=False, packages_select_test_failures=False, packages_skip_test_passed=False, packages_select=None, packages_skip=None, packages_select_regex=None, packages_skip_regex=None, packages_start=None, packages_end=None, allow_overriding=[], cmake_args=None, cmake_target=None, cmake_target_skip_unavailable=False, cmake_clean_cache=False, cmake_clean_first=False, cmake_force_configure=False, ament_cmake_args=None, catkin_cmake_args=None, catkin_skip_building_tests=False, mixin_files=None, mixin=None, verb_parser=<colcon_mixin.mixin.mixin_argument.MixinArgumentDecorator object at 0x7c76110230a0>, verb_extension=<colcon_core.verb.build.BuildVerb object at 0x7c7611022b00>, main=<bound method BuildVerb.main of <colcon_core.verb.build.BuildVerb object at 0x7c7611022b00>>, mixin_verb=('build',))
[0.549s] Level 1:colcon.colcon_core.package_discovery:discover_packages(colcon_meta) check parameters
[0.549s] Level 1:colcon.colcon_core.package_discovery:discover_packages(recursive) check parameters
[0.549s] Level 1:colcon.colcon_core.package_discovery:discover_packages(ignore) check parameters
[0.550s] Level 1:colcon.colcon_core.package_discovery:discover_packages(path) check parameters
[0.550s] Level 1:colcon.colcon_core.package_discovery:discover_packages(colcon_meta) discover
[0.550s] Level 1:colcon.colcon_core.package_discovery:discover_packages(recursive) discover
[0.550s] INFO:colcon.colcon_core.package_discovery:Crawling recursively for packages in '/home/tedee/swarm/ros2_ws'
[0.550s] Level 1:colcon.colcon_core.package_identification:_identify(.) by extensions ['ignore', 'ignore_ament_install']
[0.550s] Level 1:colcon.colcon_core.package_identification:_identify(.) by extension 'ignore'
[0.550s] Level 1:colcon.colcon_core.package_identification:_identify(.) by extension 'ignore_ament_install'
[0.550s] Level 1:colcon.colcon_core.package_identification:_identify(.) by extensions ['colcon_pkg']
[0.550s] Level 1:colcon.colcon_core.package_identification:_identify(.) by extension 'colcon_pkg'
[0.550s] Level 1:colcon.colcon_core.package_identification:_identify(.) by extensions ['colcon_meta']
[0.550s] Level 1:colcon.colcon_core.package_identification:_identify(.) by extension 'colcon_meta'
[0.550s] Level 1:colcon.colcon_core.package_identification:_identify(.) by extensions ['ros']
[0.551s] Level 1:colcon.colcon_core.package_identification:_identify(.) by extension 'ros'
[0.582s] Level 1:colcon.colcon_core.package_identification:_identify(.) by extensions ['cmake', 'python']
[0.582s] Level 1:colcon.colcon_core.package_identification:_identify(.) by extension 'cmake'
[0.582s] Level 1:colcon.colcon_core.package_identification:_identify(.) by extension 'python'
[0.582s] Level 1:colcon.colcon_core.package_identification:_identify(.) by extensions ['python_setup_py']
[0.582s] Level 1:colcon.colcon_core.package_identification:_identify(.) by extension 'python_setup_py'
[0.582s] Level 1:colcon.colcon_core.package_identification:_identify(build) by extensions ['ignore', 'ignore_ament_install']
[0.582s] Level 1:colcon.colcon_core.package_identification:_identify(build) by extension 'ignore'
[0.582s] Level 1:colcon.colcon_core.package_identification:_identify(build) ignored
[0.583s] Level 1:colcon.colcon_core.package_identification:_identify(install) by extensions ['ignore', 'ignore_ament_install']
[0.583s] Level 1:colcon.colcon_core.package_identification:_identify(install) by extension 'ignore'
[0.583s] Level 1:colcon.colcon_core.package_identification:_identify(install) ignored
[0.583s] Level 1:colcon.colcon_core.package_identification:_identify(log) by extensions ['ignore', 'ignore_ament_install']
[0.583s] Level 1:colcon.colcon_core.package_identification:_identify(log) by extension 'ignore'
[0.583s] Level 1:colcon.colcon_core.package_identification:_identify(log) ignored
[0.583s] Level 1:colcon.colcon_core.package_identification:_identify(src) by extensions ['ignore', 'ignore_ament_install']
[0.583s] Level 1:colcon.colcon_core.package_identification:_identify(src) by extension 'ignore'
[0.584s] Level 1:colcon.colcon_core.package_identification:_identify(src) by extension 'ignore_ament_install'
[0.584s] Level 1:colcon.colcon_core.package_identification:_identify(src) by extensions ['colcon_pkg']
[0.584s] Level 1:colcon.colcon_core.package_identification:_identify(src) by extension 'colcon_pkg'
[0.584s] Level 1:colcon.colcon_core.package_identification:_identify(src) by extensions ['colcon_meta']
[0.584s] Level 1:colcon.colcon_core.package_identification:_identify(src) by extension 'colcon_meta'
[0.584s] Level 1:colcon.colcon_core.package_identification:_identify(src) by extensions ['ros']
[0.584s] Level 1:colcon.colcon_core.package_identification:_identify(src) by extension 'ros'
[0.584s] Level 1:colcon.colcon_core.package_identification:_identify(src) by extensions ['cmake', 'python']
[0.584s] Level 1:colcon.colcon_core.package_identification:_identify(src) by extension 'cmake'
[0.584s] Level 1:colcon.colcon_core.package_identification:_identify(src) by extension 'python'
[0.584s] Level 1:colcon.colcon_core.package_identification:_identify(src) by extensions ['python_setup_py']
[0.584s] Level 1:colcon.colcon_core.package_identification:_identify(src) by extension 'python_setup_py'
[0.584s] Level 1:colcon.colcon_core.package_identification:_identify(src/aruco) by extensions ['ignore', 'ignore_ament_install']
[0.584s] Level 1:colcon.colcon_core.package_identification:_identify(src/aruco) by extension 'ignore'
[0.585s] Level 1:colcon.colcon_core.package_identification:_identify(src/aruco) by extension 'ignore_ament_install'
[0.585s] Level 1:colcon.colcon_core.package_identification:_identify(src/aruco) by extensions ['colcon_pkg']
[0.585s] Level 1:colcon.colcon_core.package_identification:_identify(src/aruco) by extension 'colcon_pkg'
[0.585s] Level 1:colcon.colcon_core.package_identification:_identify(src/aruco) by extensions ['colcon_meta']
[0.585s] Level 1:colcon.colcon_core.package_identification:_identify(src/aruco) by extension 'colcon_meta'
[0.585s] Level 1:colcon.colcon_core.package_identification:_identify(src/aruco) by extensions ['ros']
[0.585s] Level 1:colcon.colcon_core.package_identification:_identify(src/aruco) by extension 'ros'
[0.585s] Level 1:colcon.colcon_core.package_identification:_identify(src/aruco) by extensions ['cmake', 'python']
[0.585s] Level 1:colcon.colcon_core.package_identification:_identify(src/aruco) by extension 'cmake'
[0.585s] Level 1:colcon.colcon_core.package_identification:_identify(src/aruco) by extension 'python'
[0.585s] Level 1:colcon.colcon_core.package_identification:_identify(src/aruco) by extensions ['python_setup_py']
[0.585s] Level 1:colcon.colcon_core.package_identification:_identify(src/aruco) by extension 'python_setup_py'
[0.585s] Level 1:colcon.colcon_core.package_identification:_identify(src/path_executor) by extensions ['ignore', 'ignore_ament_install']
[0.585s] Level 1:colcon.colcon_core.package_identification:_identify(src/path_executor) by extension 'ignore'
[0.585s] Level 1:colcon.colcon_core.package_identification:_identify(src/path_executor) by extension 'ignore_ament_install'
[0.586s] Level 1:colcon.colcon_core.package_identification:_identify(src/path_executor) by extensions ['colcon_pkg']
[0.586s] Level 1:colcon.colcon_core.package_identification:_identify(src/path_executor) by extension 'colcon_pkg'
[0.586s] Level 1:colcon.colcon_core.package_identification:_identify(src/path_executor) by extensions ['colcon_meta']
[0.586s] Level 1:colcon.colcon_core.package_identification:_identify(src/path_executor) by extension 'colcon_meta'
[0.586s] Level 1:colcon.colcon_core.package_identification:_identify(src/path_executor) by extensions ['ros']
[0.586s] Level 1:colcon.colcon_core.package_identification:_identify(src/path_executor) by extension 'ros'
[0.590s] DEBUG:colcon.colcon_core.package_identification:Package 'src/path_executor' with type 'ros.ament_python' and name 'path_executor'
[0.590s] Level 1:colcon.colcon_core.package_identification:_identify(src/path_planner) by extensions ['ignore', 'ignore_ament_install']
[0.590s] Level 1:colcon.colcon_core.package_identification:_identify(src/path_planner) by extension 'ignore'
[0.590s] Level 1:colcon.colcon_core.package_identification:_identify(src/path_planner) by extension 'ignore_ament_install'
[0.590s] Level 1:colcon.colcon_core.package_identification:_identify(src/path_planner) by extensions ['colcon_pkg']
[0.590s] Level 1:colcon.colcon_core.package_identification:_identify(src/path_planner) by extension 'colcon_pkg'
[0.590s] Level 1:colcon.colcon_core.package_identification:_identify(src/path_planner) by extensions ['colcon_meta']
[0.590s] Level 1:colcon.colcon_core.package_identification:_identify(src/path_planner) by extension 'colcon_meta'
[0.591s] Level 1:colcon.colcon_core.package_identification:_identify(src/path_planner) by extensions ['ros']
[0.591s] Level 1:colcon.colcon_core.package_identification:_identify(src/path_planner) by extension 'ros'
[0.592s] DEBUG:colcon.colcon_core.package_identification:Package 'src/path_planner' with type 'ros.ament_python' and name 'path_planner'
[0.592s] Level 1:colcon.colcon_core.package_identification:_identify(src/rviz2) by extensions ['ignore', 'ignore_ament_install']
[0.592s] Level 1:colcon.colcon_core.package_identification:_identify(src/rviz2) by extension 'ignore'
[0.592s] Level 1:colcon.colcon_core.package_identification:_identify(src/rviz2) by extension 'ignore_ament_install'
[0.592s] Level 1:colcon.colcon_core.package_identification:_identify(src/rviz2) by extensions ['colcon_pkg']
[0.592s] Level 1:colcon.colcon_core.package_identification:_identify(src/rviz2) by extension 'colcon_pkg'
[0.592s] Level 1:colcon.colcon_core.package_identification:_identify(src/rviz2) by extensions ['colcon_meta']
[0.592s] Level 1:colcon.colcon_core.package_identification:_identify(src/rviz2) by extension 'colcon_meta'
[0.592s] Level 1:colcon.colcon_core.package_identification:_identify(src/rviz2) by extensions ['ros']
[0.592s] Level 1:colcon.colcon_core.package_identification:_identify(src/rviz2) by extension 'ros'
[0.593s] Level 1:colcon.colcon_core.package_identification:_identify(src/rviz2) by extensions ['cmake', 'python']
[0.593s] Level 1:colcon.colcon_core.package_identification:_identify(src/rviz2) by extension 'cmake'
[0.593s] Level 1:colcon.colcon_core.package_identification:_identify(src/rviz2) by extension 'python'
[0.593s] Level 1:colcon.colcon_core.package_identification:_identify(src/rviz2) by extensions ['python_setup_py']
[0.593s] Level 1:colcon.colcon_core.package_identification:_identify(src/rviz2) by extension 'python_setup_py'
[0.593s] Level 1:colcon.colcon_core.package_identification:_identify(src/swarm_launch) by extensions ['ignore', 'ignore_ament_install']
[0.593s] Level 1:colcon.colcon_core.package_identification:_identify(src/swarm_launch) by extension 'ignore'
[0.593s] Level 1:colcon.colcon_core.package_identification:_identify(src/swarm_launch) by extension 'ignore_ament_install'
[0.593s] Level 1:colcon.colcon_core.package_identification:_identify(src/swarm_launch) by extensions ['colcon_pkg']
[0.593s] Level 1:colcon.colcon_core.package_identification:_identify(src/swarm_launch) by extension 'colcon_pkg'
[0.593s] Level 1:colcon.colcon_core.package_identification:_identify(src/swarm_launch) by extensions ['colcon_meta']
[0.593s] Level 1:colcon.colcon_core.package_identification:_identify(src/swarm_launch) by extension 'colcon_meta'
[0.593s] Level 1:colcon.colcon_core.package_identification:_identify(src/swarm_launch) by extensions ['ros']
[0.593s] Level 1:colcon.colcon_core.package_identification:_identify(src/swarm_launch) by extension 'ros'
[0.594s] DEBUG:colcon.colcon_core.package_identification:Package 'src/swarm_launch' with type 'ros.ament_python' and name 'swarm_launch'
[0.595s] Level 1:colcon.colcon_core.package_identification:_identify(src/vision_node) by extensions ['ignore', 'ignore_ament_install']
[0.595s] Level 1:colcon.colcon_core.package_identification:_identify(src/vision_node) by extension 'ignore'
[0.595s] Level 1:colcon.colcon_core.package_identification:_identify(src/vision_node) by extension 'ignore_ament_install'
[0.595s] Level 1:colcon.colcon_core.package_identification:_identify(src/vision_node) by extensions ['colcon_pkg']
[0.595s] Level 1:colcon.colcon_core.package_identification:_identify(src/vision_node) by extension 'colcon_pkg'
[0.595s] Level 1:colcon.colcon_core.package_identification:_identify(src/vision_node) by extensions ['colcon_meta']
[0.595s] Level 1:colcon.colcon_core.package_identification:_identify(src/vision_node) by extension 'colcon_meta'
[0.595s] Level 1:colcon.colcon_core.package_identification:_identify(src/vision_node) by extensions ['ros']
[0.595s] Level 1:colcon.colcon_core.package_identification:_identify(src/vision_node) by extension 'ros'
[0.596s] DEBUG:colcon.colcon_core.package_identification:Package 'src/vision_node' with type 'ros.ament_python' and name 'vision_node'
[0.596s] Level 1:colcon.colcon_core.package_discovery:discover_packages(recursive) using defaults
[0.596s] Level 1:colcon.colcon_core.package_discovery:discover_packages(ignore) discover
[0.596s] Level 1:colcon.colcon_core.package_discovery:discover_packages(ignore) using defaults
[0.596s] Level 1:colcon.colcon_core.package_discovery:discover_packages(path) discover
[0.596s] Level 1:colcon.colcon_core.package_discovery:discover_packages(path) using defaults
[0.635s] Level 1:colcon.colcon_core.package_discovery:discover_packages(prefix_path) check parameters
[0.636s] Level 1:colcon.colcon_core.package_discovery:discover_packages(prefix_path) discover
[0.639s] DEBUG:colcon.colcon_installed_package_information.package_discovery:Found 4 installed packages in /home/tedee/swarm/ros2_ws/install
[0.640s] DEBUG:colcon.colcon_installed_package_information.package_discovery:Found 20 installed packages in /home/tedee/ros2_ws/install
[0.642s] DEBUG:colcon.colcon_installed_package_information.package_discovery:Found 314 installed packages in /opt/ros/humble
[0.645s] Level 1:colcon.colcon_core.package_discovery:discover_packages(prefix_path) using defaults
[0.711s] Level 5:colcon.colcon_core.verb:set package 'path_executor' build argument 'cmake_args' from command line to 'None'
[0.711s] Level 5:colcon.colcon_core.verb:set package 'path_executor' build argument 'cmake_target' from command line to 'None'
[0.711s] Level 5:colcon.colcon_core.verb:set package 'path_executor' build argument 'cmake_target_skip_unavailable' from command line to 'False'
[0.711s] Level 5:colcon.colcon_core.verb:set package 'path_executor' build argument 'cmake_clean_cache' from command line to 'False'
[0.711s] Level 5:colcon.colcon_core.verb:set package 'path_executor' build argument 'cmake_clean_first' from command line to 'False'
[0.711s] Level 5:colcon.colcon_core.verb:set package 'path_executor' build argument 'cmake_force_configure' from command line to 'False'
[0.711s] Level 5:colcon.colcon_core.verb:set package 'path_executor' build argument 'ament_cmake_args' from command line to 'None'
[0.711s] Level 5:colcon.colcon_core.verb:set package 'path_executor' build argument 'catkin_cmake_args' from command line to 'None'
[0.711s] Level 5:colcon.colcon_core.verb:set package 'path_executor' build argument 'catkin_skip_building_tests' from command line to 'False'
[0.711s] DEBUG:colcon.colcon_core.verb:Building package 'path_executor' with the following arguments: {'ament_cmake_args': None, 'build_base': '/home/tedee/swarm/ros2_ws/build/path_executor', 'catkin_cmake_args': None, 'catkin_skip_building_tests': False, 'cmake_args': None, 'cmake_clean_cache': False, 'cmake_clean_first': False, 'cmake_force_configure': False, 'cmake_target': None, 'cmake_target_skip_unavailable': False, 'install_base': '/home/tedee/swarm/ros2_ws/install/path_executor', 'merge_install': False, 'path': '/home/tedee/swarm/ros2_ws/src/path_executor', 'symlink_install': False, 'test_result_base': None}
[0.712s] Level 5:colcon.colcon_core.verb:set package 'path_planner' build argument 'cmake_args' from command line to 'None'
[0.712s] Level 5:colcon.colcon_core.verb:set package 'path_planner' build argument 'cmake_target' from command line to 'None'
[0.712s] Level 5:colcon.colcon_core.verb:set package 'path_planner' build argument 'cmake_target_skip_unavailable' from command line to 'False'
[0.712s] Level 5:colcon.colcon_core.verb:set package 'path_planner' build argument 'cmake_clean_cache' from command line to 'False'
[0.712s] Level 5:colcon.colcon_core.verb:set package 'path_planner' build argument 'cmake_clean_first' from command line to 'False'
[0.712s] Level 5:colcon.colcon_core.verb:set package 'path_planner' build argument 'cmake_force_configure' from command line to 'False'
[0.712s] Level 5:colcon.colcon_core.verb:set package 'path_planner' build argument 'ament_cmake_args' from command line to 'None'
[0.712s] Level 5:colcon.colcon_core.verb:set package 'path_planner' build argument 'catkin_cmake_args' from command line to 'None'
[0.712s] Level 5:colcon.colcon_core.verb:set package 'path_planner' build argument 'catkin_skip_building_tests' from command line to 'False'
[0.712s] DEBUG:colcon.colcon_core.verb:Building package 'path_planner' with the following arguments: {'ament_cmake_args': None, 'build_base': '/home/tedee/swarm/ros2_ws/build/path_planner', 'catkin_cmake_args': None, 'catkin_skip_building_tests': False, 'cmake_args': None, 'cmake_clean_cache': False, 'cmake_clean_first': False, 'cmake_force_configure': False, 'cmake_target': None, 'cmake_target_skip_unavailable': False, 'install_base': '/home/tedee/swarm/ros2_ws/install/path_planner', 'merge_install': False, 'path': '/home/tedee/swarm/ros2_ws/src/path_planner', 'symlink_install': False, 'test_result_base': None}
[0.713s] Level 5:colcon.colcon_core.verb:set package 'swarm_launch' build argument 'cmake_args' from command line to 'None'
[0.713s] Level 5:colcon.colcon_core.verb:set package 'swarm_launch' build argument 'cmake_target' from command line to 'None'
[0.713s] Level 5:colcon.colcon_core.verb:set package 'swarm_launch' build argument 'cmake_target_skip_unavailable' from command line to 'False'
[0.713s] Level 5:colcon.colcon_core.verb:set package 'swarm_launch' build argument 'cmake_clean_cache' from command line to 'False'
[0.713s] Level 5:colcon.colcon_core.verb:set package 'swarm_launch' build argument 'cmake_clean_first' from command line to 'False'
[0.713s] Level 5:colcon.colcon_core.verb:set package 'swarm_launch' build argument 'cmake_force_configure' from command line to 'False'
[0.713s] Level 5:colcon.colcon_core.verb:set package 'swarm_launch' build argument 'ament_cmake_args' from command line to 'None'
[0.713s] Level 5:colcon.colcon_core.verb:set package 'swarm_launch' build argument 'catkin_cmake_args' from command line to 'None'
[0.713s] Level 5:colcon.colcon_core.verb:set package 'swarm_launch' build argument 'catkin_skip_building_tests' from command line to 'False'
[0.713s] DEBUG:colcon.colcon_core.verb:Building package 'swarm_launch' with the following arguments: {'ament_cmake_args': None, 'build_base': '/home/tedee/swarm/ros2_ws/build/swarm_launch', 'catkin_cmake_args': None, 'catkin_skip_building_tests': False, 'cmake_args': None, 'cmake_clean_cache': False, 'cmake_clean_first': False, 'cmake_force_configure': False, 'cmake_target': None, 'cmake_target_skip_unavailable': False, 'install_base': '/home/tedee/swarm/ros2_ws/install/swarm_launch', 'merge_install': False, 'path': '/home/tedee/swarm/ros2_ws/src/swarm_launch', 'symlink_install': False, 'test_result_base': None}
[0.714s] Level 5:colcon.colcon_core.verb:set package 'vision_node' build argument 'cmake_args' from command line to 'None'
[0.714s] Level 5:colcon.colcon_core.verb:set package 'vision_node' build argument 'cmake_target' from command line to 'None'
[0.714s] Level 5:colcon.colcon_core.verb:set package 'vision_node' build argument 'cmake_target_skip_unavailable' from command line to 'False'
[0.714s] Level 5:colcon.colcon_core.verb:set package 'vision_node' build argument 'cmake_clean_cache' from command line to 'False'
[0.714s] Level 5:colcon.colcon_core.verb:set package 'vision_node' build argument 'cmake_clean_first' from command line to 'False'
[0.714s] Level 5:colcon.colcon_core.verb:set package 'vision_node' build argument 'cmake_force_configure' from command line to 'False'
[0.714s] Level 5:colcon.colcon_core.verb:set package 'vision_node' build argument 'ament_cmake_args' from command line to 'None'
[0.714s] Level 5:colcon.colcon_core.verb:set package 'vision_node' build argument 'catkin_cmake_args' from command line to 'None'
[0.714s] Level 5:colcon.colcon_core.verb:set package 'vision_node' build argument 'catkin_skip_building_tests' from command line to 'False'
[0.714s] DEBUG:colcon.colcon_core.verb:Building package 'vision_node' with the following arguments: {'ament_cmake_args': None, 'build_base': '/home/tedee/swarm/ros2_ws/build/vision_node', 'catkin_cmake_args': None, 'catkin_skip_building_tests': False, 'cmake_args': None, 'cmake_clean_cache': False, 'cmake_clean_first': False, 'cmake_force_configure': False, 'cmake_target': None, 'cmake_target_skip_unavailable': False, 'install_base': '/home/tedee/swarm/ros2_ws/install/vision_node', 'merge_install': False, 'path': '/home/tedee/swarm/ros2_ws/src/vision_node', 'symlink_install': False, 'test_result_base': None}
[0.714s] INFO:colcon.colcon_core.executor:Executing jobs using 'parallel' executor
[0.716s] DEBUG:colcon.colcon_parallel_executor.executor.parallel:run_until_complete
[0.717s] INFO:colcon.colcon_ros.task.ament_python.build:Building ROS package in '/home/tedee/swarm/ros2_ws/src/path_executor' with build type 'ament_python'
[0.717s] Level 1:colcon.colcon_core.shell:create_environment_hook('path_executor', 'ament_prefix_path')
[0.721s] INFO:colcon.colcon_core.plugin_system:Skipping extension 'colcon_core.shell.bat': Not used on non-Windows systems
[0.721s] INFO:colcon.colcon_core.shell:Creating environment hook '/home/tedee/swarm/ros2_ws/install/path_executor/share/path_executor/hook/ament_prefix_path.ps1'
[0.723s] INFO:colcon.colcon_core.shell:Creating environment descriptor '/home/tedee/swarm/ros2_ws/install/path_executor/share/path_executor/hook/ament_prefix_path.dsv'
[0.723s] INFO:colcon.colcon_core.shell:Creating environment hook '/home/tedee/swarm/ros2_ws/install/path_executor/share/path_executor/hook/ament_prefix_path.sh'
[0.724s] INFO:colcon.colcon_core.shell:Skip shell extension 'powershell' for command environment: Not usable outside of PowerShell
[0.725s] DEBUG:colcon.colcon_core.shell:Skip shell extension 'dsv' for command environment
[0.733s] INFO:colcon.colcon_ros.task.ament_python.build:Building ROS package in '/home/tedee/swarm/ros2_ws/src/path_planner' with build type 'ament_python'
[0.733s] Level 1:colcon.colcon_core.shell:create_environment_hook('path_planner', 'ament_prefix_path')
[0.733s] INFO:colcon.colcon_core.shell:Creating environment hook '/home/tedee/swarm/ros2_ws/install/path_planner/share/path_planner/hook/ament_prefix_path.ps1'
[0.734s] INFO:colcon.colcon_core.shell:Creating environment descriptor '/home/tedee/swarm/ros2_ws/install/path_planner/share/path_planner/hook/ament_prefix_path.dsv'
[0.735s] INFO:colcon.colcon_core.shell:Creating environment hook '/home/tedee/swarm/ros2_ws/install/path_planner/share/path_planner/hook/ament_prefix_path.sh'
[0.736s] INFO:colcon.colcon_core.shell:Skip shell extension 'powershell' for command environment: Not usable outside of PowerShell
[0.736s] DEBUG:colcon.colcon_core.shell:Skip shell extension 'dsv' for command environment
[0.743s] INFO:colcon.colcon_ros.task.ament_python.build:Building ROS package in '/home/tedee/swarm/ros2_ws/src/swarm_launch' with build type 'ament_python'
[0.743s] Level 1:colcon.colcon_core.shell:create_environment_hook('swarm_launch', 'ament_prefix_path')
[0.744s] INFO:colcon.colcon_core.shell:Creating environment hook '/home/tedee/swarm/ros2_ws/install/swarm_launch/share/swarm_launch/hook/ament_prefix_path.ps1'
[0.745s] INFO:colcon.colcon_core.shell:Creating environment descriptor '/home/tedee/swarm/ros2_ws/install/swarm_launch/share/swarm_launch/hook/ament_prefix_path.dsv'
[0.745s] INFO:colcon.colcon_core.shell:Creating environment hook '/home/tedee/swarm/ros2_ws/install/swarm_launch/share/swarm_launch/hook/ament_prefix_path.sh'
[0.746s] INFO:colcon.colcon_core.shell:Skip shell extension 'powershell' for command environment: Not usable outside of PowerShell
[0.746s] DEBUG:colcon.colcon_core.shell:Skip shell extension 'dsv' for command environment
[0.754s] INFO:colcon.colcon_ros.task.ament_python.build:Building ROS package in '/home/tedee/swarm/ros2_ws/src/vision_node' with build type 'ament_python'
[0.754s] Level 1:colcon.colcon_core.shell:create_environment_hook('vision_node', 'ament_prefix_path')
[0.754s] INFO:colcon.colcon_core.shell:Creating environment hook '/home/tedee/swarm/ros2_ws/install/vision_node/share/vision_node/hook/ament_prefix_path.ps1'
[0.755s] INFO:colcon.colcon_core.shell:Creating environment descriptor '/home/tedee/swarm/ros2_ws/install/vision_node/share/vision_node/hook/ament_prefix_path.dsv'
[0.756s] INFO:colcon.colcon_core.shell:Creating environment hook '/home/tedee/swarm/ros2_ws/install/vision_node/share/vision_node/hook/ament_prefix_path.sh'
[0.757s] INFO:colcon.colcon_core.shell:Skip shell extension 'powershell' for command environment: Not usable outside of PowerShell
[0.757s] DEBUG:colcon.colcon_core.shell:Skip shell extension 'dsv' for command environment
[1.447s] INFO:colcon.colcon_core.task.python.build:Building Python package in '/home/tedee/swarm/ros2_ws/src/path_executor'
[1.448s] INFO:colcon.colcon_core.shell:Skip shell extension 'powershell' for command environment: Not usable outside of PowerShell
[1.448s] DEBUG:colcon.colcon_core.shell:Skip shell extension 'dsv' for command environment
[2.039s] INFO:colcon.colcon_core.task.python.build:Building Python package in '/home/tedee/swarm/ros2_ws/src/path_planner'
[2.039s] INFO:colcon.colcon_core.shell:Skip shell extension 'powershell' for command environment: Not usable outside of PowerShell
[2.039s] DEBUG:colcon.colcon_core.shell:Skip shell extension 'dsv' for command environment
[2.533s] INFO:colcon.colcon_core.task.python.build:Building Python package in '/home/tedee/swarm/ros2_ws/src/swarm_launch'
[2.533s] INFO:colcon.colcon_core.shell:Skip shell extension 'powershell' for command environment: Not usable outside of PowerShell
[2.533s] DEBUG:colcon.colcon_core.shell:Skip shell extension 'dsv' for command environment
[3.031s] INFO:colcon.colcon_core.task.python.build:Building Python package in '/home/tedee/swarm/ros2_ws/src/vision_node'
[3.031s] INFO:colcon.colcon_core.shell:Skip shell extension 'powershell' for command environment: Not usable outside of PowerShell
[3.031s] DEBUG:colcon.colcon_core.shell:Skip shell extension 'dsv' for command environment
[3.954s] DEBUG:colcon.colcon_core.event_handler.log_command:Invoking command in '/home/tedee/swarm/ros2_ws/src/path_planner': PYTHONPATH=/home/tedee/swarm/ros2_ws/build/path_planner/prefix_override:/usr/lib/python3/dist-packages/colcon_core/task/python/colcon_distutils_commands:/home/tedee/swarm/ros2_ws/install/path_planner/lib/python3.10/site-packages:${PYTHONPATH} /usr/bin/python3 -W ignore:setup.py install is deprecated -W ignore:easy_install command is deprecated setup.py egg_info --egg-base ../../build/path_planner build --build-base /home/tedee/swarm/ros2_ws/build/path_planner/build install --record /home/tedee/swarm/ros2_ws/build/path_planner/install.log --single-version-externally-managed install_data
[3.962s] DEBUG:colcon.colcon_core.event_handler.log_command:Invoking command in '/home/tedee/swarm/ros2_ws/src/swarm_launch': PYTHONPATH=/home/tedee/swarm/ros2_ws/build/swarm_launch/prefix_override:/usr/lib/python3/dist-packages/colcon_core/task/python/colcon_distutils_commands:/home/tedee/swarm/ros2_ws/install/swarm_launch/lib/python3.10/site-packages:${PYTHONPATH} /usr/bin/python3 -W ignore:setup.py install is deprecated -W ignore:easy_install command is deprecated setup.py egg_info --egg-base ../../build/swarm_launch build --build-base /home/tedee/swarm/ros2_ws/build/swarm_launch/build install --record /home/tedee/swarm/ros2_ws/build/swarm_launch/install.log --single-version-externally-managed install_data
[3.977s] DEBUG:colcon.colcon_core.event_handler.log_command:Invoking command in '/home/tedee/swarm/ros2_ws/src/path_executor': PYTHONPATH=/home/tedee/swarm/ros2_ws/build/path_executor/prefix_override:/usr/lib/python3/dist-packages/colcon_core/task/python/colcon_distutils_commands:/home/tedee/swarm/ros2_ws/install/path_executor/lib/python3.10/site-packages:${PYTHONPATH} /usr/bin/python3 -W ignore:setup.py install is deprecated -W ignore:easy_install command is deprecated setup.py egg_info --egg-base ../../build/path_executor build --build-base /home/tedee/swarm/ros2_ws/build/path_executor/build install --record /home/tedee/swarm/ros2_ws/build/path_executor/install.log --single-version-externally-managed install_data
[3.979s] DEBUG:colcon.colcon_core.event_handler.log_command:Invoking command in '/home/tedee/swarm/ros2_ws/src/vision_node': PYTHONPATH=/home/tedee/swarm/ros2_ws/build/vision_node/prefix_override:/usr/lib/python3/dist-packages/colcon_core/task/python/colcon_distutils_commands:/home/tedee/swarm/ros2_ws/install/vision_node/lib/python3.10/site-packages:${PYTHONPATH} /usr/bin/python3 -W ignore:setup.py install is deprecated -W ignore:easy_install command is deprecated setup.py egg_info --egg-base ../../build/vision_node build --build-base /home/tedee/swarm/ros2_ws/build/vision_node/build install --record /home/tedee/swarm/ros2_ws/build/vision_node/install.log --single-version-externally-managed install_data
[4.623s] DEBUG:colcon.colcon_core.event_handler.log_command:Invoked command in '/home/tedee/swarm/ros2_ws/src/path_planner' returned '0': PYTHONPATH=/home/tedee/swarm/ros2_ws/build/path_planner/prefix_override:/usr/lib/python3/dist-packages/colcon_core/task/python/colcon_distutils_commands:/home/tedee/swarm/ros2_ws/install/path_planner/lib/python3.10/site-packages:${PYTHONPATH} /usr/bin/python3 -W ignore:setup.py install is deprecated -W ignore:easy_install command is deprecated setup.py egg_info --egg-base ../../build/path_planner build --build-base /home/tedee/swarm/ros2_ws/build/path_planner/build install --record /home/tedee/swarm/ros2_ws/build/path_planner/install.log --single-version-externally-managed install_data
[4.628s] Level 1:colcon.colcon_core.environment:checking '/home/tedee/swarm/ros2_ws/install/path_planner' for CMake module files
[4.628s] Level 1:colcon.colcon_core.environment:checking '/home/tedee/swarm/ros2_ws/install/path_planner' for CMake config files
[4.630s] Level 1:colcon.colcon_core.environment:checking '/home/tedee/swarm/ros2_ws/install/path_planner/lib'
[4.630s] Level 1:colcon.colcon_core.environment:checking '/home/tedee/swarm/ros2_ws/install/path_planner/bin'
[4.630s] Level 1:colcon.colcon_core.environment:checking '/home/tedee/swarm/ros2_ws/install/path_planner/lib/pkgconfig/path_planner.pc'
[4.631s] Level 1:colcon.colcon_core.environment:checking '/home/tedee/swarm/ros2_ws/install/path_planner/lib/python3.10/site-packages'
[4.631s] Level 1:colcon.colcon_core.shell:create_environment_hook('path_planner', 'pythonpath')
[4.632s] INFO:colcon.colcon_core.shell:Creating environment hook '/home/tedee/swarm/ros2_ws/install/path_planner/share/path_planner/hook/pythonpath.ps1'
[4.634s] INFO:colcon.colcon_core.shell:Creating environment descriptor '/home/tedee/swarm/ros2_ws/install/path_planner/share/path_planner/hook/pythonpath.dsv'
[4.634s] INFO:colcon.colcon_core.shell:Creating environment hook '/home/tedee/swarm/ros2_ws/install/path_planner/share/path_planner/hook/pythonpath.sh'
[4.635s] Level 1:colcon.colcon_core.environment:checking '/home/tedee/swarm/ros2_ws/install/path_planner/bin'
[4.636s] Level 1:colcon.colcon_core.environment:create_environment_scripts_only(path_planner)
[4.636s] INFO:colcon.colcon_core.shell:Creating package script '/home/tedee/swarm/ros2_ws/install/path_planner/share/path_planner/package.ps1'
[4.638s] INFO:colcon.colcon_core.shell:Creating package descriptor '/home/tedee/swarm/ros2_ws/install/path_planner/share/path_planner/package.dsv'
[4.640s] INFO:colcon.colcon_core.shell:Creating package script '/home/tedee/swarm/ros2_ws/install/path_planner/share/path_planner/package.sh'
[4.642s] INFO:colcon.colcon_core.shell:Creating package script '/home/tedee/swarm/ros2_ws/install/path_planner/share/path_planner/package.bash'
[4.643s] INFO:colcon.colcon_core.shell:Creating package script '/home/tedee/swarm/ros2_ws/install/path_planner/share/path_planner/package.zsh'
[4.644s] Level 1:colcon.colcon_core.environment:create_file_with_runtime_dependencies(/home/tedee/swarm/ros2_ws/install/path_planner/share/colcon-core/packages/path_planner)
[4.648s] Level 1:colcon.colcon_core.environment:checking '/home/tedee/swarm/ros2_ws/install/swarm_launch' for CMake module files
[4.649s] Level 1:colcon.colcon_core.environment:checking '/home/tedee/swarm/ros2_ws/install/swarm_launch' for CMake config files
[4.650s] DEBUG:colcon.colcon_core.event_handler.log_command:Invoked command in '/home/tedee/swarm/ros2_ws/src/swarm_launch' returned '0': PYTHONPATH=/home/tedee/swarm/ros2_ws/build/swarm_launch/prefix_override:/usr/lib/python3/dist-packages/colcon_core/task/python/colcon_distutils_commands:/home/tedee/swarm/ros2_ws/install/swarm_launch/lib/python3.10/site-packages:${PYTHONPATH} /usr/bin/python3 -W ignore:setup.py install is deprecated -W ignore:easy_install command is deprecated setup.py egg_info --egg-base ../../build/swarm_launch build --build-base /home/tedee/swarm/ros2_ws/build/swarm_launch/build install --record /home/tedee/swarm/ros2_ws/build/swarm_launch/install.log --single-version-externally-managed install_data
[4.651s] Level 1:colcon.colcon_core.environment:checking '/home/tedee/swarm/ros2_ws/install/swarm_launch/lib'
[4.652s] Level 1:colcon.colcon_core.environment:checking '/home/tedee/swarm/ros2_ws/install/swarm_launch/bin'
[4.652s] Level 1:colcon.colcon_core.environment:checking '/home/tedee/swarm/ros2_ws/install/swarm_launch/lib/pkgconfig/swarm_launch.pc'
[4.653s] Level 1:colcon.colcon_core.environment:checking '/home/tedee/swarm/ros2_ws/install/swarm_launch/lib/python3.10/site-packages'
[4.653s] Level 1:colcon.colcon_core.shell:create_environment_hook('swarm_launch', 'pythonpath')
[4.653s] INFO:colcon.colcon_core.shell:Creating environment hook '/home/tedee/swarm/ros2_ws/install/swarm_launch/share/swarm_launch/hook/pythonpath.ps1'
[4.654s] INFO:colcon.colcon_core.shell:Creating environment descriptor '/home/tedee/swarm/ros2_ws/install/swarm_launch/share/swarm_launch/hook/pythonpath.dsv'
[4.655s] INFO:colcon.colcon_core.shell:Creating environment hook '/home/tedee/swarm/ros2_ws/install/swarm_launch/share/swarm_launch/hook/pythonpath.sh'
[4.656s] Level 1:colcon.colcon_core.environment:checking '/home/tedee/swarm/ros2_ws/install/swarm_launch/bin'
[4.656s] Level 1:colcon.colcon_core.environment:create_environment_scripts_only(swarm_launch)
[4.657s] INFO:colcon.colcon_core.shell:Creating package script '/home/tedee/swarm/ros2_ws/install/swarm_launch/share/swarm_launch/package.ps1'
[4.658s] INFO:colcon.colcon_core.shell:Creating package descriptor '/home/tedee/swarm/ros2_ws/install/swarm_launch/share/swarm_launch/package.dsv'
[4.659s] INFO:colcon.colcon_core.shell:Creating package script '/home/tedee/swarm/ros2_ws/install/swarm_launch/share/swarm_launch/package.sh'
[4.659s] INFO:colcon.colcon_core.shell:Creating package script '/home/tedee/swarm/ros2_ws/install/swarm_launch/share/swarm_launch/package.bash'
[4.660s] INFO:colcon.colcon_core.shell:Creating package script '/home/tedee/swarm/ros2_ws/install/swarm_launch/share/swarm_launch/package.zsh'
[4.660s] Level 1:colcon.colcon_core.environment:create_file_with_runtime_dependencies(/home/tedee/swarm/ros2_ws/install/swarm_launch/share/colcon-core/packages/swarm_launch)
[4.661s] Level 1:colcon.colcon_core.environment:checking '/home/tedee/swarm/ros2_ws/install/path_executor' for CMake module files
[4.663s] Level 1:colcon.colcon_core.environment:checking '/home/tedee/swarm/ros2_ws/install/path_executor' for CMake config files
[4.664s] DEBUG:colcon.colcon_core.event_handler.log_command:Invoked command in '/home/tedee/swarm/ros2_ws/src/path_executor' returned '0': PYTHONPATH=/home/tedee/swarm/ros2_ws/build/path_executor/prefix_override:/usr/lib/python3/dist-packages/colcon_core/task/python/colcon_distutils_commands:/home/tedee/swarm/ros2_ws/install/path_executor/lib/python3.10/site-packages:${PYTHONPATH} /usr/bin/python3 -W ignore:setup.py install is deprecated -W ignore:easy_install command is deprecated setup.py egg_info --egg-base ../../build/path_executor build --build-base /home/tedee/swarm/ros2_ws/build/path_executor/build install --record /home/tedee/swarm/ros2_ws/build/path_executor/install.log --single-version-externally-managed install_data
[4.665s] Level 1:colcon.colcon_core.environment:checking '/home/tedee/swarm/ros2_ws/install/path_executor/lib'
[4.665s] Level 1:colcon.colcon_core.environment:checking '/home/tedee/swarm/ros2_ws/install/path_executor/bin'
[4.665s] Level 1:colcon.colcon_core.environment:checking '/home/tedee/swarm/ros2_ws/install/path_executor/lib/pkgconfig/path_executor.pc'
[4.665s] Level 1:colcon.colcon_core.environment:checking '/home/tedee/swarm/ros2_ws/install/path_executor/lib/python3.10/site-packages'
[4.666s] Level 1:colcon.colcon_core.shell:create_environment_hook('path_executor', 'pythonpath')
[4.666s] INFO:colcon.colcon_core.shell:Creating environment hook '/home/tedee/swarm/ros2_ws/install/path_executor/share/path_executor/hook/pythonpath.ps1'
[4.667s] INFO:colcon.colcon_core.shell:Creating environment descriptor '/home/tedee/swarm/ros2_ws/install/path_executor/share/path_executor/hook/pythonpath.dsv'
[4.667s] INFO:colcon.colcon_core.shell:Creating environment hook '/home/tedee/swarm/ros2_ws/install/path_executor/share/path_executor/hook/pythonpath.sh'
[4.668s] Level 1:colcon.colcon_core.environment:checking '/home/tedee/swarm/ros2_ws/install/path_executor/bin'
[4.668s] Level 1:colcon.colcon_core.environment:create_environment_scripts_only(path_executor)
[4.669s] INFO:colcon.colcon_core.shell:Creating package script '/home/tedee/swarm/ros2_ws/install/path_executor/share/path_executor/package.ps1'
[4.670s] INFO:colcon.colcon_core.shell:Creating package descriptor '/home/tedee/swarm/ros2_ws/install/path_executor/share/path_executor/package.dsv'
[4.671s] INFO:colcon.colcon_core.shell:Creating package script '/home/tedee/swarm/ros2_ws/install/path_executor/share/path_executor/package.sh'
[4.671s] INFO:colcon.colcon_core.shell:Creating package script '/home/tedee/swarm/ros2_ws/install/path_executor/share/path_executor/package.bash'
[4.672s] INFO:colcon.colcon_core.shell:Creating package script '/home/tedee/swarm/ros2_ws/install/path_executor/share/path_executor/package.zsh'
[4.672s] Level 1:colcon.colcon_core.environment:create_file_with_runtime_dependencies(/home/tedee/swarm/ros2_ws/install/path_executor/share/colcon-core/packages/path_executor)
[4.675s] Level 1:colcon.colcon_core.environment:checking '/home/tedee/swarm/ros2_ws/install/vision_node' for CMake module files
[4.676s] DEBUG:colcon.colcon_core.event_handler.log_command:Invoked command in '/home/tedee/swarm/ros2_ws/src/vision_node' returned '0': PYTHONPATH=/home/tedee/swarm/ros2_ws/build/vision_node/prefix_override:/usr/lib/python3/dist-packages/colcon_core/task/python/colcon_distutils_commands:/home/tedee/swarm/ros2_ws/install/vision_node/lib/python3.10/site-packages:${PYTHONPATH} /usr/bin/python3 -W ignore:setup.py install is deprecated -W ignore:easy_install command is deprecated setup.py egg_info --egg-base ../../build/vision_node build --build-base /home/tedee/swarm/ros2_ws/build/vision_node/build install --record /home/tedee/swarm/ros2_ws/build/vision_node/install.log --single-version-externally-managed install_data
[4.677s] Level 1:colcon.colcon_core.environment:checking '/home/tedee/swarm/ros2_ws/install/vision_node' for CMake config files
[4.678s] Level 1:colcon.colcon_core.environment:checking '/home/tedee/swarm/ros2_ws/install/vision_node/lib'
[4.678s] Level 1:colcon.colcon_core.environment:checking '/home/tedee/swarm/ros2_ws/install/vision_node/bin'
[4.678s] Level 1:colcon.colcon_core.environment:checking '/home/tedee/swarm/ros2_ws/install/vision_node/lib/pkgconfig/vision_node.pc'
[4.678s] Level 1:colcon.colcon_core.environment:checking '/home/tedee/swarm/ros2_ws/install/vision_node/lib/python3.10/site-packages'
[4.678s] Level 1:colcon.colcon_core.shell:create_environment_hook('vision_node', 'pythonpath')
[4.679s] INFO:colcon.colcon_core.shell:Creating environment hook '/home/tedee/swarm/ros2_ws/install/vision_node/share/vision_node/hook/pythonpath.ps1'
[4.680s] INFO:colcon.colcon_core.shell:Creating environment descriptor '/home/tedee/swarm/ros2_ws/install/vision_node/share/vision_node/hook/pythonpath.dsv'
[4.680s] INFO:colcon.colcon_core.shell:Creating environment hook '/home/tedee/swarm/ros2_ws/install/vision_node/share/vision_node/hook/pythonpath.sh'
[4.681s] Level 1:colcon.colcon_core.environment:checking '/home/tedee/swarm/ros2_ws/install/vision_node/bin'
[4.681s] Level 1:colcon.colcon_core.environment:create_environment_scripts_only(vision_node)
[4.682s] INFO:colcon.colcon_core.shell:Creating package script '/home/tedee/swarm/ros2_ws/install/vision_node/share/vision_node/package.ps1'
[4.683s] INFO:colcon.colcon_core.shell:Creating package descriptor '/home/tedee/swarm/ros2_ws/install/vision_node/share/vision_node/package.dsv'
[4.683s] INFO:colcon.colcon_core.shell:Creating package script '/home/tedee/swarm/ros2_ws/install/vision_node/share/vision_node/package.sh'
[4.684s] INFO:colcon.colcon_core.shell:Creating package script '/home/tedee/swarm/ros2_ws/install/vision_node/share/vision_node/package.bash'
[4.685s] INFO:colcon.colcon_core.shell:Creating package script '/home/tedee/swarm/ros2_ws/install/vision_node/share/vision_node/package.zsh'
[4.685s] Level 1:colcon.colcon_core.environment:create_file_with_runtime_dependencies(/home/tedee/swarm/ros2_ws/install/vision_node/share/colcon-core/packages/vision_node)
[4.685s] DEBUG:colcon.colcon_parallel_executor.executor.parallel:closing loop
[4.686s] DEBUG:colcon.colcon_parallel_executor.executor.parallel:loop closed
[4.686s] DEBUG:colcon.colcon_parallel_executor.executor.parallel:run_until_complete finished with '0'
[4.687s] DEBUG:colcon.colcon_core.event_reactor:joining thread
[4.696s] INFO:colcon.colcon_core.plugin_system:Skipping extension 'colcon_notification.desktop_notification.terminal_notifier': Not used on non-Darwin systems
[4.697s] INFO:colcon.colcon_core.plugin_system:Skipping extension 'colcon_notification.desktop_notification.win32': Not used on non-Windows systems
[4.697s] INFO:colcon.colcon_notification.desktop_notification:Sending desktop notification using 'notify2'
[4.717s] DEBUG:colcon.colcon_core.event_reactor:joined thread
[4.717s] INFO:colcon.colcon_core.shell:Creating prefix script '/home/tedee/swarm/ros2_ws/install/local_setup.ps1'
[4.719s] INFO:colcon.colcon_core.shell:Creating prefix util module '/home/tedee/swarm/ros2_ws/install/_local_setup_util_ps1.py'
[4.721s] INFO:colcon.colcon_core.shell:Creating prefix chain script '/home/tedee/swarm/ros2_ws/install/setup.ps1'
[4.724s] INFO:colcon.colcon_core.shell:Creating prefix script '/home/tedee/swarm/ros2_ws/install/local_setup.sh'
[4.725s] INFO:colcon.colcon_core.shell:Creating prefix util module '/home/tedee/swarm/ros2_ws/install/_local_setup_util_sh.py'
[4.726s] INFO:colcon.colcon_core.shell:Creating prefix chain script '/home/tedee/swarm/ros2_ws/install/setup.sh'
[4.729s] INFO:colcon.colcon_core.shell:Creating prefix script '/home/tedee/swarm/ros2_ws/install/local_setup.bash'
[4.730s] INFO:colcon.colcon_core.shell:Creating prefix chain script '/home/tedee/swarm/ros2_ws/install/setup.bash'
[4.733s] INFO:colcon.colcon_core.shell:Creating prefix script '/home/tedee/swarm/ros2_ws/install/local_setup.zsh'
[4.734s] INFO:colcon.colcon_core.shell:Creating prefix chain script '/home/tedee/swarm/ros2_ws/install/setup.zsh'
