[1.705s] Invoking command in '/home/tedee/swarm/ros2_ws/src/role_manager': PYTHONPATH=/home/tedee/swarm/ros2_ws/build/role_manager/prefix_override:/usr/lib/python3/dist-packages/colcon_core/task/python/colcon_distutils_commands:/home/tedee/swarm/ros2_ws/install/role_manager/lib/python3.10/site-packages:${PYTHONPATH} /usr/bin/python3 -W ignore:setup.py install is deprecated -W ignore:easy_install command is deprecated setup.py egg_info --egg-base ../../build/role_manager build --build-base /home/tedee/swarm/ros2_ws/build/role_manager/build install --record /home/tedee/swarm/ros2_ws/build/role_manager/install.log --single-version-externally-managed install_data
[1.929s] running egg_info
[1.930s] writing ../../build/role_manager/role_manager.egg-info/PKG-INFO
[1.930s] writing dependency_links to ../../build/role_manager/role_manager.egg-info/dependency_links.txt
[1.930s] writing entry points to ../../build/role_manager/role_manager.egg-info/entry_points.txt
[1.930s] writing requirements to ../../build/role_manager/role_manager.egg-info/requires.txt
[1.930s] writing top-level names to ../../build/role_manager/role_manager.egg-info/top_level.txt
[1.931s] reading manifest file '../../build/role_manager/role_manager.egg-info/SOURCES.txt'
[1.932s] writing manifest file '../../build/role_manager/role_manager.egg-info/SOURCES.txt'
[1.932s] running build
[1.932s] running build_py
[1.932s] copying role_manager/role_manager_node.py -> /home/tedee/swarm/ros2_ws/build/role_manager/build/lib/role_manager
[1.932s] running install
[1.933s] running install_lib
[1.933s] copying /home/tedee/swarm/ros2_ws/build/role_manager/build/lib/role_manager/role_manager_node.py -> /home/tedee/swarm/ros2_ws/install/role_manager/lib/python3.10/site-packages/role_manager
[1.934s] byte-compiling /home/tedee/swarm/ros2_ws/install/role_manager/lib/python3.10/site-packages/role_manager/role_manager_node.py to role_manager_node.cpython-310.pyc
[1.936s] running install_data
[1.936s] running install_egg_info
[1.938s] removing '/home/tedee/swarm/ros2_ws/install/role_manager/lib/python3.10/site-packages/role_manager-0.0.0-py3.10.egg-info' (and everything under it)
[1.938s] Copying ../../build/role_manager/role_manager.egg-info to /home/tedee/swarm/ros2_ws/install/role_manager/lib/python3.10/site-packages/role_manager-0.0.0-py3.10.egg-info
[1.938s] running install_scripts
[1.957s] Installing role_manager_node script to /home/tedee/swarm/ros2_ws/install/role_manager/lib/role_manager
[1.957s] writing list of installed files to '/home/tedee/swarm/ros2_ws/build/role_manager/install.log'
[1.991s] Invoked command in '/home/tedee/swarm/ros2_ws/src/role_manager' returned '0': PYTHONPATH=/home/tedee/swarm/ros2_ws/build/role_manager/prefix_override:/usr/lib/python3/dist-packages/colcon_core/task/python/colcon_distutils_commands:/home/tedee/swarm/ros2_ws/install/role_manager/lib/python3.10/site-packages:${PYTHONPATH} /usr/bin/python3 -W ignore:setup.py install is deprecated -W ignore:easy_install command is deprecated setup.py egg_info --egg-base ../../build/role_manager build --build-base /home/tedee/swarm/ros2_ws/build/role_manager/build install --record /home/tedee/swarm/ros2_ws/build/role_manager/install.log --single-version-externally-managed install_data
