[2.074s] Invoking command in '/home/tedee/swarm/ros2_ws/src/path_planner': PYTHONPATH=/home/tedee/swarm/ros2_ws/build/path_planner/prefix_override:/usr/lib/python3/dist-packages/colcon_core/task/python/colcon_distutils_commands:/home/tedee/swarm/ros2_ws/install/path_planner/lib/python3.10/site-packages:${PYTHONPATH} /usr/bin/python3 -W ignore:setup.py install is deprecated -W ignore:easy_install command is deprecated setup.py egg_info --egg-base ../../build/path_planner build --build-base /home/tedee/swarm/ros2_ws/build/path_planner/build install --record /home/tedee/swarm/ros2_ws/build/path_planner/install.log --single-version-externally-managed install_data
[2.497s] running egg_info
[2.497s] writing ../../build/path_planner/path_planner.egg-info/PKG-INFO
[2.497s] writing dependency_links to ../../build/path_planner/path_planner.egg-info/dependency_links.txt
[2.497s] writing entry points to ../../build/path_planner/path_planner.egg-info/entry_points.txt
[2.497s] writing requirements to ../../build/path_planner/path_planner.egg-info/requires.txt
[2.498s] writing top-level names to ../../build/path_planner/path_planner.egg-info/top_level.txt
[2.502s] reading manifest file '../../build/path_planner/path_planner.egg-info/SOURCES.txt'
[2.503s] writing manifest file '../../build/path_planner/path_planner.egg-info/SOURCES.txt'
[2.503s] running build
[2.504s] running build_py
[2.504s] running install
[2.504s] running install_lib
[2.506s] running install_data
[2.506s] running install_egg_info
[2.509s] removing '/home/tedee/swarm/ros2_ws/install/path_planner/lib/python3.10/site-packages/path_planner-0.0.0-py3.10.egg-info' (and everything under it)
[2.509s] Copying ../../build/path_planner/path_planner.egg-info to /home/tedee/swarm/ros2_ws/install/path_planner/lib/python3.10/site-packages/path_planner-0.0.0-py3.10.egg-info
[2.511s] running install_scripts
[2.541s] Installing path_planner_node script to /home/tedee/swarm/ros2_ws/install/path_planner/lib/path_planner
[2.542s] writing list of installed files to '/home/tedee/swarm/ros2_ws/build/path_planner/install.log'
[2.581s] Invoked command in '/home/tedee/swarm/ros2_ws/src/path_planner' returned '0': PYTHONPATH=/home/tedee/swarm/ros2_ws/build/path_planner/prefix_override:/usr/lib/python3/dist-packages/colcon_core/task/python/colcon_distutils_commands:/home/tedee/swarm/ros2_ws/install/path_planner/lib/python3.10/site-packages:${PYTHONPATH} /usr/bin/python3 -W ignore:setup.py install is deprecated -W ignore:easy_install command is deprecated setup.py egg_info --egg-base ../../build/path_planner build --build-base /home/tedee/swarm/ros2_ws/build/path_planner/build install --record /home/tedee/swarm/ros2_ws/build/path_planner/install.log --single-version-externally-managed install_data
