[5.549s] Invoking command in '/home/tedee/swarm/ros2_ws/src/swarm_launch': PYTHONPATH=/home/tedee/swarm/ros2_ws/build/swarm_launch/prefix_override:/usr/lib/python3/dist-packages/colcon_core/task/python/colcon_distutils_commands:/home/tedee/swarm/ros2_ws/install/swarm_launch/lib/python3.10/site-packages:${PYTHONPATH} /usr/bin/python3 -W ignore:setup.py install is deprecated -W ignore:easy_install command is deprecated setup.py egg_info --egg-base ../../build/swarm_launch build --build-base /home/tedee/swarm/ros2_ws/build/swarm_launch/build install --record /home/tedee/swarm/ros2_ws/build/swarm_launch/install.log --single-version-externally-managed install_data
[6.411s] running egg_info
[6.413s] writing ../../build/swarm_launch/swarm_launch.egg-info/PKG-INFO
[6.415s] writing dependency_links to ../../build/swarm_launch/swarm_launch.egg-info/dependency_links.txt
[6.415s] writing entry points to ../../build/swarm_launch/swarm_launch.egg-info/entry_points.txt
[6.415s] writing requirements to ../../build/swarm_launch/swarm_launch.egg-info/requires.txt
[6.420s] writing top-level names to ../../build/swarm_launch/swarm_launch.egg-info/top_level.txt
[6.422s] reading manifest file '../../build/swarm_launch/swarm_launch.egg-info/SOURCES.txt'
[6.426s] writing manifest file '../../build/swarm_launch/swarm_launch.egg-info/SOURCES.txt'
[6.427s] running build
[6.428s] running build_py
[6.428s] running install
[6.428s] running install_lib
[6.429s] running install_data
[6.429s] running install_egg_info
[6.435s] removing '/home/tedee/swarm/ros2_ws/install/swarm_launch/lib/python3.10/site-packages/swarm_launch-0.0.0-py3.10.egg-info' (and everything under it)
[6.435s] Copying ../../build/swarm_launch/swarm_launch.egg-info to /home/tedee/swarm/ros2_ws/install/swarm_launch/lib/python3.10/site-packages/swarm_launch-0.0.0-py3.10.egg-info
[6.436s] running install_scripts
[6.494s] writing list of installed files to '/home/tedee/swarm/ros2_ws/build/swarm_launch/install.log'
[6.556s] Invoked command in '/home/tedee/swarm/ros2_ws/src/swarm_launch' returned '0': PYTHONPATH=/home/tedee/swarm/ros2_ws/build/swarm_launch/prefix_override:/usr/lib/python3/dist-packages/colcon_core/task/python/colcon_distutils_commands:/home/tedee/swarm/ros2_ws/install/swarm_launch/lib/python3.10/site-packages:${PYTHONPATH} /usr/bin/python3 -W ignore:setup.py install is deprecated -W ignore:easy_install command is deprecated setup.py egg_info --egg-base ../../build/swarm_launch build --build-base /home/tedee/swarm/ros2_ws/build/swarm_launch/build install --record /home/tedee/swarm/ros2_ws/build/swarm_launch/install.log --single-version-externally-managed install_data
