running egg_info
writing ../../build/role_manager/role_manager.egg-info/PKG-INFO
writing dependency_links to ../../build/role_manager/role_manager.egg-info/dependency_links.txt
writing entry points to ../../build/role_manager/role_manager.egg-info/entry_points.txt
writing requirements to ../../build/role_manager/role_manager.egg-info/requires.txt
writing top-level names to ../../build/role_manager/role_manager.egg-info/top_level.txt
reading manifest file '../../build/role_manager/role_manager.egg-info/SOURCES.txt'
writing manifest file '../../build/role_manager/role_manager.egg-info/SOURCES.txt'
running build
running build_py
copying role_manager/role_manager_node.py -> /home/tedee/swarm/ros2_ws/build/role_manager/build/lib/role_manager
running install
running install_lib
copying /home/tedee/swarm/ros2_ws/build/role_manager/build/lib/role_manager/role_manager_node.py -> /home/tedee/swarm/ros2_ws/install/role_manager/lib/python3.10/site-packages/role_manager
byte-compiling /home/tedee/swarm/ros2_ws/install/role_manager/lib/python3.10/site-packages/role_manager/role_manager_node.py to role_manager_node.cpython-310.pyc
running install_data
running install_egg_info
removing '/home/tedee/swarm/ros2_ws/install/role_manager/lib/python3.10/site-packages/role_manager-0.0.0-py3.10.egg-info' (and everything under it)
Copying ../../build/role_manager/role_manager.egg-info to /home/tedee/swarm/ros2_ws/install/role_manager/lib/python3.10/site-packages/role_manager-0.0.0-py3.10.egg-info
running install_scripts
Installing role_manager_node script to /home/tedee/swarm/ros2_ws/install/role_manager/lib/role_manager
writing list of installed files to '/home/tedee/swarm/ros2_ws/build/role_manager/install.log'
