[1.490s] Invoking command in '/home/tedee/swarm/ros2_ws/src/path_planner': PYTHONPATH=/home/tedee/swarm/ros2_ws/build/path_planner/prefix_override:/usr/lib/python3/dist-packages/colcon_core/task/python/colcon_distutils_commands:/home/tedee/swarm/ros2_ws/install/path_planner/lib/python3.10/site-packages:${PYTHONPATH} /usr/bin/python3 -W ignore:setup.py install is deprecated -W ignore:easy_install command is deprecated setup.py egg_info --egg-base ../../build/path_planner build --build-base /home/tedee/swarm/ros2_ws/build/path_planner/build install --record /home/tedee/swarm/ros2_ws/build/path_planner/install.log --single-version-externally-managed install_data
[1.701s] running egg_info
[1.702s] writing ../../build/path_planner/path_planner.egg-info/PKG-INFO
[1.702s] writing dependency_links to ../../build/path_planner/path_planner.egg-info/dependency_links.txt
[1.702s] writing entry points to ../../build/path_planner/path_planner.egg-info/entry_points.txt
[1.703s] writing requirements to ../../build/path_planner/path_planner.egg-info/requires.txt
[1.703s] writing top-level names to ../../build/path_planner/path_planner.egg-info/top_level.txt
[1.704s] reading manifest file '../../build/path_planner/path_planner.egg-info/SOURCES.txt'
[1.705s] writing manifest file '../../build/path_planner/path_planner.egg-info/SOURCES.txt'
[1.705s] running build
[1.705s] running build_py
[1.706s] running install
[1.706s] running install_lib
[1.708s] running install_data
[1.708s] running install_egg_info
[1.710s] removing '/home/tedee/swarm/ros2_ws/install/path_planner/lib/python3.10/site-packages/path_planner-0.0.0-py3.10.egg-info' (and everything under it)
[1.711s] Copying ../../build/path_planner/path_planner.egg-info to /home/tedee/swarm/ros2_ws/install/path_planner/lib/python3.10/site-packages/path_planner-0.0.0-py3.10.egg-info
[1.712s] running install_scripts
[1.739s] Installing path_planner_node script to /home/tedee/swarm/ros2_ws/install/path_planner/lib/path_planner
[1.739s] writing list of installed files to '/home/tedee/swarm/ros2_ws/build/path_planner/install.log'
[1.777s] Invoked command in '/home/tedee/swarm/ros2_ws/src/path_planner' returned '0': PYTHONPATH=/home/tedee/swarm/ros2_ws/build/path_planner/prefix_override:/usr/lib/python3/dist-packages/colcon_core/task/python/colcon_distutils_commands:/home/tedee/swarm/ros2_ws/install/path_planner/lib/python3.10/site-packages:${PYTHONPATH} /usr/bin/python3 -W ignore:setup.py install is deprecated -W ignore:easy_install command is deprecated setup.py egg_info --egg-base ../../build/path_planner build --build-base /home/tedee/swarm/ros2_ws/build/path_planner/build install --record /home/tedee/swarm/ros2_ws/build/path_planner/install.log --single-version-externally-managed install_data
