[4.355s] Invoking command in '/home/tedee/swarm/ros2_ws/src/role_manager': PYTHONPATH=/home/tedee/swarm/ros2_ws/build/role_manager/prefix_override:/usr/lib/python3/dist-packages/colcon_core/task/python/colcon_distutils_commands:/home/tedee/swarm/ros2_ws/install/role_manager/lib/python3.10/site-packages:${PYTHONPATH} /usr/bin/python3 -W ignore:setup.py install is deprecated -W ignore:easy_install command is deprecated setup.py egg_info --egg-base ../../build/role_manager build --build-base /home/tedee/swarm/ros2_ws/build/role_manager/build install --record /home/tedee/swarm/ros2_ws/build/role_manager/install.log --single-version-externally-managed install_data
[5.354s] running egg_info
[5.357s] writing ../../build/role_manager/role_manager.egg-info/PKG-INFO
[5.358s] writing dependency_links to ../../build/role_manager/role_manager.egg-info/dependency_links.txt
[5.363s] writing entry points to ../../build/role_manager/role_manager.egg-info/entry_points.txt
[5.364s] writing requirements to ../../build/role_manager/role_manager.egg-info/requires.txt
[5.365s] writing top-level names to ../../build/role_manager/role_manager.egg-info/top_level.txt
[5.375s] reading manifest file '../../build/role_manager/role_manager.egg-info/SOURCES.txt'
[5.375s] writing manifest file '../../build/role_manager/role_manager.egg-info/SOURCES.txt'
[5.376s] running build
[5.376s] running build_py
[5.376s] running install
[5.377s] running install_lib
[5.384s] running install_data
[5.384s] running install_egg_info
[5.393s] removing '/home/tedee/swarm/ros2_ws/install/role_manager/lib/python3.10/site-packages/role_manager-0.0.0-py3.10.egg-info' (and everything under it)
[5.393s] Copying ../../build/role_manager/role_manager.egg-info to /home/tedee/swarm/ros2_ws/install/role_manager/lib/python3.10/site-packages/role_manager-0.0.0-py3.10.egg-info
[5.396s] running install_scripts
[5.469s] Installing role_manager_node script to /home/tedee/swarm/ros2_ws/install/role_manager/lib/role_manager
[5.471s] writing list of installed files to '/home/tedee/swarm/ros2_ws/build/role_manager/install.log'
[5.548s] Invoked command in '/home/tedee/swarm/ros2_ws/src/role_manager' returned '0': PYTHONPATH=/home/tedee/swarm/ros2_ws/build/role_manager/prefix_override:/usr/lib/python3/dist-packages/colcon_core/task/python/colcon_distutils_commands:/home/tedee/swarm/ros2_ws/install/role_manager/lib/python3.10/site-packages:${PYTHONPATH} /usr/bin/python3 -W ignore:setup.py install is deprecated -W ignore:easy_install command is deprecated setup.py egg_info --egg-base ../../build/role_manager build --build-base /home/tedee/swarm/ros2_ws/build/role_manager/build install --record /home/tedee/swarm/ros2_ws/build/role_manager/install.log --single-version-externally-managed install_data
