[3.058s] Invoking command in '/home/tedee/swarm/ros2_ws/src/path_planner': PYTHONPATH=/home/tedee/swarm/ros2_ws/build/path_planner/prefix_override:/usr/lib/python3/dist-packages/colcon_core/task/python/colcon_distutils_commands:/home/tedee/swarm/ros2_ws/install/path_planner/lib/python3.10/site-packages:${PYTHONPATH} /usr/bin/python3 -W ignore:setup.py install is deprecated -W ignore:easy_install command is deprecated setup.py egg_info --egg-base ../../build/path_planner build --build-base /home/tedee/swarm/ros2_ws/build/path_planner/build install --record /home/tedee/swarm/ros2_ws/build/path_planner/install.log --single-version-externally-managed install_data
[3.595s] running egg_info
[3.597s] writing ../../build/path_planner/path_planner.egg-info/PKG-INFO
[3.597s] writing dependency_links to ../../build/path_planner/path_planner.egg-info/dependency_links.txt
[3.597s] writing entry points to ../../build/path_planner/path_planner.egg-info/entry_points.txt
[3.597s] writing requirements to ../../build/path_planner/path_planner.egg-info/requires.txt
[3.597s] writing top-level names to ../../build/path_planner/path_planner.egg-info/top_level.txt
[3.600s] reading manifest file '../../build/path_planner/path_planner.egg-info/SOURCES.txt'
[3.602s] writing manifest file '../../build/path_planner/path_planner.egg-info/SOURCES.txt'
[3.602s] running build
[3.602s] running build_py
[3.603s] running install
[3.604s] running install_lib
[3.605s] running install_data
[3.606s] running install_egg_info
[3.610s] removing '/home/tedee/swarm/ros2_ws/install/path_planner/lib/python3.10/site-packages/path_planner-0.0.0-py3.10.egg-info' (and everything under it)
[3.611s] Copying ../../build/path_planner/path_planner.egg-info to /home/tedee/swarm/ros2_ws/install/path_planner/lib/python3.10/site-packages/path_planner-0.0.0-py3.10.egg-info
[3.612s] running install_scripts
[3.652s] Installing path_planner_node script to /home/tedee/swarm/ros2_ws/install/path_planner/lib/path_planner
[3.653s] writing list of installed files to '/home/tedee/swarm/ros2_ws/build/path_planner/install.log'
[3.762s] Invoked command in '/home/tedee/swarm/ros2_ws/src/path_planner' returned '0': PYTHONPATH=/home/tedee/swarm/ros2_ws/build/path_planner/prefix_override:/usr/lib/python3/dist-packages/colcon_core/task/python/colcon_distutils_commands:/home/tedee/swarm/ros2_ws/install/path_planner/lib/python3.10/site-packages:${PYTHONPATH} /usr/bin/python3 -W ignore:setup.py install is deprecated -W ignore:easy_install command is deprecated setup.py egg_info --egg-base ../../build/path_planner build --build-base /home/tedee/swarm/ros2_ws/build/path_planner/build install --record /home/tedee/swarm/ros2_ws/build/path_planner/install.log --single-version-externally-managed install_data
