[3.960s] Invoking command in '/home/tedee/swarm/ros2_ws/src/swarm_launch': PYTHONPATH=/home/tedee/swarm/ros2_ws/build/swarm_launch/prefix_override:/usr/lib/python3/dist-packages/colcon_core/task/python/colcon_distutils_commands:/home/tedee/swarm/ros2_ws/install/swarm_launch/lib/python3.10/site-packages:${PYTHONPATH} /usr/bin/python3 -W ignore:setup.py install is deprecated -W ignore:easy_install command is deprecated setup.py egg_info --egg-base ../../build/swarm_launch build --build-base /home/tedee/swarm/ros2_ws/build/swarm_launch/build install --record /home/tedee/swarm/ros2_ws/build/swarm_launch/install.log --single-version-externally-managed install_data
[4.594s] running egg_info
[4.596s] writing ../../build/swarm_launch/swarm_launch.egg-info/PKG-INFO
[4.596s] writing dependency_links to ../../build/swarm_launch/swarm_launch.egg-info/dependency_links.txt
[4.597s] writing entry points to ../../build/swarm_launch/swarm_launch.egg-info/entry_points.txt
[4.597s] writing requirements to ../../build/swarm_launch/swarm_launch.egg-info/requires.txt
[4.598s] writing top-level names to ../../build/swarm_launch/swarm_launch.egg-info/top_level.txt
[4.600s] reading manifest file '../../build/swarm_launch/swarm_launch.egg-info/SOURCES.txt'
[4.601s] writing manifest file '../../build/swarm_launch/swarm_launch.egg-info/SOURCES.txt'
[4.601s] running build
[4.601s] running build_py
[4.603s] running install
[4.603s] running install_lib
[4.604s] running install_data
[4.605s] running install_egg_info
[4.608s] removing '/home/tedee/swarm/ros2_ws/install/swarm_launch/lib/python3.10/site-packages/swarm_launch-0.0.0-py3.10.egg-info' (and everything under it)
[4.609s] Copying ../../build/swarm_launch/swarm_launch.egg-info to /home/tedee/swarm/ros2_ws/install/swarm_launch/lib/python3.10/site-packages/swarm_launch-0.0.0-py3.10.egg-info
[4.610s] running install_scripts
[4.651s] writing list of installed files to '/home/tedee/swarm/ros2_ws/build/swarm_launch/install.log'
[4.706s] Invoked command in '/home/tedee/swarm/ros2_ws/src/swarm_launch' returned '0': PYTHONPATH=/home/tedee/swarm/ros2_ws/build/swarm_launch/prefix_override:/usr/lib/python3/dist-packages/colcon_core/task/python/colcon_distutils_commands:/home/tedee/swarm/ros2_ws/install/swarm_launch/lib/python3.10/site-packages:${PYTHONPATH} /usr/bin/python3 -W ignore:setup.py install is deprecated -W ignore:easy_install command is deprecated setup.py egg_info --egg-base ../../build/swarm_launch build --build-base /home/tedee/swarm/ros2_ws/build/swarm_launch/build install --record /home/tedee/swarm/ros2_ws/build/swarm_launch/install.log --single-version-externally-managed install_data
