[5.444s] Invoking command in '/home/tedee/swarm/ros2_ws/src/vision_node': PYTHONPATH=/home/tedee/swarm/ros2_ws/build/vision_node/prefix_override:/usr/lib/python3/dist-packages/colcon_core/task/python/colcon_distutils_commands:/home/tedee/swarm/ros2_ws/install/vision_node/lib/python3.10/site-packages:${PYTHONPATH} /usr/bin/python3 -W ignore:setup.py install is deprecated -W ignore:easy_install command is deprecated setup.py egg_info --egg-base ../../build/vision_node build --build-base /home/tedee/swarm/ros2_ws/build/vision_node/build install --record /home/tedee/swarm/ros2_ws/build/vision_node/install.log --single-version-externally-managed install_data
[6.180s] running egg_info
[6.185s] writing ../../build/vision_node/vision_node.egg-info/PKG-INFO
[6.185s] writing dependency_links to ../../build/vision_node/vision_node.egg-info/dependency_links.txt
[6.185s] writing entry points to ../../build/vision_node/vision_node.egg-info/entry_points.txt
[6.185s] writing requirements to ../../build/vision_node/vision_node.egg-info/requires.txt
[6.186s] writing top-level names to ../../build/vision_node/vision_node.egg-info/top_level.txt
[6.190s] reading manifest file '../../build/vision_node/vision_node.egg-info/SOURCES.txt'
[6.194s] writing manifest file '../../build/vision_node/vision_node.egg-info/SOURCES.txt'
[6.194s] running build
[6.195s] running build_py
[6.195s] running install
[6.196s] running install_lib
[6.199s] running install_data
[6.199s] running install_egg_info
[6.205s] removing '/home/tedee/swarm/ros2_ws/install/vision_node/lib/python3.10/site-packages/vision_node-0.0.0-py3.10.egg-info' (and everything under it)
[6.206s] Copying ../../build/vision_node/vision_node.egg-info to /home/tedee/swarm/ros2_ws/install/vision_node/lib/python3.10/site-packages/vision_node-0.0.0-py3.10.egg-info
[6.207s] running install_scripts
[6.260s] Installing vision_node script to /home/tedee/swarm/ros2_ws/install/vision_node/lib/vision_node
[6.261s] writing list of installed files to '/home/tedee/swarm/ros2_ws/build/vision_node/install.log'
[6.341s] Invoked command in '/home/tedee/swarm/ros2_ws/src/vision_node' returned '0': PYTHONPATH=/home/tedee/swarm/ros2_ws/build/vision_node/prefix_override:/usr/lib/python3/dist-packages/colcon_core/task/python/colcon_distutils_commands:/home/tedee/swarm/ros2_ws/install/vision_node/lib/python3.10/site-packages:${PYTHONPATH} /usr/bin/python3 -W ignore:setup.py install is deprecated -W ignore:easy_install command is deprecated setup.py egg_info --egg-base ../../build/vision_node build --build-base /home/tedee/swarm/ros2_ws/build/vision_node/build install --record /home/tedee/swarm/ros2_ws/build/vision_node/install.log --single-version-externally-managed install_data
