[2.387s] Invoking command in '/home/tedee/swarm/ros2_ws/src/path_planner': PYTHONPATH=/home/tedee/swarm/ros2_ws/build/path_planner/prefix_override:/usr/lib/python3/dist-packages/colcon_core/task/python/colcon_distutils_commands:/home/tedee/swarm/ros2_ws/install/path_planner/lib/python3.10/site-packages:${PYTHONPATH} /usr/bin/python3 -W ignore:setup.py install is deprecated -W ignore:easy_install command is deprecated setup.py egg_info --egg-base ../../build/path_planner build --build-base /home/tedee/swarm/ros2_ws/build/path_planner/build install --record /home/tedee/swarm/ros2_ws/build/path_planner/install.log --single-version-externally-managed install_data
[2.919s] running egg_info
[2.922s] writing ../../build/path_planner/path_planner.egg-info/PKG-INFO
[2.922s] writing dependency_links to ../../build/path_planner/path_planner.egg-info/dependency_links.txt
[2.922s] writing entry points to ../../build/path_planner/path_planner.egg-info/entry_points.txt
[2.923s] writing requirements to ../../build/path_planner/path_planner.egg-info/requires.txt
[2.923s] writing top-level names to ../../build/path_planner/path_planner.egg-info/top_level.txt
[2.924s] reading manifest file '../../build/path_planner/path_planner.egg-info/SOURCES.txt'
[2.926s] writing manifest file '../../build/path_planner/path_planner.egg-info/SOURCES.txt'
[2.926s] running build
[2.926s] running build_py
[2.926s] copying path_planner/path_planner_node.py -> /home/tedee/swarm/ros2_ws/build/path_planner/build/lib/path_planner
[2.926s] running install
[2.927s] running install_lib
[2.928s] copying /home/tedee/swarm/ros2_ws/build/path_planner/build/lib/path_planner/path_planner_node.py -> /home/tedee/swarm/ros2_ws/install/path_planner/lib/python3.10/site-packages/path_planner
[2.929s] byte-compiling /home/tedee/swarm/ros2_ws/install/path_planner/lib/python3.10/site-packages/path_planner/path_planner_node.py to path_planner_node.cpython-310.pyc
[2.933s] running install_data
[2.933s] running install_egg_info
[2.937s] removing '/home/tedee/swarm/ros2_ws/install/path_planner/lib/python3.10/site-packages/path_planner-0.0.0-py3.10.egg-info' (and everything under it)
[2.937s] Copying ../../build/path_planner/path_planner.egg-info to /home/tedee/swarm/ros2_ws/install/path_planner/lib/python3.10/site-packages/path_planner-0.0.0-py3.10.egg-info
[2.939s] running install_scripts
[2.979s] Installing path_planner_node script to /home/tedee/swarm/ros2_ws/install/path_planner/lib/path_planner
[2.979s] writing list of installed files to '/home/tedee/swarm/ros2_ws/build/path_planner/install.log'
[3.045s] Invoked command in '/home/tedee/swarm/ros2_ws/src/path_planner' returned '0': PYTHONPATH=/home/tedee/swarm/ros2_ws/build/path_planner/prefix_override:/usr/lib/python3/dist-packages/colcon_core/task/python/colcon_distutils_commands:/home/tedee/swarm/ros2_ws/install/path_planner/lib/python3.10/site-packages:${PYTHONPATH} /usr/bin/python3 -W ignore:setup.py install is deprecated -W ignore:easy_install command is deprecated setup.py egg_info --egg-base ../../build/path_planner build --build-base /home/tedee/swarm/ros2_ws/build/path_planner/build install --record /home/tedee/swarm/ros2_ws/build/path_planner/install.log --single-version-externally-managed install_data
