running egg_info
creating ../../build/target_spawner/target_spawner.egg-info
writing ../../build/target_spawner/target_spawner.egg-info/PKG-INFO
writing dependency_links to ../../build/target_spawner/target_spawner.egg-info/dependency_links.txt
writing entry points to ../../build/target_spawner/target_spawner.egg-info/entry_points.txt
writing requirements to ../../build/target_spawner/target_spawner.egg-info/requires.txt
writing top-level names to ../../build/target_spawner/target_spawner.egg-info/top_level.txt
writing manifest file '../../build/target_spawner/target_spawner.egg-info/SOURCES.txt'
reading manifest file '../../build/target_spawner/target_spawner.egg-info/SOURCES.txt'
writing manifest file '../../build/target_spawner/target_spawner.egg-info/SOURCES.txt'
running build
running build_py
creating /home/tedee/swarm/ros2_ws/build/target_spawner/build
creating /home/tedee/swarm/ros2_ws/build/target_spawner/build/lib
creating /home/tedee/swarm/ros2_ws/build/target_spawner/build/lib/target_spawner
copying target_spawner/target_spawner_node.py -> /home/tedee/swarm/ros2_ws/build/target_spawner/build/lib/target_spawner
copying target_spawner/__init__.py -> /home/tedee/swarm/ros2_ws/build/target_spawner/build/lib/target_spawner
running install
running install_lib
creating /home/tedee/swarm/ros2_ws/install/target_spawner/lib/python3.10/site-packages/target_spawner
copying /home/tedee/swarm/ros2_ws/build/target_spawner/build/lib/target_spawner/target_spawner_node.py -> /home/tedee/swarm/ros2_ws/install/target_spawner/lib/python3.10/site-packages/target_spawner
copying /home/tedee/swarm/ros2_ws/build/target_spawner/build/lib/target_spawner/__init__.py -> /home/tedee/swarm/ros2_ws/install/target_spawner/lib/python3.10/site-packages/target_spawner
byte-compiling /home/tedee/swarm/ros2_ws/install/target_spawner/lib/python3.10/site-packages/target_spawner/target_spawner_node.py to target_spawner_node.cpython-310.pyc
byte-compiling /home/tedee/swarm/ros2_ws/install/target_spawner/lib/python3.10/site-packages/target_spawner/__init__.py to __init__.cpython-310.pyc
running install_data
creating /home/tedee/swarm/ros2_ws/install/target_spawner/share/ament_index
creating /home/tedee/swarm/ros2_ws/install/target_spawner/share/ament_index/resource_index
creating /home/tedee/swarm/ros2_ws/install/target_spawner/share/ament_index/resource_index/packages
copying resource/target_spawner -> /home/tedee/swarm/ros2_ws/install/target_spawner/share/ament_index/resource_index/packages
copying package.xml -> /home/tedee/swarm/ros2_ws/install/target_spawner/share/target_spawner
running install_egg_info
Copying ../../build/target_spawner/target_spawner.egg-info to /home/tedee/swarm/ros2_ws/install/target_spawner/lib/python3.10/site-packages/target_spawner-0.0.0-py3.10.egg-info
running install_scripts
Installing target_spawner_node script to /home/tedee/swarm/ros2_ws/install/target_spawner/lib/target_spawner
writing list of installed files to '/home/tedee/swarm/ros2_ws/build/target_spawner/install.log'
