[1.172s] Invoking command in '/home/tedee/swarm/ros2_ws/src/target_spawner': PYTHONPATH=/home/tedee/swarm/ros2_ws/build/target_spawner/prefix_override:/usr/lib/python3/dist-packages/colcon_core/task/python/colcon_distutils_commands:/home/tedee/swarm/ros2_ws/install/target_spawner/lib/python3.10/site-packages:${PYTHONPATH} /usr/bin/python3 -W ignore:setup.py install is deprecated -W ignore:easy_install command is deprecated setup.py egg_info --egg-base ../../build/target_spawner build --build-base /home/tedee/swarm/ros2_ws/build/target_spawner/build install --record /home/tedee/swarm/ros2_ws/build/target_spawner/install.log --single-version-externally-managed install_data
[1.346s] running egg_info
[1.347s] creating ../../build/target_spawner/target_spawner.egg-info
[1.347s] writing ../../build/target_spawner/target_spawner.egg-info/PKG-INFO
[1.347s] writing dependency_links to ../../build/target_spawner/target_spawner.egg-info/dependency_links.txt
[1.347s] writing entry points to ../../build/target_spawner/target_spawner.egg-info/entry_points.txt
[1.347s] writing requirements to ../../build/target_spawner/target_spawner.egg-info/requires.txt
[1.348s] writing top-level names to ../../build/target_spawner/target_spawner.egg-info/top_level.txt
[1.348s] writing manifest file '../../build/target_spawner/target_spawner.egg-info/SOURCES.txt'
[1.348s] reading manifest file '../../build/target_spawner/target_spawner.egg-info/SOURCES.txt'
[1.349s] writing manifest file '../../build/target_spawner/target_spawner.egg-info/SOURCES.txt'
[1.349s] running build
[1.349s] running build_py
[1.349s] creating /home/tedee/swarm/ros2_ws/build/target_spawner/build
[1.349s] creating /home/tedee/swarm/ros2_ws/build/target_spawner/build/lib
[1.349s] creating /home/tedee/swarm/ros2_ws/build/target_spawner/build/lib/target_spawner
[1.349s] copying target_spawner/target_spawner_node.py -> /home/tedee/swarm/ros2_ws/build/target_spawner/build/lib/target_spawner
[1.349s] copying target_spawner/__init__.py -> /home/tedee/swarm/ros2_ws/build/target_spawner/build/lib/target_spawner
[1.349s] running install
[1.349s] running install_lib
[1.350s] creating /home/tedee/swarm/ros2_ws/install/target_spawner/lib/python3.10/site-packages/target_spawner
[1.350s] copying /home/tedee/swarm/ros2_ws/build/target_spawner/build/lib/target_spawner/target_spawner_node.py -> /home/tedee/swarm/ros2_ws/install/target_spawner/lib/python3.10/site-packages/target_spawner
[1.350s] copying /home/tedee/swarm/ros2_ws/build/target_spawner/build/lib/target_spawner/__init__.py -> /home/tedee/swarm/ros2_ws/install/target_spawner/lib/python3.10/site-packages/target_spawner
[1.350s] byte-compiling /home/tedee/swarm/ros2_ws/install/target_spawner/lib/python3.10/site-packages/target_spawner/target_spawner_node.py to target_spawner_node.cpython-310.pyc
[1.350s] byte-compiling /home/tedee/swarm/ros2_ws/install/target_spawner/lib/python3.10/site-packages/target_spawner/__init__.py to __init__.cpython-310.pyc
[1.350s] running install_data
[1.351s] creating /home/tedee/swarm/ros2_ws/install/target_spawner/share/ament_index
[1.351s] creating /home/tedee/swarm/ros2_ws/install/target_spawner/share/ament_index/resource_index
[1.351s] creating /home/tedee/swarm/ros2_ws/install/target_spawner/share/ament_index/resource_index/packages
[1.351s] copying resource/target_spawner -> /home/tedee/swarm/ros2_ws/install/target_spawner/share/ament_index/resource_index/packages
[1.351s] copying package.xml -> /home/tedee/swarm/ros2_ws/install/target_spawner/share/target_spawner
[1.351s] running install_egg_info
[1.352s] Copying ../../build/target_spawner/target_spawner.egg-info to /home/tedee/swarm/ros2_ws/install/target_spawner/lib/python3.10/site-packages/target_spawner-0.0.0-py3.10.egg-info
[1.352s] running install_scripts
[1.365s] Installing target_spawner_node script to /home/tedee/swarm/ros2_ws/install/target_spawner/lib/target_spawner
[1.366s] writing list of installed files to '/home/tedee/swarm/ros2_ws/build/target_spawner/install.log'
[1.401s] Invoked command in '/home/tedee/swarm/ros2_ws/src/target_spawner' returned '0': PYTHONPATH=/home/tedee/swarm/ros2_ws/build/target_spawner/prefix_override:/usr/lib/python3/dist-packages/colcon_core/task/python/colcon_distutils_commands:/home/tedee/swarm/ros2_ws/install/target_spawner/lib/python3.10/site-packages:${PYTHONPATH} /usr/bin/python3 -W ignore:setup.py install is deprecated -W ignore:easy_install command is deprecated setup.py egg_info --egg-base ../../build/target_spawner build --build-base /home/tedee/swarm/ros2_ws/build/target_spawner/build install --record /home/tedee/swarm/ros2_ws/build/target_spawner/install.log --single-version-externally-managed install_data
