[2.733s] Invoking command in '/home/tedee/swarm/ros2_ws/src/path_planner': PYTHONPATH=/home/tedee/swarm/ros2_ws/build/path_planner/prefix_override:/usr/lib/python3/dist-packages/colcon_core/task/python/colcon_distutils_commands:/home/tedee/swarm/ros2_ws/install/path_planner/lib/python3.10/site-packages:${PYTHONPATH} /usr/bin/python3 -W ignore:setup.py install is deprecated -W ignore:easy_install command is deprecated setup.py egg_info --egg-base ../../build/path_planner build --build-base /home/tedee/swarm/ros2_ws/build/path_planner/build install --record /home/tedee/swarm/ros2_ws/build/path_planner/install.log --single-version-externally-managed install_data
[3.275s] running egg_info
[3.276s] writing ../../build/path_planner/path_planner.egg-info/PKG-INFO
[3.277s] writing dependency_links to ../../build/path_planner/path_planner.egg-info/dependency_links.txt
[3.277s] writing entry points to ../../build/path_planner/path_planner.egg-info/entry_points.txt
[3.277s] writing requirements to ../../build/path_planner/path_planner.egg-info/requires.txt
[3.278s] writing top-level names to ../../build/path_planner/path_planner.egg-info/top_level.txt
[3.280s] reading manifest file '../../build/path_planner/path_planner.egg-info/SOURCES.txt'
[3.282s] writing manifest file '../../build/path_planner/path_planner.egg-info/SOURCES.txt'
[3.283s] running build
[3.283s] running build_py
[3.283s] running install
[3.283s] running install_lib
[3.285s] running install_data
[3.285s] running install_egg_info
[3.289s] removing '/home/tedee/swarm/ros2_ws/install/path_planner/lib/python3.10/site-packages/path_planner-0.0.0-py3.10.egg-info' (and everything under it)
[3.290s] Copying ../../build/path_planner/path_planner.egg-info to /home/tedee/swarm/ros2_ws/install/path_planner/lib/python3.10/site-packages/path_planner-0.0.0-py3.10.egg-info
[3.291s] running install_scripts
[3.332s] Installing path_planner_node script to /home/tedee/swarm/ros2_ws/install/path_planner/lib/path_planner
[3.333s] writing list of installed files to '/home/tedee/swarm/ros2_ws/build/path_planner/install.log'
[3.398s] Invoked command in '/home/tedee/swarm/ros2_ws/src/path_planner' returned '0': PYTHONPATH=/home/tedee/swarm/ros2_ws/build/path_planner/prefix_override:/usr/lib/python3/dist-packages/colcon_core/task/python/colcon_distutils_commands:/home/tedee/swarm/ros2_ws/install/path_planner/lib/python3.10/site-packages:${PYTHONPATH} /usr/bin/python3 -W ignore:setup.py install is deprecated -W ignore:easy_install command is deprecated setup.py egg_info --egg-base ../../build/path_planner build --build-base /home/tedee/swarm/ros2_ws/build/path_planner/build install --record /home/tedee/swarm/ros2_ws/build/path_planner/install.log --single-version-externally-managed install_data
