[4.172s] Invoking command in '/home/tedee/swarm/ros2_ws/src/path_executor': PYTHONPATH=/home/tedee/swarm/ros2_ws/build/path_executor/prefix_override:/usr/lib/python3/dist-packages/colcon_core/task/python/colcon_distutils_commands:/home/tedee/swarm/ros2_ws/install/path_executor/lib/python3.10/site-packages:${PYTHONPATH} /usr/bin/python3 -W ignore:setup.py install is deprecated -W ignore:easy_install command is deprecated setup.py egg_info --egg-base ../../build/path_executor build --build-base /home/tedee/swarm/ros2_ws/build/path_executor/build install --record /home/tedee/swarm/ros2_ws/build/path_executor/install.log --single-version-externally-managed install_data
[4.815s] running egg_info
[4.818s] writing ../../build/path_executor/path_executor.egg-info/PKG-INFO
[4.818s] writing dependency_links to ../../build/path_executor/path_executor.egg-info/dependency_links.txt
[4.818s] writing entry points to ../../build/path_executor/path_executor.egg-info/entry_points.txt
[4.818s] writing requirements to ../../build/path_executor/path_executor.egg-info/requires.txt
[4.819s] writing top-level names to ../../build/path_executor/path_executor.egg-info/top_level.txt
[4.824s] reading manifest file '../../build/path_executor/path_executor.egg-info/SOURCES.txt'
[4.825s] writing manifest file '../../build/path_executor/path_executor.egg-info/SOURCES.txt'
[4.825s] running build
[4.825s] running build_py
[4.826s] copying path_executor/path_executor_node.py -> /home/tedee/swarm/ros2_ws/build/path_executor/build/lib/path_executor
[4.826s] running install
[4.827s] running install_lib
[4.828s] copying /home/tedee/swarm/ros2_ws/build/path_executor/build/lib/path_executor/path_executor_node.py -> /home/tedee/swarm/ros2_ws/install/path_executor/lib/python3.10/site-packages/path_executor
[4.830s] byte-compiling /home/tedee/swarm/ros2_ws/install/path_executor/lib/python3.10/site-packages/path_executor/path_executor_node.py to path_executor_node.cpython-310.pyc
[4.837s] running install_data
[4.838s] running install_egg_info
[4.842s] removing '/home/tedee/swarm/ros2_ws/install/path_executor/lib/python3.10/site-packages/path_executor-0.0.0-py3.10.egg-info' (and everything under it)
[4.843s] Copying ../../build/path_executor/path_executor.egg-info to /home/tedee/swarm/ros2_ws/install/path_executor/lib/python3.10/site-packages/path_executor-0.0.0-py3.10.egg-info
[4.844s] running install_scripts
[4.897s] Installing path_executor_node script to /home/tedee/swarm/ros2_ws/install/path_executor/lib/path_executor
[4.898s] writing list of installed files to '/home/tedee/swarm/ros2_ws/build/path_executor/install.log'
[5.004s] Invoked command in '/home/tedee/swarm/ros2_ws/src/path_executor' returned '0': PYTHONPATH=/home/tedee/swarm/ros2_ws/build/path_executor/prefix_override:/usr/lib/python3/dist-packages/colcon_core/task/python/colcon_distutils_commands:/home/tedee/swarm/ros2_ws/install/path_executor/lib/python3.10/site-packages:${PYTHONPATH} /usr/bin/python3 -W ignore:setup.py install is deprecated -W ignore:easy_install command is deprecated setup.py egg_info --egg-base ../../build/path_executor build --build-base /home/tedee/swarm/ros2_ws/build/path_executor/build install --record /home/tedee/swarm/ros2_ws/build/path_executor/install.log --single-version-externally-managed install_data
