[2.789s] Invoking command in '/home/tedee/swarm/ros2_ws/src/path_executor': PYTHONPATH=/home/tedee/swarm/ros2_ws/build/path_executor/prefix_override:/usr/lib/python3/dist-packages/colcon_core/task/python/colcon_distutils_commands:/home/tedee/swarm/ros2_ws/install/path_executor/lib/python3.10/site-packages:${PYTHONPATH} /usr/bin/python3 -W ignore:setup.py install is deprecated -W ignore:easy_install command is deprecated setup.py egg_info --egg-base ../../build/path_executor build --build-base /home/tedee/swarm/ros2_ws/build/path_executor/build install --record /home/tedee/swarm/ros2_ws/build/path_executor/install.log --single-version-externally-managed install_data
[3.338s] running egg_info
[3.340s] writing ../../build/path_executor/path_executor.egg-info/PKG-INFO
[3.340s] writing dependency_links to ../../build/path_executor/path_executor.egg-info/dependency_links.txt
[3.341s] writing entry points to ../../build/path_executor/path_executor.egg-info/entry_points.txt
[3.341s] writing requirements to ../../build/path_executor/path_executor.egg-info/requires.txt
[3.341s] writing top-level names to ../../build/path_executor/path_executor.egg-info/top_level.txt
[3.344s] reading manifest file '../../build/path_executor/path_executor.egg-info/SOURCES.txt'
[3.345s] writing manifest file '../../build/path_executor/path_executor.egg-info/SOURCES.txt'
[3.345s] running build
[3.346s] running build_py
[3.346s] running install
[3.346s] running install_lib
[3.349s] running install_data
[3.350s] running install_egg_info
[3.353s] removing '/home/tedee/swarm/ros2_ws/install/path_executor/lib/python3.10/site-packages/path_executor-0.0.0-py3.10.egg-info' (and everything under it)
[3.353s] Copying ../../build/path_executor/path_executor.egg-info to /home/tedee/swarm/ros2_ws/install/path_executor/lib/python3.10/site-packages/path_executor-0.0.0-py3.10.egg-info
[3.354s] running install_scripts
[3.401s] Installing path_executor_node script to /home/tedee/swarm/ros2_ws/install/path_executor/lib/path_executor
[3.402s] writing list of installed files to '/home/tedee/swarm/ros2_ws/build/path_executor/install.log'
[3.475s] Invoked command in '/home/tedee/swarm/ros2_ws/src/path_executor' returned '0': PYTHONPATH=/home/tedee/swarm/ros2_ws/build/path_executor/prefix_override:/usr/lib/python3/dist-packages/colcon_core/task/python/colcon_distutils_commands:/home/tedee/swarm/ros2_ws/install/path_executor/lib/python3.10/site-packages:${PYTHONPATH} /usr/bin/python3 -W ignore:setup.py install is deprecated -W ignore:easy_install command is deprecated setup.py egg_info --egg-base ../../build/path_executor build --build-base /home/tedee/swarm/ros2_ws/build/path_executor/build install --record /home/tedee/swarm/ros2_ws/build/path_executor/install.log --single-version-externally-managed install_data
