[2.509s] Invoking command in '/home/tedee/swarm/ros2_ws/src/path_executor': PYTHONPATH=/home/tedee/swarm/ros2_ws/build/path_executor/prefix_override:/usr/lib/python3/dist-packages/colcon_core/task/python/colcon_distutils_commands:/home/tedee/swarm/ros2_ws/install/path_executor/lib/python3.10/site-packages:${PYTHONPATH} /usr/bin/python3 -W ignore:setup.py install is deprecated -W ignore:easy_install command is deprecated setup.py egg_info --egg-base ../../build/path_executor build --build-base /home/tedee/swarm/ros2_ws/build/path_executor/build install --record /home/tedee/swarm/ros2_ws/build/path_executor/install.log --single-version-externally-managed install_data
[3.044s] running egg_info
[3.046s] writing ../../build/path_executor/path_executor.egg-info/PKG-INFO
[3.047s] writing dependency_links to ../../build/path_executor/path_executor.egg-info/dependency_links.txt
[3.047s] writing entry points to ../../build/path_executor/path_executor.egg-info/entry_points.txt
[3.047s] writing requirements to ../../build/path_executor/path_executor.egg-info/requires.txt
[3.047s] writing top-level names to ../../build/path_executor/path_executor.egg-info/top_level.txt
[3.050s] reading manifest file '../../build/path_executor/path_executor.egg-info/SOURCES.txt'
[3.052s] writing manifest file '../../build/path_executor/path_executor.egg-info/SOURCES.txt'
[3.052s] running build
[3.052s] running build_py
[3.053s] running install
[3.053s] running install_lib
[3.054s] running install_data
[3.054s] running install_egg_info
[3.057s] removing '/home/tedee/swarm/ros2_ws/install/path_executor/lib/python3.10/site-packages/path_executor-0.0.0-py3.10.egg-info' (and everything under it)
[3.058s] Copying ../../build/path_executor/path_executor.egg-info to /home/tedee/swarm/ros2_ws/install/path_executor/lib/python3.10/site-packages/path_executor-0.0.0-py3.10.egg-info
[3.058s] running install_scripts
[3.099s] Installing path_executor_node script to /home/tedee/swarm/ros2_ws/install/path_executor/lib/path_executor
[3.100s] writing list of installed files to '/home/tedee/swarm/ros2_ws/build/path_executor/install.log'
[3.173s] Invoked command in '/home/tedee/swarm/ros2_ws/src/path_executor' returned '0': PYTHONPATH=/home/tedee/swarm/ros2_ws/build/path_executor/prefix_override:/usr/lib/python3/dist-packages/colcon_core/task/python/colcon_distutils_commands:/home/tedee/swarm/ros2_ws/install/path_executor/lib/python3.10/site-packages:${PYTHONPATH} /usr/bin/python3 -W ignore:setup.py install is deprecated -W ignore:easy_install command is deprecated setup.py egg_info --egg-base ../../build/path_executor build --build-base /home/tedee/swarm/ros2_ws/build/path_executor/build install --record /home/tedee/swarm/ros2_ws/build/path_executor/install.log --single-version-externally-managed install_data
