[1.860s] Invoking command in '/home/tedee/swarm/ros2_ws/src/gui_pkg': PYTHONPATH=/home/tedee/swarm/ros2_ws/build/gui_pkg/prefix_override:/usr/lib/python3/dist-packages/colcon_core/task/python/colcon_distutils_commands:/home/tedee/swarm/ros2_ws/install/gui_pkg/lib/python3.10/site-packages:${PYTHONPATH} /usr/bin/python3 -W ignore:setup.py install is deprecated -W ignore:easy_install command is deprecated setup.py egg_info --egg-base ../../build/gui_pkg build --build-base /home/tedee/swarm/ros2_ws/build/gui_pkg/build install --record /home/tedee/swarm/ros2_ws/build/gui_pkg/install.log --single-version-externally-managed install_data
[2.100s] running egg_info
[2.100s] writing ../../build/gui_pkg/gui_pkg.egg-info/PKG-INFO
[2.101s] writing dependency_links to ../../build/gui_pkg/gui_pkg.egg-info/dependency_links.txt
[2.101s] writing entry points to ../../build/gui_pkg/gui_pkg.egg-info/entry_points.txt
[2.101s] writing requirements to ../../build/gui_pkg/gui_pkg.egg-info/requires.txt
[2.101s] writing top-level names to ../../build/gui_pkg/gui_pkg.egg-info/top_level.txt
[2.103s] reading manifest file '../../build/gui_pkg/gui_pkg.egg-info/SOURCES.txt'
[2.104s] writing manifest file '../../build/gui_pkg/gui_pkg.egg-info/SOURCES.txt'
[2.104s] running build
[2.104s] running build_py
[2.105s] running install
[2.106s] running install_lib
[2.111s] running install_data
[2.112s] running install_egg_info
[2.113s] removing '/home/tedee/swarm/ros2_ws/install/gui_pkg/lib/python3.10/site-packages/gui_pkg-0.0.0-py3.10.egg-info' (and everything under it)
[2.114s] Copying ../../build/gui_pkg/gui_pkg.egg-info to /home/tedee/swarm/ros2_ws/install/gui_pkg/lib/python3.10/site-packages/gui_pkg-0.0.0-py3.10.egg-info
[2.114s] running install_scripts
[2.133s] Installing bridge script to /home/tedee/swarm/ros2_ws/install/gui_pkg/lib/gui_pkg
[2.141s] Installing gui_pkg script to /home/tedee/swarm/ros2_ws/install/gui_pkg/lib/gui_pkg
[2.141s] writing list of installed files to '/home/tedee/swarm/ros2_ws/build/gui_pkg/install.log'
[2.183s] Invoked command in '/home/tedee/swarm/ros2_ws/src/gui_pkg' returned '0': PYTHONPATH=/home/tedee/swarm/ros2_ws/build/gui_pkg/prefix_override:/usr/lib/python3/dist-packages/colcon_core/task/python/colcon_distutils_commands:/home/tedee/swarm/ros2_ws/install/gui_pkg/lib/python3.10/site-packages:${PYTHONPATH} /usr/bin/python3 -W ignore:setup.py install is deprecated -W ignore:easy_install command is deprecated setup.py egg_info --egg-base ../../build/gui_pkg build --build-base /home/tedee/swarm/ros2_ws/build/gui_pkg/build install --record /home/tedee/swarm/ros2_ws/build/gui_pkg/install.log --single-version-externally-managed install_data
