[4.383s] Invoking command in '/home/tedee/swarm/ros2_ws/src/path_planner': PYTHONPATH=/home/tedee/swarm/ros2_ws/build/path_planner/prefix_override:/usr/lib/python3/dist-packages/colcon_core/task/python/colcon_distutils_commands:/home/tedee/swarm/ros2_ws/install/path_planner/lib/python3.10/site-packages:${PYTHONPATH} /usr/bin/python3 -W ignore:setup.py install is deprecated -W ignore:easy_install command is deprecated setup.py egg_info --egg-base ../../build/path_planner build --build-base /home/tedee/swarm/ros2_ws/build/path_planner/build install --record /home/tedee/swarm/ros2_ws/build/path_planner/install.log --single-version-externally-managed install_data
[5.201s] running egg_info
[5.203s] writing ../../build/path_planner/path_planner.egg-info/PKG-INFO
[5.204s] writing dependency_links to ../../build/path_planner/path_planner.egg-info/dependency_links.txt
[5.204s] writing entry points to ../../build/path_planner/path_planner.egg-info/entry_points.txt
[5.204s] writing requirements to ../../build/path_planner/path_planner.egg-info/requires.txt
[5.205s] writing top-level names to ../../build/path_planner/path_planner.egg-info/top_level.txt
[5.208s] reading manifest file '../../build/path_planner/path_planner.egg-info/SOURCES.txt'
[5.211s] writing manifest file '../../build/path_planner/path_planner.egg-info/SOURCES.txt'
[5.211s] running build
[5.211s] running build_py
[5.212s] running install
[5.212s] running install_lib
[5.216s] running install_data
[5.216s] running install_egg_info
[5.222s] removing '/home/tedee/swarm/ros2_ws/install/path_planner/lib/python3.10/site-packages/path_planner-0.0.0-py3.10.egg-info' (and everything under it)
[5.222s] Copying ../../build/path_planner/path_planner.egg-info to /home/tedee/swarm/ros2_ws/install/path_planner/lib/python3.10/site-packages/path_planner-0.0.0-py3.10.egg-info
[5.224s] running install_scripts
[5.282s] Installing path_planner_node script to /home/tedee/swarm/ros2_ws/install/path_planner/lib/path_planner
[5.283s] writing list of installed files to '/home/tedee/swarm/ros2_ws/build/path_planner/install.log'
[5.354s] Invoked command in '/home/tedee/swarm/ros2_ws/src/path_planner' returned '0': PYTHONPATH=/home/tedee/swarm/ros2_ws/build/path_planner/prefix_override:/usr/lib/python3/dist-packages/colcon_core/task/python/colcon_distutils_commands:/home/tedee/swarm/ros2_ws/install/path_planner/lib/python3.10/site-packages:${PYTHONPATH} /usr/bin/python3 -W ignore:setup.py install is deprecated -W ignore:easy_install command is deprecated setup.py egg_info --egg-base ../../build/path_planner build --build-base /home/tedee/swarm/ros2_ws/build/path_planner/build install --record /home/tedee/swarm/ros2_ws/build/path_planner/install.log --single-version-externally-managed install_data
