[5.067s] Invoking command in '/home/tedee/swarm/ros2_ws/src/gui_pkg': PYTHONPATH=/home/tedee/swarm/ros2_ws/build/gui_pkg/prefix_override:/usr/lib/python3/dist-packages/colcon_core/task/python/colcon_distutils_commands:/home/tedee/swarm/ros2_ws/install/gui_pkg/lib/python3.10/site-packages:${PYTHONPATH} /usr/bin/python3 -W ignore:setup.py install is deprecated -W ignore:easy_install command is deprecated setup.py egg_info --egg-base ../../build/gui_pkg build --build-base /home/tedee/swarm/ros2_ws/build/gui_pkg/build install --record /home/tedee/swarm/ros2_ws/build/gui_pkg/install.log --single-version-externally-managed install_data
[5.736s] running egg_info
[5.737s] writing ../../build/gui_pkg/gui_pkg.egg-info/PKG-INFO
[5.737s] writing dependency_links to ../../build/gui_pkg/gui_pkg.egg-info/dependency_links.txt
[5.738s] writing entry points to ../../build/gui_pkg/gui_pkg.egg-info/entry_points.txt
[5.738s] writing requirements to ../../build/gui_pkg/gui_pkg.egg-info/requires.txt
[5.739s] writing top-level names to ../../build/gui_pkg/gui_pkg.egg-info/top_level.txt
[5.740s] reading manifest file '../../build/gui_pkg/gui_pkg.egg-info/SOURCES.txt'
[5.742s] writing manifest file '../../build/gui_pkg/gui_pkg.egg-info/SOURCES.txt'
[5.743s] running build
[5.743s] running build_py
[5.743s] running install
[5.745s] running install_lib
[5.746s] running install_data
[5.746s] running install_egg_info
[5.751s] removing '/home/tedee/swarm/ros2_ws/install/gui_pkg/lib/python3.10/site-packages/gui_pkg-0.0.0-py3.10.egg-info' (and everything under it)
[5.751s] Copying ../../build/gui_pkg/gui_pkg.egg-info to /home/tedee/swarm/ros2_ws/install/gui_pkg/lib/python3.10/site-packages/gui_pkg-0.0.0-py3.10.egg-info
[5.751s] running install_scripts
[5.796s] Installing bridge script to /home/tedee/swarm/ros2_ws/install/gui_pkg/lib/gui_pkg
[5.796s] Installing gui_pkg script to /home/tedee/swarm/ros2_ws/install/gui_pkg/lib/gui_pkg
[5.797s] writing list of installed files to '/home/tedee/swarm/ros2_ws/build/gui_pkg/install.log'
[5.860s] Invoked command in '/home/tedee/swarm/ros2_ws/src/gui_pkg' returned '0': PYTHONPATH=/home/tedee/swarm/ros2_ws/build/gui_pkg/prefix_override:/usr/lib/python3/dist-packages/colcon_core/task/python/colcon_distutils_commands:/home/tedee/swarm/ros2_ws/install/gui_pkg/lib/python3.10/site-packages:${PYTHONPATH} /usr/bin/python3 -W ignore:setup.py install is deprecated -W ignore:easy_install command is deprecated setup.py egg_info --egg-base ../../build/gui_pkg build --build-base /home/tedee/swarm/ros2_ws/build/gui_pkg/build install --record /home/tedee/swarm/ros2_ws/build/gui_pkg/install.log --single-version-externally-managed install_data
