[2.303s] Invoking command in '/home/tedee/swarm/ros2_ws/src/path_planner': PYTHONPATH=/home/tedee/swarm/ros2_ws/build/path_planner/prefix_override:/usr/lib/python3/dist-packages/colcon_core/task/python/colcon_distutils_commands:/home/tedee/swarm/ros2_ws/install/path_planner/lib/python3.10/site-packages:${PYTHONPATH} /usr/bin/python3 -W ignore:setup.py install is deprecated -W ignore:easy_install command is deprecated setup.py egg_info --egg-base ../../build/path_planner build --build-base /home/tedee/swarm/ros2_ws/build/path_planner/build install --record /home/tedee/swarm/ros2_ws/build/path_planner/install.log --single-version-externally-managed install_data
[2.811s] running egg_info
[2.813s] writing ../../build/path_planner/path_planner.egg-info/PKG-INFO
[2.814s] writing dependency_links to ../../build/path_planner/path_planner.egg-info/dependency_links.txt
[2.814s] writing entry points to ../../build/path_planner/path_planner.egg-info/entry_points.txt
[2.814s] writing requirements to ../../build/path_planner/path_planner.egg-info/requires.txt
[2.816s] writing top-level names to ../../build/path_planner/path_planner.egg-info/top_level.txt
[2.817s] reading manifest file '../../build/path_planner/path_planner.egg-info/SOURCES.txt'
[2.818s] writing manifest file '../../build/path_planner/path_planner.egg-info/SOURCES.txt'
[2.818s] running build
[2.818s] running build_py
[2.819s] running install
[2.819s] running install_lib
[2.821s] running install_data
[2.821s] running install_egg_info
[2.825s] removing '/home/tedee/swarm/ros2_ws/install/path_planner/lib/python3.10/site-packages/path_planner-0.0.0-py3.10.egg-info' (and everything under it)
[2.825s] Copying ../../build/path_planner/path_planner.egg-info to /home/tedee/swarm/ros2_ws/install/path_planner/lib/python3.10/site-packages/path_planner-0.0.0-py3.10.egg-info
[2.827s] running install_scripts
[2.868s] Installing path_planner_node script to /home/tedee/swarm/ros2_ws/install/path_planner/lib/path_planner
[2.868s] writing list of installed files to '/home/tedee/swarm/ros2_ws/build/path_planner/install.log'
[2.947s] Invoked command in '/home/tedee/swarm/ros2_ws/src/path_planner' returned '0': PYTHONPATH=/home/tedee/swarm/ros2_ws/build/path_planner/prefix_override:/usr/lib/python3/dist-packages/colcon_core/task/python/colcon_distutils_commands:/home/tedee/swarm/ros2_ws/install/path_planner/lib/python3.10/site-packages:${PYTHONPATH} /usr/bin/python3 -W ignore:setup.py install is deprecated -W ignore:easy_install command is deprecated setup.py egg_info --egg-base ../../build/path_planner build --build-base /home/tedee/swarm/ros2_ws/build/path_planner/build install --record /home/tedee/swarm/ros2_ws/build/path_planner/install.log --single-version-externally-managed install_data
