[2.838s] Invoking command in '/home/tedee/swarm/ros2_ws/src/vision_node': PYTHONPATH=/home/tedee/swarm/ros2_ws/build/vision_node/prefix_override:/usr/lib/python3/dist-packages/colcon_core/task/python/colcon_distutils_commands:/home/tedee/swarm/ros2_ws/install/vision_node/lib/python3.10/site-packages:${PYTHONPATH} /usr/bin/python3 -W ignore:setup.py install is deprecated -W ignore:easy_install command is deprecated setup.py egg_info --egg-base ../../build/vision_node build --build-base /home/tedee/swarm/ros2_ws/build/vision_node/build install --record /home/tedee/swarm/ros2_ws/build/vision_node/install.log --single-version-externally-managed install_data
[3.430s] running egg_info
[3.431s] writing ../../build/vision_node/vision_node.egg-info/PKG-INFO
[3.432s] writing dependency_links to ../../build/vision_node/vision_node.egg-info/dependency_links.txt
[3.433s] writing entry points to ../../build/vision_node/vision_node.egg-info/entry_points.txt
[3.433s] writing requirements to ../../build/vision_node/vision_node.egg-info/requires.txt
[3.433s] writing top-level names to ../../build/vision_node/vision_node.egg-info/top_level.txt
[3.436s] reading manifest file '../../build/vision_node/vision_node.egg-info/SOURCES.txt'
[3.437s] writing manifest file '../../build/vision_node/vision_node.egg-info/SOURCES.txt'
[3.437s] running build
[3.438s] running build_py
[3.438s] running install
[3.438s] running install_lib
[3.441s] running install_data
[3.441s] running install_egg_info
[3.444s] removing '/home/tedee/swarm/ros2_ws/install/vision_node/lib/python3.10/site-packages/vision_node-0.0.0-py3.10.egg-info' (and everything under it)
[3.445s] Copying ../../build/vision_node/vision_node.egg-info to /home/tedee/swarm/ros2_ws/install/vision_node/lib/python3.10/site-packages/vision_node-0.0.0-py3.10.egg-info
[3.446s] running install_scripts
[3.488s] Installing vision_node script to /home/tedee/swarm/ros2_ws/install/vision_node/lib/vision_node
[3.488s] writing list of installed files to '/home/tedee/swarm/ros2_ws/build/vision_node/install.log'
[3.576s] Invoked command in '/home/tedee/swarm/ros2_ws/src/vision_node' returned '0': PYTHONPATH=/home/tedee/swarm/ros2_ws/build/vision_node/prefix_override:/usr/lib/python3/dist-packages/colcon_core/task/python/colcon_distutils_commands:/home/tedee/swarm/ros2_ws/install/vision_node/lib/python3.10/site-packages:${PYTHONPATH} /usr/bin/python3 -W ignore:setup.py install is deprecated -W ignore:easy_install command is deprecated setup.py egg_info --egg-base ../../build/vision_node build --build-base /home/tedee/swarm/ros2_ws/build/vision_node/build install --record /home/tedee/swarm/ros2_ws/build/vision_node/install.log --single-version-externally-managed install_data
