[3.535s] Invoking command in '/home/tedee/swarm/ros2_ws/src/role_manager': PYTHONPATH=/home/tedee/swarm/ros2_ws/build/role_manager/prefix_override:/usr/lib/python3/dist-packages/colcon_core/task/python/colcon_distutils_commands:/home/tedee/swarm/ros2_ws/install/role_manager/lib/python3.10/site-packages:${PYTHONPATH} /usr/bin/python3 -W ignore:setup.py install is deprecated -W ignore:easy_install command is deprecated setup.py egg_info --egg-base ../../build/role_manager build --build-base /home/tedee/swarm/ros2_ws/build/role_manager/build install --record /home/tedee/swarm/ros2_ws/build/role_manager/install.log --single-version-externally-managed install_data
[4.089s] running egg_info
[4.090s] writing ../../build/role_manager/role_manager.egg-info/PKG-INFO
[4.091s] writing dependency_links to ../../build/role_manager/role_manager.egg-info/dependency_links.txt
[4.091s] writing entry points to ../../build/role_manager/role_manager.egg-info/entry_points.txt
[4.092s] writing requirements to ../../build/role_manager/role_manager.egg-info/requires.txt
[4.092s] writing top-level names to ../../build/role_manager/role_manager.egg-info/top_level.txt
[4.096s] reading manifest file '../../build/role_manager/role_manager.egg-info/SOURCES.txt'
[4.097s] writing manifest file '../../build/role_manager/role_manager.egg-info/SOURCES.txt'
[4.097s] running build
[4.097s] running build_py
[4.098s] running install
[4.099s] running install_lib
[4.101s] running install_data
[4.101s] running install_egg_info
[4.104s] removing '/home/tedee/swarm/ros2_ws/install/role_manager/lib/python3.10/site-packages/role_manager-0.0.0-py3.10.egg-info' (and everything under it)
[4.104s] Copying ../../build/role_manager/role_manager.egg-info to /home/tedee/swarm/ros2_ws/install/role_manager/lib/python3.10/site-packages/role_manager-0.0.0-py3.10.egg-info
[4.105s] running install_scripts
[4.149s] Installing role_manager_node script to /home/tedee/swarm/ros2_ws/install/role_manager/lib/role_manager
[4.149s] writing list of installed files to '/home/tedee/swarm/ros2_ws/build/role_manager/install.log'
[4.271s] Invoked command in '/home/tedee/swarm/ros2_ws/src/role_manager' returned '0': PYTHONPATH=/home/tedee/swarm/ros2_ws/build/role_manager/prefix_override:/usr/lib/python3/dist-packages/colcon_core/task/python/colcon_distutils_commands:/home/tedee/swarm/ros2_ws/install/role_manager/lib/python3.10/site-packages:${PYTHONPATH} /usr/bin/python3 -W ignore:setup.py install is deprecated -W ignore:easy_install command is deprecated setup.py egg_info --egg-base ../../build/role_manager build --build-base /home/tedee/swarm/ros2_ws/build/role_manager/build install --record /home/tedee/swarm/ros2_ws/build/role_manager/install.log --single-version-externally-managed install_data
