[3.193s] Invoking command in '/home/tedee/swarm/ros2_ws/src/vision_node': PYTHONPATH=/home/tedee/swarm/ros2_ws/build/vision_node/prefix_override:/usr/lib/python3/dist-packages/colcon_core/task/python/colcon_distutils_commands:/home/tedee/swarm/ros2_ws/install/vision_node/lib/python3.10/site-packages:${PYTHONPATH} /usr/bin/python3 -W ignore:setup.py install is deprecated -W ignore:easy_install command is deprecated setup.py egg_info --egg-base ../../build/vision_node build --build-base /home/tedee/swarm/ros2_ws/build/vision_node/build install --record /home/tedee/swarm/ros2_ws/build/vision_node/install.log --single-version-externally-managed install_data
[3.762s] running egg_info
[3.764s] writing ../../build/vision_node/vision_node.egg-info/PKG-INFO
[3.764s] writing dependency_links to ../../build/vision_node/vision_node.egg-info/dependency_links.txt
[3.764s] writing entry points to ../../build/vision_node/vision_node.egg-info/entry_points.txt
[3.764s] writing requirements to ../../build/vision_node/vision_node.egg-info/requires.txt
[3.765s] writing top-level names to ../../build/vision_node/vision_node.egg-info/top_level.txt
[3.768s] reading manifest file '../../build/vision_node/vision_node.egg-info/SOURCES.txt'
[3.769s] writing manifest file '../../build/vision_node/vision_node.egg-info/SOURCES.txt'
[3.770s] running build
[3.770s] running build_py
[3.770s] running install
[3.771s] running install_lib
[3.773s] running install_data
[3.773s] running install_egg_info
[3.777s] removing '/home/tedee/swarm/ros2_ws/install/vision_node/lib/python3.10/site-packages/vision_node-0.0.0-py3.10.egg-info' (and everything under it)
[3.778s] Copying ../../build/vision_node/vision_node.egg-info to /home/tedee/swarm/ros2_ws/install/vision_node/lib/python3.10/site-packages/vision_node-0.0.0-py3.10.egg-info
[3.779s] running install_scripts
[3.823s] Installing vision_node script to /home/tedee/swarm/ros2_ws/install/vision_node/lib/vision_node
[3.824s] writing list of installed files to '/home/tedee/swarm/ros2_ws/build/vision_node/install.log'
[3.908s] Invoked command in '/home/tedee/swarm/ros2_ws/src/vision_node' returned '0': PYTHONPATH=/home/tedee/swarm/ros2_ws/build/vision_node/prefix_override:/usr/lib/python3/dist-packages/colcon_core/task/python/colcon_distutils_commands:/home/tedee/swarm/ros2_ws/install/vision_node/lib/python3.10/site-packages:${PYTHONPATH} /usr/bin/python3 -W ignore:setup.py install is deprecated -W ignore:easy_install command is deprecated setup.py egg_info --egg-base ../../build/vision_node build --build-base /home/tedee/swarm/ros2_ws/build/vision_node/build install --record /home/tedee/swarm/ros2_ws/build/vision_node/install.log --single-version-externally-managed install_data
