[2.348s] Invoking command in '/home/tedee/swarm/ros2_ws/src/swarm_launch': PYTHONPATH=/home/tedee/swarm/ros2_ws/build/swarm_launch/prefix_override:/usr/lib/python3/dist-packages/colcon_core/task/python/colcon_distutils_commands:/home/tedee/swarm/ros2_ws/install/swarm_launch/lib/python3.10/site-packages:${PYTHONPATH} /usr/bin/python3 -W ignore:setup.py install is deprecated -W ignore:easy_install command is deprecated setup.py egg_info --egg-base ../../build/swarm_launch build --build-base /home/tedee/swarm/ros2_ws/build/swarm_launch/build install --record /home/tedee/swarm/ros2_ws/build/swarm_launch/install.log --single-version-externally-managed install_data
[2.897s] running egg_info
[2.899s] writing ../../build/swarm_launch/swarm_launch.egg-info/PKG-INFO
[2.899s] writing dependency_links to ../../build/swarm_launch/swarm_launch.egg-info/dependency_links.txt
[2.900s] writing entry points to ../../build/swarm_launch/swarm_launch.egg-info/entry_points.txt
[2.900s] writing requirements to ../../build/swarm_launch/swarm_launch.egg-info/requires.txt
[2.900s] writing top-level names to ../../build/swarm_launch/swarm_launch.egg-info/top_level.txt
[2.903s] reading manifest file '../../build/swarm_launch/swarm_launch.egg-info/SOURCES.txt'
[2.905s] writing manifest file '../../build/swarm_launch/swarm_launch.egg-info/SOURCES.txt'
[2.905s] running build
[2.905s] running build_py
[2.905s] running install
[2.906s] running install_lib
[2.908s] running install_data
[2.909s] running install_egg_info
[2.912s] removing '/home/tedee/swarm/ros2_ws/install/swarm_launch/lib/python3.10/site-packages/swarm_launch-0.0.0-py3.10.egg-info' (and everything under it)
[2.913s] Copying ../../build/swarm_launch/swarm_launch.egg-info to /home/tedee/swarm/ros2_ws/install/swarm_launch/lib/python3.10/site-packages/swarm_launch-0.0.0-py3.10.egg-info
[2.914s] running install_scripts
[2.959s] writing list of installed files to '/home/tedee/swarm/ros2_ws/build/swarm_launch/install.log'
[3.005s] Invoked command in '/home/tedee/swarm/ros2_ws/src/swarm_launch' returned '0': PYTHONPATH=/home/tedee/swarm/ros2_ws/build/swarm_launch/prefix_override:/usr/lib/python3/dist-packages/colcon_core/task/python/colcon_distutils_commands:/home/tedee/swarm/ros2_ws/install/swarm_launch/lib/python3.10/site-packages:${PYTHONPATH} /usr/bin/python3 -W ignore:setup.py install is deprecated -W ignore:easy_install command is deprecated setup.py egg_info --egg-base ../../build/swarm_launch build --build-base /home/tedee/swarm/ros2_ws/build/swarm_launch/build install --record /home/tedee/swarm/ros2_ws/build/swarm_launch/install.log --single-version-externally-managed install_data
