[2.985s] Invoking command in '/home/tedee/swarm/ros2_ws/src/path_planner': PYTHONPATH=/home/tedee/swarm/ros2_ws/build/path_planner/prefix_override:/usr/lib/python3/dist-packages/colcon_core/task/python/colcon_distutils_commands:/home/tedee/swarm/ros2_ws/install/path_planner/lib/python3.10/site-packages:${PYTHONPATH} /usr/bin/python3 -W ignore:setup.py install is deprecated -W ignore:easy_install command is deprecated setup.py egg_info --egg-base ../../build/path_planner build --build-base /home/tedee/swarm/ros2_ws/build/path_planner/build install --record /home/tedee/swarm/ros2_ws/build/path_planner/install.log --single-version-externally-managed install_data
[3.553s] running egg_info
[3.554s] writing ../../build/path_planner/path_planner.egg-info/PKG-INFO
[3.554s] writing dependency_links to ../../build/path_planner/path_planner.egg-info/dependency_links.txt
[3.555s] writing entry points to ../../build/path_planner/path_planner.egg-info/entry_points.txt
[3.556s] writing requirements to ../../build/path_planner/path_planner.egg-info/requires.txt
[3.556s] writing top-level names to ../../build/path_planner/path_planner.egg-info/top_level.txt
[3.558s] reading manifest file '../../build/path_planner/path_planner.egg-info/SOURCES.txt'
[3.562s] writing manifest file '../../build/path_planner/path_planner.egg-info/SOURCES.txt'
[3.563s] running build
[3.564s] running build_py
[3.565s] running install
[3.565s] running install_lib
[3.567s] running install_data
[3.567s] running install_egg_info
[3.571s] removing '/home/tedee/swarm/ros2_ws/install/path_planner/lib/python3.10/site-packages/path_planner-0.0.0-py3.10.egg-info' (and everything under it)
[3.571s] Copying ../../build/path_planner/path_planner.egg-info to /home/tedee/swarm/ros2_ws/install/path_planner/lib/python3.10/site-packages/path_planner-0.0.0-py3.10.egg-info
[3.574s] running install_scripts
[3.617s] Installing path_planner_node script to /home/tedee/swarm/ros2_ws/install/path_planner/lib/path_planner
[3.617s] writing list of installed files to '/home/tedee/swarm/ros2_ws/build/path_planner/install.log'
[3.714s] Invoked command in '/home/tedee/swarm/ros2_ws/src/path_planner' returned '0': PYTHONPATH=/home/tedee/swarm/ros2_ws/build/path_planner/prefix_override:/usr/lib/python3/dist-packages/colcon_core/task/python/colcon_distutils_commands:/home/tedee/swarm/ros2_ws/install/path_planner/lib/python3.10/site-packages:${PYTHONPATH} /usr/bin/python3 -W ignore:setup.py install is deprecated -W ignore:easy_install command is deprecated setup.py egg_info --egg-base ../../build/path_planner build --build-base /home/tedee/swarm/ros2_ws/build/path_planner/build install --record /home/tedee/swarm/ros2_ws/build/path_planner/install.log --single-version-externally-managed install_data
