[4.950s] Invoking command in '/home/tedee/swarm/ros2_ws/src/swarm_launch': PYTHONPATH=/home/tedee/swarm/ros2_ws/build/swarm_launch/prefix_override:/usr/lib/python3/dist-packages/colcon_core/task/python/colcon_distutils_commands:/home/tedee/swarm/ros2_ws/install/swarm_launch/lib/python3.10/site-packages:${PYTHONPATH} /usr/bin/python3 -W ignore:setup.py install is deprecated -W ignore:easy_install command is deprecated setup.py egg_info --egg-base ../../build/swarm_launch build --build-base /home/tedee/swarm/ros2_ws/build/swarm_launch/build install --record /home/tedee/swarm/ros2_ws/build/swarm_launch/install.log --single-version-externally-managed install_data
[5.721s] running egg_info
[5.722s] writing ../../build/swarm_launch/swarm_launch.egg-info/PKG-INFO
[5.722s] writing dependency_links to ../../build/swarm_launch/swarm_launch.egg-info/dependency_links.txt
[5.723s] writing entry points to ../../build/swarm_launch/swarm_launch.egg-info/entry_points.txt
[5.723s] writing requirements to ../../build/swarm_launch/swarm_launch.egg-info/requires.txt
[5.724s] writing top-level names to ../../build/swarm_launch/swarm_launch.egg-info/top_level.txt
[5.727s] reading manifest file '../../build/swarm_launch/swarm_launch.egg-info/SOURCES.txt'
[5.728s] writing manifest file '../../build/swarm_launch/swarm_launch.egg-info/SOURCES.txt'
[5.729s] running build
[5.729s] running build_py
[5.729s] running install
[5.730s] running install_lib
[5.733s] running install_data
[5.735s] running install_egg_info
[5.738s] removing '/home/tedee/swarm/ros2_ws/install/swarm_launch/lib/python3.10/site-packages/swarm_launch-0.0.0-py3.10.egg-info' (and everything under it)
[5.738s] Copying ../../build/swarm_launch/swarm_launch.egg-info to /home/tedee/swarm/ros2_ws/install/swarm_launch/lib/python3.10/site-packages/swarm_launch-0.0.0-py3.10.egg-info
[5.739s] running install_scripts
[5.783s] writing list of installed files to '/home/tedee/swarm/ros2_ws/build/swarm_launch/install.log'
[5.832s] Invoked command in '/home/tedee/swarm/ros2_ws/src/swarm_launch' returned '0': PYTHONPATH=/home/tedee/swarm/ros2_ws/build/swarm_launch/prefix_override:/usr/lib/python3/dist-packages/colcon_core/task/python/colcon_distutils_commands:/home/tedee/swarm/ros2_ws/install/swarm_launch/lib/python3.10/site-packages:${PYTHONPATH} /usr/bin/python3 -W ignore:setup.py install is deprecated -W ignore:easy_install command is deprecated setup.py egg_info --egg-base ../../build/swarm_launch build --build-base /home/tedee/swarm/ros2_ws/build/swarm_launch/build install --record /home/tedee/swarm/ros2_ws/build/swarm_launch/install.log --single-version-externally-managed install_data
