[3.282s] Invoking command in '/home/tedee/swarm/ros2_ws/src/swarm_launch': PYTHONPATH=/home/tedee/swarm/ros2_ws/build/swarm_launch/prefix_override:/usr/lib/python3/dist-packages/colcon_core/task/python/colcon_distutils_commands:/home/tedee/swarm/ros2_ws/install/swarm_launch/lib/python3.10/site-packages:${PYTHONPATH} /usr/bin/python3 -W ignore:setup.py install is deprecated -W ignore:easy_install command is deprecated setup.py egg_info --egg-base ../../build/swarm_launch build --build-base /home/tedee/swarm/ros2_ws/build/swarm_launch/build install --record /home/tedee/swarm/ros2_ws/build/swarm_launch/install.log --single-version-externally-managed install_data
[3.816s] running egg_info
[3.817s] writing ../../build/swarm_launch/swarm_launch.egg-info/PKG-INFO
[3.818s] writing dependency_links to ../../build/swarm_launch/swarm_launch.egg-info/dependency_links.txt
[3.818s] writing entry points to ../../build/swarm_launch/swarm_launch.egg-info/entry_points.txt
[3.818s] writing requirements to ../../build/swarm_launch/swarm_launch.egg-info/requires.txt
[3.818s] writing top-level names to ../../build/swarm_launch/swarm_launch.egg-info/top_level.txt
[3.823s] reading manifest file '../../build/swarm_launch/swarm_launch.egg-info/SOURCES.txt'
[3.824s] writing manifest file '../../build/swarm_launch/swarm_launch.egg-info/SOURCES.txt'
[3.824s] running build
[3.824s] running build_py
[3.826s] running install
[3.827s] running install_lib
[3.831s] running install_data
[3.833s] running install_egg_info
[3.837s] removing '/home/tedee/swarm/ros2_ws/install/swarm_launch/lib/python3.10/site-packages/swarm_launch-0.0.0-py3.10.egg-info' (and everything under it)
[3.837s] Copying ../../build/swarm_launch/swarm_launch.egg-info to /home/tedee/swarm/ros2_ws/install/swarm_launch/lib/python3.10/site-packages/swarm_launch-0.0.0-py3.10.egg-info
[3.839s] running install_scripts
[3.878s] writing list of installed files to '/home/tedee/swarm/ros2_ws/build/swarm_launch/install.log'
[4.018s] Invoked command in '/home/tedee/swarm/ros2_ws/src/swarm_launch' returned '0': PYTHONPATH=/home/tedee/swarm/ros2_ws/build/swarm_launch/prefix_override:/usr/lib/python3/dist-packages/colcon_core/task/python/colcon_distutils_commands:/home/tedee/swarm/ros2_ws/install/swarm_launch/lib/python3.10/site-packages:${PYTHONPATH} /usr/bin/python3 -W ignore:setup.py install is deprecated -W ignore:easy_install command is deprecated setup.py egg_info --egg-base ../../build/swarm_launch build --build-base /home/tedee/swarm/ros2_ws/build/swarm_launch/build install --record /home/tedee/swarm/ros2_ws/build/swarm_launch/install.log --single-version-externally-managed install_data
