[0.127s] DEBUG:colcon:Command line arguments: ['/usr/bin/colcon', 'build']
[0.128s] DEBUG:colcon:Parsed command line arguments: Namespace(log_base=None, log_level=None, verb_name='build', build_base='build', install_base='install', merge_install=False, symlink_install=False, test_result_base=None, continue_on_error=False, executor='parallel', parallel_workers=20, event_handlers=None, ignore_user_meta=False, metas=['./colcon.meta'], base_paths=['.'], packages_ignore=None, packages_ignore_regex=None, paths=None, packages_up_to=None, packages_up_to_regex=None, packages_above=None, packages_above_and_dependencies=None, packages_above_depth=None, packages_select_by_dep=None, packages_skip_by_dep=None, packages_skip_up_to=None, packages_select_build_failed=False, packages_skip_build_finished=False, packages_select_test_failures=False, packages_skip_test_passed=False, packages_select=None, packages_skip=None, packages_select_regex=None, packages_skip_regex=None, packages_start=None, packages_end=None, allow_overriding=[], cmake_args=None, cmake_target=None, cmake_target_skip_unavailable=False, cmake_clean_cache=False, cmake_clean_first=False, cmake_force_configure=False, ament_cmake_args=None, catkin_cmake_args=None, catkin_skip_building_tests=False, mixin_files=None, mixin=None, verb_parser=<colcon_mixin.mixin.mixin_argument.MixinArgumentDecorator object at 0x7a95bb42f6a0>, verb_extension=<colcon_core.verb.build.BuildVerb object at 0x7a95bb42f100>, main=<bound method BuildVerb.main of <colcon_core.verb.build.BuildVerb object at 0x7a95bb42f100>>, mixin_verb=('build',))
[0.352s] Level 1:colcon.colcon_core.package_discovery:discover_packages(colcon_meta) check parameters
[0.352s] Level 1:colcon.colcon_core.package_discovery:discover_packages(recursive) check parameters
[0.352s] Level 1:colcon.colcon_core.package_discovery:discover_packages(ignore) check parameters
[0.352s] Level 1:colcon.colcon_core.package_discovery:discover_packages(path) check parameters
[0.352s] Level 1:colcon.colcon_core.package_discovery:discover_packages(colcon_meta) discover
[0.352s] Level 1:colcon.colcon_core.package_discovery:discover_packages(recursive) discover
[0.352s] INFO:colcon.colcon_core.package_discovery:Crawling recursively for packages in '/home/tedee/swarm/ros2_ws'
[0.352s] Level 1:colcon.colcon_core.package_identification:_identify(.) by extensions ['ignore', 'ignore_ament_install']
[0.352s] Level 1:colcon.colcon_core.package_identification:_identify(.) by extension 'ignore'
[0.352s] Level 1:colcon.colcon_core.package_identification:_identify(.) by extension 'ignore_ament_install'
[0.352s] Level 1:colcon.colcon_core.package_identification:_identify(.) by extensions ['colcon_pkg']
[0.352s] Level 1:colcon.colcon_core.package_identification:_identify(.) by extension 'colcon_pkg'
[0.352s] Level 1:colcon.colcon_core.package_identification:_identify(.) by extensions ['colcon_meta']
[0.353s] Level 1:colcon.colcon_core.package_identification:_identify(.) by extension 'colcon_meta'
[0.353s] Level 1:colcon.colcon_core.package_identification:_identify(.) by extensions ['ros']
[0.353s] Level 1:colcon.colcon_core.package_identification:_identify(.) by extension 'ros'
[0.372s] Level 1:colcon.colcon_core.package_identification:_identify(.) by extensions ['cmake', 'python']
[0.372s] Level 1:colcon.colcon_core.package_identification:_identify(.) by extension 'cmake'
[0.372s] Level 1:colcon.colcon_core.package_identification:_identify(.) by extension 'python'
[0.372s] Level 1:colcon.colcon_core.package_identification:_identify(.) by extensions ['python_setup_py']
[0.372s] Level 1:colcon.colcon_core.package_identification:_identify(.) by extension 'python_setup_py'
[0.372s] Level 1:colcon.colcon_core.package_identification:_identify(build) by extensions ['ignore', 'ignore_ament_install']
[0.372s] Level 1:colcon.colcon_core.package_identification:_identify(build) by extension 'ignore'
[0.372s] Level 1:colcon.colcon_core.package_identification:_identify(build) ignored
[0.372s] Level 1:colcon.colcon_core.package_identification:_identify(install) by extensions ['ignore', 'ignore_ament_install']
[0.372s] Level 1:colcon.colcon_core.package_identification:_identify(install) by extension 'ignore'
[0.372s] Level 1:colcon.colcon_core.package_identification:_identify(install) ignored
[0.373s] Level 1:colcon.colcon_core.package_identification:_identify(log) by extensions ['ignore', 'ignore_ament_install']
[0.373s] Level 1:colcon.colcon_core.package_identification:_identify(log) by extension 'ignore'
[0.373s] Level 1:colcon.colcon_core.package_identification:_identify(log) ignored
[0.373s] Level 1:colcon.colcon_core.package_identification:_identify(src) by extensions ['ignore', 'ignore_ament_install']
[0.373s] Level 1:colcon.colcon_core.package_identification:_identify(src) by extension 'ignore'
[0.373s] Level 1:colcon.colcon_core.package_identification:_identify(src) by extension 'ignore_ament_install'
[0.373s] Level 1:colcon.colcon_core.package_identification:_identify(src) by extensions ['colcon_pkg']
[0.373s] Level 1:colcon.colcon_core.package_identification:_identify(src) by extension 'colcon_pkg'
[0.373s] Level 1:colcon.colcon_core.package_identification:_identify(src) by extensions ['colcon_meta']
[0.373s] Level 1:colcon.colcon_core.package_identification:_identify(src) by extension 'colcon_meta'
[0.373s] Level 1:colcon.colcon_core.package_identification:_identify(src) by extensions ['ros']
[0.373s] Level 1:colcon.colcon_core.package_identification:_identify(src) by extension 'ros'
[0.373s] Level 1:colcon.colcon_core.package_identification:_identify(src) by extensions ['cmake', 'python']
[0.373s] Level 1:colcon.colcon_core.package_identification:_identify(src) by extension 'cmake'
[0.373s] Level 1:colcon.colcon_core.package_identification:_identify(src) by extension 'python'
[0.373s] Level 1:colcon.colcon_core.package_identification:_identify(src) by extensions ['python_setup_py']
[0.373s] Level 1:colcon.colcon_core.package_identification:_identify(src) by extension 'python_setup_py'
[0.373s] Level 1:colcon.colcon_core.package_identification:_identify(src/aruco) by extensions ['ignore', 'ignore_ament_install']
[0.374s] Level 1:colcon.colcon_core.package_identification:_identify(src/aruco) by extension 'ignore'
[0.374s] Level 1:colcon.colcon_core.package_identification:_identify(src/aruco) by extension 'ignore_ament_install'
[0.374s] Level 1:colcon.colcon_core.package_identification:_identify(src/aruco) by extensions ['colcon_pkg']
[0.374s] Level 1:colcon.colcon_core.package_identification:_identify(src/aruco) by extension 'colcon_pkg'
[0.374s] Level 1:colcon.colcon_core.package_identification:_identify(src/aruco) by extensions ['colcon_meta']
[0.374s] Level 1:colcon.colcon_core.package_identification:_identify(src/aruco) by extension 'colcon_meta'
[0.374s] Level 1:colcon.colcon_core.package_identification:_identify(src/aruco) by extensions ['ros']
[0.374s] Level 1:colcon.colcon_core.package_identification:_identify(src/aruco) by extension 'ros'
[0.374s] Level 1:colcon.colcon_core.package_identification:_identify(src/aruco) by extensions ['cmake', 'python']
[0.374s] Level 1:colcon.colcon_core.package_identification:_identify(src/aruco) by extension 'cmake'
[0.374s] Level 1:colcon.colcon_core.package_identification:_identify(src/aruco) by extension 'python'
[0.374s] Level 1:colcon.colcon_core.package_identification:_identify(src/aruco) by extensions ['python_setup_py']
[0.374s] Level 1:colcon.colcon_core.package_identification:_identify(src/aruco) by extension 'python_setup_py'
[0.374s] Level 1:colcon.colcon_core.package_identification:_identify(src/path_executor) by extensions ['ignore', 'ignore_ament_install']
[0.374s] Level 1:colcon.colcon_core.package_identification:_identify(src/path_executor) by extension 'ignore'
[0.374s] Level 1:colcon.colcon_core.package_identification:_identify(src/path_executor) by extension 'ignore_ament_install'
[0.374s] Level 1:colcon.colcon_core.package_identification:_identify(src/path_executor) by extensions ['colcon_pkg']
[0.374s] Level 1:colcon.colcon_core.package_identification:_identify(src/path_executor) by extension 'colcon_pkg'
[0.374s] Level 1:colcon.colcon_core.package_identification:_identify(src/path_executor) by extensions ['colcon_meta']
[0.374s] Level 1:colcon.colcon_core.package_identification:_identify(src/path_executor) by extension 'colcon_meta'
[0.374s] Level 1:colcon.colcon_core.package_identification:_identify(src/path_executor) by extensions ['ros']
[0.374s] Level 1:colcon.colcon_core.package_identification:_identify(src/path_executor) by extension 'ros'
[0.377s] DEBUG:colcon.colcon_core.package_identification:Package 'src/path_executor' with type 'ros.ament_python' and name 'path_executor'
[0.377s] Level 1:colcon.colcon_core.package_identification:_identify(src/path_planner) by extensions ['ignore', 'ignore_ament_install']
[0.377s] Level 1:colcon.colcon_core.package_identification:_identify(src/path_planner) by extension 'ignore'
[0.377s] Level 1:colcon.colcon_core.package_identification:_identify(src/path_planner) by extension 'ignore_ament_install'
[0.377s] Level 1:colcon.colcon_core.package_identification:_identify(src/path_planner) by extensions ['colcon_pkg']
[0.377s] Level 1:colcon.colcon_core.package_identification:_identify(src/path_planner) by extension 'colcon_pkg'
[0.377s] Level 1:colcon.colcon_core.package_identification:_identify(src/path_planner) by extensions ['colcon_meta']
[0.377s] Level 1:colcon.colcon_core.package_identification:_identify(src/path_planner) by extension 'colcon_meta'
[0.377s] Level 1:colcon.colcon_core.package_identification:_identify(src/path_planner) by extensions ['ros']
[0.377s] Level 1:colcon.colcon_core.package_identification:_identify(src/path_planner) by extension 'ros'
[0.378s] DEBUG:colcon.colcon_core.package_identification:Package 'src/path_planner' with type 'ros.ament_python' and name 'path_planner'
[0.378s] Level 1:colcon.colcon_core.package_identification:_identify(src/role_manager) by extensions ['ignore', 'ignore_ament_install']
[0.378s] Level 1:colcon.colcon_core.package_identification:_identify(src/role_manager) by extension 'ignore'
[0.378s] Level 1:colcon.colcon_core.package_identification:_identify(src/role_manager) by extension 'ignore_ament_install'
[0.378s] Level 1:colcon.colcon_core.package_identification:_identify(src/role_manager) by extensions ['colcon_pkg']
[0.378s] Level 1:colcon.colcon_core.package_identification:_identify(src/role_manager) by extension 'colcon_pkg'
[0.378s] Level 1:colcon.colcon_core.package_identification:_identify(src/role_manager) by extensions ['colcon_meta']
[0.379s] Level 1:colcon.colcon_core.package_identification:_identify(src/role_manager) by extension 'colcon_meta'
[0.379s] Level 1:colcon.colcon_core.package_identification:_identify(src/role_manager) by extensions ['ros']
[0.379s] Level 1:colcon.colcon_core.package_identification:_identify(src/role_manager) by extension 'ros'
[0.379s] DEBUG:colcon.colcon_core.package_identification:Package 'src/role_manager' with type 'ros.ament_python' and name 'role_manager'
[0.380s] Level 1:colcon.colcon_core.package_identification:_identify(src/rviz2) by extensions ['ignore', 'ignore_ament_install']
[0.380s] Level 1:colcon.colcon_core.package_identification:_identify(src/rviz2) by extension 'ignore'
[0.380s] Level 1:colcon.colcon_core.package_identification:_identify(src/rviz2) by extension 'ignore_ament_install'
[0.380s] Level 1:colcon.colcon_core.package_identification:_identify(src/rviz2) by extensions ['colcon_pkg']
[0.380s] Level 1:colcon.colcon_core.package_identification:_identify(src/rviz2) by extension 'colcon_pkg'
[0.380s] Level 1:colcon.colcon_core.package_identification:_identify(src/rviz2) by extensions ['colcon_meta']
[0.380s] Level 1:colcon.colcon_core.package_identification:_identify(src/rviz2) by extension 'colcon_meta'
[0.380s] Level 1:colcon.colcon_core.package_identification:_identify(src/rviz2) by extensions ['ros']
[0.380s] Level 1:colcon.colcon_core.package_identification:_identify(src/rviz2) by extension 'ros'
[0.380s] Level 1:colcon.colcon_core.package_identification:_identify(src/rviz2) by extensions ['cmake', 'python']
[0.380s] Level 1:colcon.colcon_core.package_identification:_identify(src/rviz2) by extension 'cmake'
[0.380s] Level 1:colcon.colcon_core.package_identification:_identify(src/rviz2) by extension 'python'
[0.380s] Level 1:colcon.colcon_core.package_identification:_identify(src/rviz2) by extensions ['python_setup_py']
[0.380s] Level 1:colcon.colcon_core.package_identification:_identify(src/rviz2) by extension 'python_setup_py'
[0.380s] Level 1:colcon.colcon_core.package_identification:_identify(src/swarm_launch) by extensions ['ignore', 'ignore_ament_install']
[0.380s] Level 1:colcon.colcon_core.package_identification:_identify(src/swarm_launch) by extension 'ignore'
[0.380s] Level 1:colcon.colcon_core.package_identification:_identify(src/swarm_launch) by extension 'ignore_ament_install'
[0.380s] Level 1:colcon.colcon_core.package_identification:_identify(src/swarm_launch) by extensions ['colcon_pkg']
[0.380s] Level 1:colcon.colcon_core.package_identification:_identify(src/swarm_launch) by extension 'colcon_pkg'
[0.380s] Level 1:colcon.colcon_core.package_identification:_identify(src/swarm_launch) by extensions ['colcon_meta']
[0.380s] Level 1:colcon.colcon_core.package_identification:_identify(src/swarm_launch) by extension 'colcon_meta'
[0.381s] Level 1:colcon.colcon_core.package_identification:_identify(src/swarm_launch) by extensions ['ros']
[0.381s] Level 1:colcon.colcon_core.package_identification:_identify(src/swarm_launch) by extension 'ros'
[0.381s] DEBUG:colcon.colcon_core.package_identification:Package 'src/swarm_launch' with type 'ros.ament_python' and name 'swarm_launch'
[0.381s] Level 1:colcon.colcon_core.package_identification:_identify(src/vision_node) by extensions ['ignore', 'ignore_ament_install']
[0.381s] Level 1:colcon.colcon_core.package_identification:_identify(src/vision_node) by extension 'ignore'
[0.381s] Level 1:colcon.colcon_core.package_identification:_identify(src/vision_node) by extension 'ignore_ament_install'
[0.381s] Level 1:colcon.colcon_core.package_identification:_identify(src/vision_node) by extensions ['colcon_pkg']
[0.381s] Level 1:colcon.colcon_core.package_identification:_identify(src/vision_node) by extension 'colcon_pkg'
[0.381s] Level 1:colcon.colcon_core.package_identification:_identify(src/vision_node) by extensions ['colcon_meta']
[0.381s] Level 1:colcon.colcon_core.package_identification:_identify(src/vision_node) by extension 'colcon_meta'
[0.382s] Level 1:colcon.colcon_core.package_identification:_identify(src/vision_node) by extensions ['ros']
[0.382s] Level 1:colcon.colcon_core.package_identification:_identify(src/vision_node) by extension 'ros'
[0.382s] DEBUG:colcon.colcon_core.package_identification:Package 'src/vision_node' with type 'ros.ament_python' and name 'vision_node'
[0.382s] Level 1:colcon.colcon_core.package_discovery:discover_packages(recursive) using defaults
[0.382s] Level 1:colcon.colcon_core.package_discovery:discover_packages(ignore) discover
[0.382s] Level 1:colcon.colcon_core.package_discovery:discover_packages(ignore) using defaults
[0.382s] Level 1:colcon.colcon_core.package_discovery:discover_packages(path) discover
[0.382s] Level 1:colcon.colcon_core.package_discovery:discover_packages(path) using defaults
[0.407s] Level 1:colcon.colcon_core.package_discovery:discover_packages(prefix_path) check parameters
[0.407s] Level 1:colcon.colcon_core.package_discovery:discover_packages(prefix_path) discover
[0.409s] DEBUG:colcon.colcon_installed_package_information.package_discovery:Found 6 installed packages in /home/tedee/swarm/ros2_ws/install
[0.410s] DEBUG:colcon.colcon_installed_package_information.package_discovery:Found 20 installed packages in /home/tedee/ros2_ws/install
[0.412s] DEBUG:colcon.colcon_installed_package_information.package_discovery:Found 314 installed packages in /opt/ros/humble
[0.414s] Level 1:colcon.colcon_core.package_discovery:discover_packages(prefix_path) using defaults
[0.457s] Level 5:colcon.colcon_core.verb:set package 'path_executor' build argument 'cmake_args' from command line to 'None'
[0.457s] Level 5:colcon.colcon_core.verb:set package 'path_executor' build argument 'cmake_target' from command line to 'None'
[0.457s] Level 5:colcon.colcon_core.verb:set package 'path_executor' build argument 'cmake_target_skip_unavailable' from command line to 'False'
[0.457s] Level 5:colcon.colcon_core.verb:set package 'path_executor' build argument 'cmake_clean_cache' from command line to 'False'
[0.457s] Level 5:colcon.colcon_core.verb:set package 'path_executor' build argument 'cmake_clean_first' from command line to 'False'
[0.457s] Level 5:colcon.colcon_core.verb:set package 'path_executor' build argument 'cmake_force_configure' from command line to 'False'
[0.457s] Level 5:colcon.colcon_core.verb:set package 'path_executor' build argument 'ament_cmake_args' from command line to 'None'
[0.457s] Level 5:colcon.colcon_core.verb:set package 'path_executor' build argument 'catkin_cmake_args' from command line to 'None'
[0.457s] Level 5:colcon.colcon_core.verb:set package 'path_executor' build argument 'catkin_skip_building_tests' from command line to 'False'
[0.457s] DEBUG:colcon.colcon_core.verb:Building package 'path_executor' with the following arguments: {'ament_cmake_args': None, 'build_base': '/home/tedee/swarm/ros2_ws/build/path_executor', 'catkin_cmake_args': None, 'catkin_skip_building_tests': False, 'cmake_args': None, 'cmake_clean_cache': False, 'cmake_clean_first': False, 'cmake_force_configure': False, 'cmake_target': None, 'cmake_target_skip_unavailable': False, 'install_base': '/home/tedee/swarm/ros2_ws/install/path_executor', 'merge_install': False, 'path': '/home/tedee/swarm/ros2_ws/src/path_executor', 'symlink_install': False, 'test_result_base': None}
[0.457s] Level 5:colcon.colcon_core.verb:set package 'path_planner' build argument 'cmake_args' from command line to 'None'
[0.457s] Level 5:colcon.colcon_core.verb:set package 'path_planner' build argument 'cmake_target' from command line to 'None'
[0.457s] Level 5:colcon.colcon_core.verb:set package 'path_planner' build argument 'cmake_target_skip_unavailable' from command line to 'False'
[0.457s] Level 5:colcon.colcon_core.verb:set package 'path_planner' build argument 'cmake_clean_cache' from command line to 'False'
[0.458s] Level 5:colcon.colcon_core.verb:set package 'path_planner' build argument 'cmake_clean_first' from command line to 'False'
[0.458s] Level 5:colcon.colcon_core.verb:set package 'path_planner' build argument 'cmake_force_configure' from command line to 'False'
[0.458s] Level 5:colcon.colcon_core.verb:set package 'path_planner' build argument 'ament_cmake_args' from command line to 'None'
[0.458s] Level 5:colcon.colcon_core.verb:set package 'path_planner' build argument 'catkin_cmake_args' from command line to 'None'
[0.458s] Level 5:colcon.colcon_core.verb:set package 'path_planner' build argument 'catkin_skip_building_tests' from command line to 'False'
[0.458s] DEBUG:colcon.colcon_core.verb:Building package 'path_planner' with the following arguments: {'ament_cmake_args': None, 'build_base': '/home/tedee/swarm/ros2_ws/build/path_planner', 'catkin_cmake_args': None, 'catkin_skip_building_tests': False, 'cmake_args': None, 'cmake_clean_cache': False, 'cmake_clean_first': False, 'cmake_force_configure': False, 'cmake_target': None, 'cmake_target_skip_unavailable': False, 'install_base': '/home/tedee/swarm/ros2_ws/install/path_planner', 'merge_install': False, 'path': '/home/tedee/swarm/ros2_ws/src/path_planner', 'symlink_install': False, 'test_result_base': None}
[0.458s] Level 5:colcon.colcon_core.verb:set package 'role_manager' build argument 'cmake_args' from command line to 'None'
[0.458s] Level 5:colcon.colcon_core.verb:set package 'role_manager' build argument 'cmake_target' from command line to 'None'
[0.458s] Level 5:colcon.colcon_core.verb:set package 'role_manager' build argument 'cmake_target_skip_unavailable' from command line to 'False'
[0.458s] Level 5:colcon.colcon_core.verb:set package 'role_manager' build argument 'cmake_clean_cache' from command line to 'False'
[0.458s] Level 5:colcon.colcon_core.verb:set package 'role_manager' build argument 'cmake_clean_first' from command line to 'False'
[0.458s] Level 5:colcon.colcon_core.verb:set package 'role_manager' build argument 'cmake_force_configure' from command line to 'False'
[0.458s] Level 5:colcon.colcon_core.verb:set package 'role_manager' build argument 'ament_cmake_args' from command line to 'None'
[0.458s] Level 5:colcon.colcon_core.verb:set package 'role_manager' build argument 'catkin_cmake_args' from command line to 'None'
[0.458s] Level 5:colcon.colcon_core.verb:set package 'role_manager' build argument 'catkin_skip_building_tests' from command line to 'False'
[0.458s] DEBUG:colcon.colcon_core.verb:Building package 'role_manager' with the following arguments: {'ament_cmake_args': None, 'build_base': '/home/tedee/swarm/ros2_ws/build/role_manager', 'catkin_cmake_args': None, 'catkin_skip_building_tests': False, 'cmake_args': None, 'cmake_clean_cache': False, 'cmake_clean_first': False, 'cmake_force_configure': False, 'cmake_target': None, 'cmake_target_skip_unavailable': False, 'install_base': '/home/tedee/swarm/ros2_ws/install/role_manager', 'merge_install': False, 'path': '/home/tedee/swarm/ros2_ws/src/role_manager', 'symlink_install': False, 'test_result_base': None}
[0.459s] Level 5:colcon.colcon_core.verb:set package 'swarm_launch' build argument 'cmake_args' from command line to 'None'
[0.459s] Level 5:colcon.colcon_core.verb:set package 'swarm_launch' build argument 'cmake_target' from command line to 'None'
[0.459s] Level 5:colcon.colcon_core.verb:set package 'swarm_launch' build argument 'cmake_target_skip_unavailable' from command line to 'False'
[0.459s] Level 5:colcon.colcon_core.verb:set package 'swarm_launch' build argument 'cmake_clean_cache' from command line to 'False'
[0.459s] Level 5:colcon.colcon_core.verb:set package 'swarm_launch' build argument 'cmake_clean_first' from command line to 'False'
[0.459s] Level 5:colcon.colcon_core.verb:set package 'swarm_launch' build argument 'cmake_force_configure' from command line to 'False'
[0.459s] Level 5:colcon.colcon_core.verb:set package 'swarm_launch' build argument 'ament_cmake_args' from command line to 'None'
[0.459s] Level 5:colcon.colcon_core.verb:set package 'swarm_launch' build argument 'catkin_cmake_args' from command line to 'None'
[0.459s] Level 5:colcon.colcon_core.verb:set package 'swarm_launch' build argument 'catkin_skip_building_tests' from command line to 'False'
[0.459s] DEBUG:colcon.colcon_core.verb:Building package 'swarm_launch' with the following arguments: {'ament_cmake_args': None, 'build_base': '/home/tedee/swarm/ros2_ws/build/swarm_launch', 'catkin_cmake_args': None, 'catkin_skip_building_tests': False, 'cmake_args': None, 'cmake_clean_cache': False, 'cmake_clean_first': False, 'cmake_force_configure': False, 'cmake_target': None, 'cmake_target_skip_unavailable': False, 'install_base': '/home/tedee/swarm/ros2_ws/install/swarm_launch', 'merge_install': False, 'path': '/home/tedee/swarm/ros2_ws/src/swarm_launch', 'symlink_install': False, 'test_result_base': None}
[0.459s] Level 5:colcon.colcon_core.verb:set package 'vision_node' build argument 'cmake_args' from command line to 'None'
[0.459s] Level 5:colcon.colcon_core.verb:set package 'vision_node' build argument 'cmake_target' from command line to 'None'
[0.459s] Level 5:colcon.colcon_core.verb:set package 'vision_node' build argument 'cmake_target_skip_unavailable' from command line to 'False'
[0.459s] Level 5:colcon.colcon_core.verb:set package 'vision_node' build argument 'cmake_clean_cache' from command line to 'False'
[0.459s] Level 5:colcon.colcon_core.verb:set package 'vision_node' build argument 'cmake_clean_first' from command line to 'False'
[0.459s] Level 5:colcon.colcon_core.verb:set package 'vision_node' build argument 'cmake_force_configure' from command line to 'False'
[0.459s] Level 5:colcon.colcon_core.verb:set package 'vision_node' build argument 'ament_cmake_args' from command line to 'None'
[0.459s] Level 5:colcon.colcon_core.verb:set package 'vision_node' build argument 'catkin_cmake_args' from command line to 'None'
[0.459s] Level 5:colcon.colcon_core.verb:set package 'vision_node' build argument 'catkin_skip_building_tests' from command line to 'False'
[0.459s] DEBUG:colcon.colcon_core.verb:Building package 'vision_node' with the following arguments: {'ament_cmake_args': None, 'build_base': '/home/tedee/swarm/ros2_ws/build/vision_node', 'catkin_cmake_args': None, 'catkin_skip_building_tests': False, 'cmake_args': None, 'cmake_clean_cache': False, 'cmake_clean_first': False, 'cmake_force_configure': False, 'cmake_target': None, 'cmake_target_skip_unavailable': False, 'install_base': '/home/tedee/swarm/ros2_ws/install/vision_node', 'merge_install': False, 'path': '/home/tedee/swarm/ros2_ws/src/vision_node', 'symlink_install': False, 'test_result_base': None}
[0.459s] INFO:colcon.colcon_core.executor:Executing jobs using 'parallel' executor
[0.460s] DEBUG:colcon.colcon_parallel_executor.executor.parallel:run_until_complete
[0.461s] INFO:colcon.colcon_ros.task.ament_python.build:Building ROS package in '/home/tedee/swarm/ros2_ws/src/path_executor' with build type 'ament_python'
[0.461s] Level 1:colcon.colcon_core.shell:create_environment_hook('path_executor', 'ament_prefix_path')
[0.464s] INFO:colcon.colcon_core.plugin_system:Skipping extension 'colcon_core.shell.bat': Not used on non-Windows systems
[0.464s] INFO:colcon.colcon_core.shell:Creating environment hook '/home/tedee/swarm/ros2_ws/install/path_executor/share/path_executor/hook/ament_prefix_path.ps1'
[0.465s] INFO:colcon.colcon_core.shell:Creating environment descriptor '/home/tedee/swarm/ros2_ws/install/path_executor/share/path_executor/hook/ament_prefix_path.dsv'
[0.465s] INFO:colcon.colcon_core.shell:Creating environment hook '/home/tedee/swarm/ros2_ws/install/path_executor/share/path_executor/hook/ament_prefix_path.sh'
[0.466s] INFO:colcon.colcon_core.shell:Skip shell extension 'powershell' for command environment: Not usable outside of PowerShell
[0.466s] DEBUG:colcon.colcon_core.shell:Skip shell extension 'dsv' for command environment
[0.471s] INFO:colcon.colcon_ros.task.ament_python.build:Building ROS package in '/home/tedee/swarm/ros2_ws/src/path_planner' with build type 'ament_python'
[0.471s] Level 1:colcon.colcon_core.shell:create_environment_hook('path_planner', 'ament_prefix_path')
[0.471s] INFO:colcon.colcon_core.shell:Creating environment hook '/home/tedee/swarm/ros2_ws/install/path_planner/share/path_planner/hook/ament_prefix_path.ps1'
[0.472s] INFO:colcon.colcon_core.shell:Creating environment descriptor '/home/tedee/swarm/ros2_ws/install/path_planner/share/path_planner/hook/ament_prefix_path.dsv'
[0.472s] INFO:colcon.colcon_core.shell:Creating environment hook '/home/tedee/swarm/ros2_ws/install/path_planner/share/path_planner/hook/ament_prefix_path.sh'
[0.473s] INFO:colcon.colcon_core.shell:Skip shell extension 'powershell' for command environment: Not usable outside of PowerShell
[0.473s] DEBUG:colcon.colcon_core.shell:Skip shell extension 'dsv' for command environment
[0.477s] INFO:colcon.colcon_ros.task.ament_python.build:Building ROS package in '/home/tedee/swarm/ros2_ws/src/role_manager' with build type 'ament_python'
[0.478s] Level 1:colcon.colcon_core.shell:create_environment_hook('role_manager', 'ament_prefix_path')
[0.478s] INFO:colcon.colcon_core.shell:Creating environment hook '/home/tedee/swarm/ros2_ws/install/role_manager/share/role_manager/hook/ament_prefix_path.ps1'
[0.479s] INFO:colcon.colcon_core.shell:Creating environment descriptor '/home/tedee/swarm/ros2_ws/install/role_manager/share/role_manager/hook/ament_prefix_path.dsv'
[0.479s] INFO:colcon.colcon_core.shell:Creating environment hook '/home/tedee/swarm/ros2_ws/install/role_manager/share/role_manager/hook/ament_prefix_path.sh'
[0.480s] INFO:colcon.colcon_core.shell:Skip shell extension 'powershell' for command environment: Not usable outside of PowerShell
[0.480s] DEBUG:colcon.colcon_core.shell:Skip shell extension 'dsv' for command environment
[0.485s] INFO:colcon.colcon_ros.task.ament_python.build:Building ROS package in '/home/tedee/swarm/ros2_ws/src/swarm_launch' with build type 'ament_python'
[0.486s] Level 1:colcon.colcon_core.shell:create_environment_hook('swarm_launch', 'ament_prefix_path')
[0.486s] INFO:colcon.colcon_core.shell:Creating environment hook '/home/tedee/swarm/ros2_ws/install/swarm_launch/share/swarm_launch/hook/ament_prefix_path.ps1'
[0.486s] INFO:colcon.colcon_core.shell:Creating environment descriptor '/home/tedee/swarm/ros2_ws/install/swarm_launch/share/swarm_launch/hook/ament_prefix_path.dsv'
[0.487s] INFO:colcon.colcon_core.shell:Creating environment hook '/home/tedee/swarm/ros2_ws/install/swarm_launch/share/swarm_launch/hook/ament_prefix_path.sh'
[0.488s] INFO:colcon.colcon_core.shell:Skip shell extension 'powershell' for command environment: Not usable outside of PowerShell
[0.488s] DEBUG:colcon.colcon_core.shell:Skip shell extension 'dsv' for command environment
[0.493s] INFO:colcon.colcon_ros.task.ament_python.build:Building ROS package in '/home/tedee/swarm/ros2_ws/src/vision_node' with build type 'ament_python'
[0.494s] Level 1:colcon.colcon_core.shell:create_environment_hook('vision_node', 'ament_prefix_path')
[0.494s] INFO:colcon.colcon_core.shell:Creating environment hook '/home/tedee/swarm/ros2_ws/install/vision_node/share/vision_node/hook/ament_prefix_path.ps1'
[0.495s] INFO:colcon.colcon_core.shell:Creating environment descriptor '/home/tedee/swarm/ros2_ws/install/vision_node/share/vision_node/hook/ament_prefix_path.dsv'
[0.495s] INFO:colcon.colcon_core.shell:Creating environment hook '/home/tedee/swarm/ros2_ws/install/vision_node/share/vision_node/hook/ament_prefix_path.sh'
[0.496s] INFO:colcon.colcon_core.shell:Skip shell extension 'powershell' for command environment: Not usable outside of PowerShell
[0.496s] DEBUG:colcon.colcon_core.shell:Skip shell extension 'dsv' for command environment
[0.924s] INFO:colcon.colcon_core.task.python.build:Building Python package in '/home/tedee/swarm/ros2_ws/src/path_executor'
[0.925s] INFO:colcon.colcon_core.shell:Skip shell extension 'powershell' for command environment: Not usable outside of PowerShell
[0.925s] DEBUG:colcon.colcon_core.shell:Skip shell extension 'dsv' for command environment
[1.307s] INFO:colcon.colcon_core.task.python.build:Building Python package in '/home/tedee/swarm/ros2_ws/src/path_planner'
[1.307s] INFO:colcon.colcon_core.shell:Skip shell extension 'powershell' for command environment: Not usable outside of PowerShell
[1.307s] DEBUG:colcon.colcon_core.shell:Skip shell extension 'dsv' for command environment
[1.657s] INFO:colcon.colcon_core.task.python.build:Building Python package in '/home/tedee/swarm/ros2_ws/src/role_manager'
[1.657s] INFO:colcon.colcon_core.shell:Skip shell extension 'powershell' for command environment: Not usable outside of PowerShell
[1.657s] DEBUG:colcon.colcon_core.shell:Skip shell extension 'dsv' for command environment
[2.028s] INFO:colcon.colcon_core.task.python.build:Building Python package in '/home/tedee/swarm/ros2_ws/src/swarm_launch'
[2.028s] INFO:colcon.colcon_core.shell:Skip shell extension 'powershell' for command environment: Not usable outside of PowerShell
[2.028s] DEBUG:colcon.colcon_core.shell:Skip shell extension 'dsv' for command environment
[2.379s] INFO:colcon.colcon_core.task.python.build:Building Python package in '/home/tedee/swarm/ros2_ws/src/vision_node'
[2.379s] INFO:colcon.colcon_core.shell:Skip shell extension 'powershell' for command environment: Not usable outside of PowerShell
[2.379s] DEBUG:colcon.colcon_core.shell:Skip shell extension 'dsv' for command environment
[3.261s] DEBUG:colcon.colcon_core.event_handler.log_command:Invoking command in '/home/tedee/swarm/ros2_ws/src/path_executor': PYTHONPATH=/home/tedee/swarm/ros2_ws/build/path_executor/prefix_override:/usr/lib/python3/dist-packages/colcon_core/task/python/colcon_distutils_commands:/home/tedee/swarm/ros2_ws/install/path_executor/lib/python3.10/site-packages:${PYTHONPATH} /usr/bin/python3 -W ignore:setup.py install is deprecated -W ignore:easy_install command is deprecated setup.py egg_info --egg-base ../../build/path_executor build --build-base /home/tedee/swarm/ros2_ws/build/path_executor/build install --record /home/tedee/swarm/ros2_ws/build/path_executor/install.log --single-version-externally-managed install_data
[3.280s] DEBUG:colcon.colcon_core.event_handler.log_command:Invoking command in '/home/tedee/swarm/ros2_ws/src/vision_node': PYTHONPATH=/home/tedee/swarm/ros2_ws/build/vision_node/prefix_override:/usr/lib/python3/dist-packages/colcon_core/task/python/colcon_distutils_commands:/home/tedee/swarm/ros2_ws/install/vision_node/lib/python3.10/site-packages:${PYTHONPATH} /usr/bin/python3 -W ignore:setup.py install is deprecated -W ignore:easy_install command is deprecated setup.py egg_info --egg-base ../../build/vision_node build --build-base /home/tedee/swarm/ros2_ws/build/vision_node/build install --record /home/tedee/swarm/ros2_ws/build/vision_node/install.log --single-version-externally-managed install_data
[3.287s] DEBUG:colcon.colcon_core.event_handler.log_command:Invoking command in '/home/tedee/swarm/ros2_ws/src/role_manager': PYTHONPATH=/home/tedee/swarm/ros2_ws/build/role_manager/prefix_override:/usr/lib/python3/dist-packages/colcon_core/task/python/colcon_distutils_commands:/home/tedee/swarm/ros2_ws/install/role_manager/lib/python3.10/site-packages:${PYTHONPATH} /usr/bin/python3 -W ignore:setup.py install is deprecated -W ignore:easy_install command is deprecated setup.py egg_info --egg-base ../../build/role_manager build --build-base /home/tedee/swarm/ros2_ws/build/role_manager/build install --record /home/tedee/swarm/ros2_ws/build/role_manager/install.log --single-version-externally-managed install_data
[3.293s] DEBUG:colcon.colcon_core.event_handler.log_command:Invoking command in '/home/tedee/swarm/ros2_ws/src/swarm_launch': PYTHONPATH=/home/tedee/swarm/ros2_ws/build/swarm_launch/prefix_override:/usr/lib/python3/dist-packages/colcon_core/task/python/colcon_distutils_commands:/home/tedee/swarm/ros2_ws/install/swarm_launch/lib/python3.10/site-packages:${PYTHONPATH} /usr/bin/python3 -W ignore:setup.py install is deprecated -W ignore:easy_install command is deprecated setup.py egg_info --egg-base ../../build/swarm_launch build --build-base /home/tedee/swarm/ros2_ws/build/swarm_launch/build install --record /home/tedee/swarm/ros2_ws/build/swarm_launch/install.log --single-version-externally-managed install_data
[3.297s] DEBUG:colcon.colcon_core.event_handler.log_command:Invoking command in '/home/tedee/swarm/ros2_ws/src/path_planner': PYTHONPATH=/home/tedee/swarm/ros2_ws/build/path_planner/prefix_override:/usr/lib/python3/dist-packages/colcon_core/task/python/colcon_distutils_commands:/home/tedee/swarm/ros2_ws/install/path_planner/lib/python3.10/site-packages:${PYTHONPATH} /usr/bin/python3 -W ignore:setup.py install is deprecated -W ignore:easy_install command is deprecated setup.py egg_info --egg-base ../../build/path_planner build --build-base /home/tedee/swarm/ros2_ws/build/path_planner/build install --record /home/tedee/swarm/ros2_ws/build/path_planner/install.log --single-version-externally-managed install_data
[3.924s] DEBUG:colcon.colcon_core.event_handler.log_command:Invoked command in '/home/tedee/swarm/ros2_ws/src/path_executor' returned '0': PYTHONPATH=/home/tedee/swarm/ros2_ws/build/path_executor/prefix_override:/usr/lib/python3/dist-packages/colcon_core/task/python/colcon_distutils_commands:/home/tedee/swarm/ros2_ws/install/path_executor/lib/python3.10/site-packages:${PYTHONPATH} /usr/bin/python3 -W ignore:setup.py install is deprecated -W ignore:easy_install command is deprecated setup.py egg_info --egg-base ../../build/path_executor build --build-base /home/tedee/swarm/ros2_ws/build/path_executor/build install --record /home/tedee/swarm/ros2_ws/build/path_executor/install.log --single-version-externally-managed install_data
[3.934s] Level 1:colcon.colcon_core.environment:checking '/home/tedee/swarm/ros2_ws/install/path_executor' for CMake module files
[3.934s] Level 1:colcon.colcon_core.environment:checking '/home/tedee/swarm/ros2_ws/install/path_executor' for CMake config files
[3.935s] Level 1:colcon.colcon_core.environment:checking '/home/tedee/swarm/ros2_ws/install/path_executor/lib'
[3.936s] Level 1:colcon.colcon_core.environment:checking '/home/tedee/swarm/ros2_ws/install/path_executor/bin'
[3.936s] Level 1:colcon.colcon_core.environment:checking '/home/tedee/swarm/ros2_ws/install/path_executor/lib/pkgconfig/path_executor.pc'
[3.937s] Level 1:colcon.colcon_core.environment:checking '/home/tedee/swarm/ros2_ws/install/path_executor/lib/python3.10/site-packages'
[3.937s] Level 1:colcon.colcon_core.shell:create_environment_hook('path_executor', 'pythonpath')
[3.937s] INFO:colcon.colcon_core.shell:Creating environment hook '/home/tedee/swarm/ros2_ws/install/path_executor/share/path_executor/hook/pythonpath.ps1'
[3.938s] INFO:colcon.colcon_core.shell:Creating environment descriptor '/home/tedee/swarm/ros2_ws/install/path_executor/share/path_executor/hook/pythonpath.dsv'
[3.939s] INFO:colcon.colcon_core.shell:Creating environment hook '/home/tedee/swarm/ros2_ws/install/path_executor/share/path_executor/hook/pythonpath.sh'
[3.940s] Level 1:colcon.colcon_core.environment:checking '/home/tedee/swarm/ros2_ws/install/path_executor/bin'
[3.940s] Level 1:colcon.colcon_core.environment:create_environment_scripts_only(path_executor)
[3.940s] INFO:colcon.colcon_core.shell:Creating package script '/home/tedee/swarm/ros2_ws/install/path_executor/share/path_executor/package.ps1'
[3.942s] INFO:colcon.colcon_core.shell:Creating package descriptor '/home/tedee/swarm/ros2_ws/install/path_executor/share/path_executor/package.dsv'
[3.943s] INFO:colcon.colcon_core.shell:Creating package script '/home/tedee/swarm/ros2_ws/install/path_executor/share/path_executor/package.sh'
[3.945s] INFO:colcon.colcon_core.shell:Creating package script '/home/tedee/swarm/ros2_ws/install/path_executor/share/path_executor/package.bash'
[3.946s] INFO:colcon.colcon_core.shell:Creating package script '/home/tedee/swarm/ros2_ws/install/path_executor/share/path_executor/package.zsh'
[3.947s] Level 1:colcon.colcon_core.environment:create_file_with_runtime_dependencies(/home/tedee/swarm/ros2_ws/install/path_executor/share/colcon-core/packages/path_executor)
[3.951s] Level 1:colcon.colcon_core.environment:checking '/home/tedee/swarm/ros2_ws/install/role_manager' for CMake module files
[3.953s] DEBUG:colcon.colcon_core.event_handler.log_command:Invoked command in '/home/tedee/swarm/ros2_ws/src/role_manager' returned '0': PYTHONPATH=/home/tedee/swarm/ros2_ws/build/role_manager/prefix_override:/usr/lib/python3/dist-packages/colcon_core/task/python/colcon_distutils_commands:/home/tedee/swarm/ros2_ws/install/role_manager/lib/python3.10/site-packages:${PYTHONPATH} /usr/bin/python3 -W ignore:setup.py install is deprecated -W ignore:easy_install command is deprecated setup.py egg_info --egg-base ../../build/role_manager build --build-base /home/tedee/swarm/ros2_ws/build/role_manager/build install --record /home/tedee/swarm/ros2_ws/build/role_manager/install.log --single-version-externally-managed install_data
[3.954s] Level 1:colcon.colcon_core.environment:checking '/home/tedee/swarm/ros2_ws/install/role_manager' for CMake config files
[3.954s] Level 1:colcon.colcon_core.environment:checking '/home/tedee/swarm/ros2_ws/install/role_manager/lib'
[3.955s] Level 1:colcon.colcon_core.environment:checking '/home/tedee/swarm/ros2_ws/install/role_manager/bin'
[3.955s] Level 1:colcon.colcon_core.environment:checking '/home/tedee/swarm/ros2_ws/install/role_manager/lib/pkgconfig/role_manager.pc'
[3.955s] Level 1:colcon.colcon_core.environment:checking '/home/tedee/swarm/ros2_ws/install/role_manager/lib/python3.10/site-packages'
[3.955s] Level 1:colcon.colcon_core.shell:create_environment_hook('role_manager', 'pythonpath')
[3.956s] INFO:colcon.colcon_core.shell:Creating environment hook '/home/tedee/swarm/ros2_ws/install/role_manager/share/role_manager/hook/pythonpath.ps1'
[3.957s] INFO:colcon.colcon_core.shell:Creating environment descriptor '/home/tedee/swarm/ros2_ws/install/role_manager/share/role_manager/hook/pythonpath.dsv'
[3.957s] INFO:colcon.colcon_core.shell:Creating environment hook '/home/tedee/swarm/ros2_ws/install/role_manager/share/role_manager/hook/pythonpath.sh'
[3.958s] Level 1:colcon.colcon_core.environment:checking '/home/tedee/swarm/ros2_ws/install/role_manager/bin'
[3.958s] Level 1:colcon.colcon_core.environment:create_environment_scripts_only(role_manager)
[3.959s] INFO:colcon.colcon_core.shell:Creating package script '/home/tedee/swarm/ros2_ws/install/role_manager/share/role_manager/package.ps1'
[3.960s] INFO:colcon.colcon_core.shell:Creating package descriptor '/home/tedee/swarm/ros2_ws/install/role_manager/share/role_manager/package.dsv'
[3.961s] INFO:colcon.colcon_core.shell:Creating package script '/home/tedee/swarm/ros2_ws/install/role_manager/share/role_manager/package.sh'
[3.962s] INFO:colcon.colcon_core.shell:Creating package script '/home/tedee/swarm/ros2_ws/install/role_manager/share/role_manager/package.bash'
[3.962s] INFO:colcon.colcon_core.shell:Creating package script '/home/tedee/swarm/ros2_ws/install/role_manager/share/role_manager/package.zsh'
[3.963s] Level 1:colcon.colcon_core.environment:create_file_with_runtime_dependencies(/home/tedee/swarm/ros2_ws/install/role_manager/share/colcon-core/packages/role_manager)
[3.964s] Level 1:colcon.colcon_core.environment:checking '/home/tedee/swarm/ros2_ws/install/path_planner' for CMake module files
[3.966s] Level 1:colcon.colcon_core.environment:checking '/home/tedee/swarm/ros2_ws/install/path_planner' for CMake config files
[3.967s] DEBUG:colcon.colcon_core.event_handler.log_command:Invoked command in '/home/tedee/swarm/ros2_ws/src/path_planner' returned '0': PYTHONPATH=/home/tedee/swarm/ros2_ws/build/path_planner/prefix_override:/usr/lib/python3/dist-packages/colcon_core/task/python/colcon_distutils_commands:/home/tedee/swarm/ros2_ws/install/path_planner/lib/python3.10/site-packages:${PYTHONPATH} /usr/bin/python3 -W ignore:setup.py install is deprecated -W ignore:easy_install command is deprecated setup.py egg_info --egg-base ../../build/path_planner build --build-base /home/tedee/swarm/ros2_ws/build/path_planner/build install --record /home/tedee/swarm/ros2_ws/build/path_planner/install.log --single-version-externally-managed install_data
[3.968s] Level 1:colcon.colcon_core.environment:checking '/home/tedee/swarm/ros2_ws/install/path_planner/lib'
[3.968s] Level 1:colcon.colcon_core.environment:checking '/home/tedee/swarm/ros2_ws/install/path_planner/bin'
[3.968s] Level 1:colcon.colcon_core.environment:checking '/home/tedee/swarm/ros2_ws/install/path_planner/lib/pkgconfig/path_planner.pc'
[3.968s] Level 1:colcon.colcon_core.environment:checking '/home/tedee/swarm/ros2_ws/install/path_planner/lib/python3.10/site-packages'
[3.968s] Level 1:colcon.colcon_core.shell:create_environment_hook('path_planner', 'pythonpath')
[3.969s] INFO:colcon.colcon_core.shell:Creating environment hook '/home/tedee/swarm/ros2_ws/install/path_planner/share/path_planner/hook/pythonpath.ps1'
[3.969s] INFO:colcon.colcon_core.shell:Creating environment descriptor '/home/tedee/swarm/ros2_ws/install/path_planner/share/path_planner/hook/pythonpath.dsv'
[3.970s] INFO:colcon.colcon_core.shell:Creating environment hook '/home/tedee/swarm/ros2_ws/install/path_planner/share/path_planner/hook/pythonpath.sh'
[3.971s] Level 1:colcon.colcon_core.environment:checking '/home/tedee/swarm/ros2_ws/install/path_planner/bin'
[3.971s] Level 1:colcon.colcon_core.environment:create_environment_scripts_only(path_planner)
[3.972s] INFO:colcon.colcon_core.shell:Creating package script '/home/tedee/swarm/ros2_ws/install/path_planner/share/path_planner/package.ps1'
[3.972s] INFO:colcon.colcon_core.shell:Creating package descriptor '/home/tedee/swarm/ros2_ws/install/path_planner/share/path_planner/package.dsv'
[3.973s] INFO:colcon.colcon_core.shell:Creating package script '/home/tedee/swarm/ros2_ws/install/path_planner/share/path_planner/package.sh'
[3.974s] INFO:colcon.colcon_core.shell:Creating package script '/home/tedee/swarm/ros2_ws/install/path_planner/share/path_planner/package.bash'
[3.974s] INFO:colcon.colcon_core.shell:Creating package script '/home/tedee/swarm/ros2_ws/install/path_planner/share/path_planner/package.zsh'
[3.974s] Level 1:colcon.colcon_core.environment:create_file_with_runtime_dependencies(/home/tedee/swarm/ros2_ws/install/path_planner/share/colcon-core/packages/path_planner)
[3.975s] Level 1:colcon.colcon_core.environment:checking '/home/tedee/swarm/ros2_ws/install/vision_node' for CMake module files
[3.976s] Level 1:colcon.colcon_core.environment:checking '/home/tedee/swarm/ros2_ws/install/vision_node' for CMake config files
[3.977s] DEBUG:colcon.colcon_core.event_handler.log_command:Invoked command in '/home/tedee/swarm/ros2_ws/src/vision_node' returned '0': PYTHONPATH=/home/tedee/swarm/ros2_ws/build/vision_node/prefix_override:/usr/lib/python3/dist-packages/colcon_core/task/python/colcon_distutils_commands:/home/tedee/swarm/ros2_ws/install/vision_node/lib/python3.10/site-packages:${PYTHONPATH} /usr/bin/python3 -W ignore:setup.py install is deprecated -W ignore:easy_install command is deprecated setup.py egg_info --egg-base ../../build/vision_node build --build-base /home/tedee/swarm/ros2_ws/build/vision_node/build install --record /home/tedee/swarm/ros2_ws/build/vision_node/install.log --single-version-externally-managed install_data
[3.978s] Level 1:colcon.colcon_core.environment:checking '/home/tedee/swarm/ros2_ws/install/vision_node/lib'
[3.978s] Level 1:colcon.colcon_core.environment:checking '/home/tedee/swarm/ros2_ws/install/vision_node/bin'
[3.978s] Level 1:colcon.colcon_core.environment:checking '/home/tedee/swarm/ros2_ws/install/vision_node/lib/pkgconfig/vision_node.pc'
[3.979s] Level 1:colcon.colcon_core.environment:checking '/home/tedee/swarm/ros2_ws/install/vision_node/lib/python3.10/site-packages'
[3.979s] Level 1:colcon.colcon_core.shell:create_environment_hook('vision_node', 'pythonpath')
[3.979s] INFO:colcon.colcon_core.shell:Creating environment hook '/home/tedee/swarm/ros2_ws/install/vision_node/share/vision_node/hook/pythonpath.ps1'
[3.980s] INFO:colcon.colcon_core.shell:Creating environment descriptor '/home/tedee/swarm/ros2_ws/install/vision_node/share/vision_node/hook/pythonpath.dsv'
[3.981s] INFO:colcon.colcon_core.shell:Creating environment hook '/home/tedee/swarm/ros2_ws/install/vision_node/share/vision_node/hook/pythonpath.sh'
[3.982s] Level 1:colcon.colcon_core.environment:checking '/home/tedee/swarm/ros2_ws/install/vision_node/bin'
[3.982s] Level 1:colcon.colcon_core.environment:create_environment_scripts_only(vision_node)
[3.982s] INFO:colcon.colcon_core.shell:Creating package script '/home/tedee/swarm/ros2_ws/install/vision_node/share/vision_node/package.ps1'
[3.983s] INFO:colcon.colcon_core.shell:Creating package descriptor '/home/tedee/swarm/ros2_ws/install/vision_node/share/vision_node/package.dsv'
[3.984s] INFO:colcon.colcon_core.shell:Creating package script '/home/tedee/swarm/ros2_ws/install/vision_node/share/vision_node/package.sh'
[3.985s] INFO:colcon.colcon_core.shell:Creating package script '/home/tedee/swarm/ros2_ws/install/vision_node/share/vision_node/package.bash'
[3.985s] INFO:colcon.colcon_core.shell:Creating package script '/home/tedee/swarm/ros2_ws/install/vision_node/share/vision_node/package.zsh'
[3.986s] Level 1:colcon.colcon_core.environment:create_file_with_runtime_dependencies(/home/tedee/swarm/ros2_ws/install/vision_node/share/colcon-core/packages/vision_node)
[3.988s] Level 1:colcon.colcon_core.environment:checking '/home/tedee/swarm/ros2_ws/install/swarm_launch' for CMake module files
[3.989s] Level 1:colcon.colcon_core.environment:checking '/home/tedee/swarm/ros2_ws/install/swarm_launch' for CMake config files
[3.989s] DEBUG:colcon.colcon_core.event_handler.log_command:Invoked command in '/home/tedee/swarm/ros2_ws/src/swarm_launch' returned '0': PYTHONPATH=/home/tedee/swarm/ros2_ws/build/swarm_launch/prefix_override:/usr/lib/python3/dist-packages/colcon_core/task/python/colcon_distutils_commands:/home/tedee/swarm/ros2_ws/install/swarm_launch/lib/python3.10/site-packages:${PYTHONPATH} /usr/bin/python3 -W ignore:setup.py install is deprecated -W ignore:easy_install command is deprecated setup.py egg_info --egg-base ../../build/swarm_launch build --build-base /home/tedee/swarm/ros2_ws/build/swarm_launch/build install --record /home/tedee/swarm/ros2_ws/build/swarm_launch/install.log --single-version-externally-managed install_data
[3.990s] Level 1:colcon.colcon_core.environment:checking '/home/tedee/swarm/ros2_ws/install/swarm_launch/lib'
[3.990s] Level 1:colcon.colcon_core.environment:checking '/home/tedee/swarm/ros2_ws/install/swarm_launch/bin'
[3.991s] Level 1:colcon.colcon_core.environment:checking '/home/tedee/swarm/ros2_ws/install/swarm_launch/lib/pkgconfig/swarm_launch.pc'
[3.991s] Level 1:colcon.colcon_core.environment:checking '/home/tedee/swarm/ros2_ws/install/swarm_launch/lib/python3.10/site-packages'
[3.991s] Level 1:colcon.colcon_core.shell:create_environment_hook('swarm_launch', 'pythonpath')
[3.991s] INFO:colcon.colcon_core.shell:Creating environment hook '/home/tedee/swarm/ros2_ws/install/swarm_launch/share/swarm_launch/hook/pythonpath.ps1'
[3.992s] INFO:colcon.colcon_core.shell:Creating environment descriptor '/home/tedee/swarm/ros2_ws/install/swarm_launch/share/swarm_launch/hook/pythonpath.dsv'
[3.993s] INFO:colcon.colcon_core.shell:Creating environment hook '/home/tedee/swarm/ros2_ws/install/swarm_launch/share/swarm_launch/hook/pythonpath.sh'
[3.994s] Level 1:colcon.colcon_core.environment:checking '/home/tedee/swarm/ros2_ws/install/swarm_launch/bin'
[3.994s] Level 1:colcon.colcon_core.environment:create_environment_scripts_only(swarm_launch)
[3.994s] INFO:colcon.colcon_core.shell:Creating package script '/home/tedee/swarm/ros2_ws/install/swarm_launch/share/swarm_launch/package.ps1'
[3.995s] INFO:colcon.colcon_core.shell:Creating package descriptor '/home/tedee/swarm/ros2_ws/install/swarm_launch/share/swarm_launch/package.dsv'
[3.996s] INFO:colcon.colcon_core.shell:Creating package script '/home/tedee/swarm/ros2_ws/install/swarm_launch/share/swarm_launch/package.sh'
[3.997s] INFO:colcon.colcon_core.shell:Creating package script '/home/tedee/swarm/ros2_ws/install/swarm_launch/share/swarm_launch/package.bash'
[3.997s] INFO:colcon.colcon_core.shell:Creating package script '/home/tedee/swarm/ros2_ws/install/swarm_launch/share/swarm_launch/package.zsh'
[3.998s] Level 1:colcon.colcon_core.environment:create_file_with_runtime_dependencies(/home/tedee/swarm/ros2_ws/install/swarm_launch/share/colcon-core/packages/swarm_launch)
[3.998s] DEBUG:colcon.colcon_parallel_executor.executor.parallel:closing loop
[3.998s] DEBUG:colcon.colcon_parallel_executor.executor.parallel:loop closed
[3.998s] DEBUG:colcon.colcon_parallel_executor.executor.parallel:run_until_complete finished with '0'
[3.998s] DEBUG:colcon.colcon_core.event_reactor:joining thread
[4.008s] INFO:colcon.colcon_core.plugin_system:Skipping extension 'colcon_notification.desktop_notification.terminal_notifier': Not used on non-Darwin systems
[4.008s] INFO:colcon.colcon_core.plugin_system:Skipping extension 'colcon_notification.desktop_notification.win32': Not used on non-Windows systems
[4.008s] INFO:colcon.colcon_notification.desktop_notification:Sending desktop notification using 'notify2'
[4.027s] DEBUG:colcon.colcon_core.event_reactor:joined thread
[4.028s] INFO:colcon.colcon_core.shell:Creating prefix script '/home/tedee/swarm/ros2_ws/install/local_setup.ps1'
[4.029s] INFO:colcon.colcon_core.shell:Creating prefix util module '/home/tedee/swarm/ros2_ws/install/_local_setup_util_ps1.py'
[4.031s] INFO:colcon.colcon_core.shell:Creating prefix chain script '/home/tedee/swarm/ros2_ws/install/setup.ps1'
[4.033s] INFO:colcon.colcon_core.shell:Creating prefix script '/home/tedee/swarm/ros2_ws/install/local_setup.sh'
[4.034s] INFO:colcon.colcon_core.shell:Creating prefix util module '/home/tedee/swarm/ros2_ws/install/_local_setup_util_sh.py'
[4.035s] INFO:colcon.colcon_core.shell:Creating prefix chain script '/home/tedee/swarm/ros2_ws/install/setup.sh'
[4.037s] INFO:colcon.colcon_core.shell:Creating prefix script '/home/tedee/swarm/ros2_ws/install/local_setup.bash'
[4.038s] INFO:colcon.colcon_core.shell:Creating prefix chain script '/home/tedee/swarm/ros2_ws/install/setup.bash'
[4.041s] INFO:colcon.colcon_core.shell:Creating prefix script '/home/tedee/swarm/ros2_ws/install/local_setup.zsh'
[4.042s] INFO:colcon.colcon_core.shell:Creating prefix chain script '/home/tedee/swarm/ros2_ws/install/setup.zsh'
