[5.001s] Invoking command in '/home/tedee/swarm/ros2_ws/src/path_planner': PYTHONPATH=/home/tedee/swarm/ros2_ws/build/path_planner/prefix_override:/usr/lib/python3/dist-packages/colcon_core/task/python/colcon_distutils_commands:/home/tedee/swarm/ros2_ws/install/path_planner/lib/python3.10/site-packages:${PYTHONPATH} /usr/bin/python3 -W ignore:setup.py install is deprecated -W ignore:easy_install command is deprecated setup.py egg_info --egg-base ../../build/path_planner build --build-base /home/tedee/swarm/ros2_ws/build/path_planner/build install --record /home/tedee/swarm/ros2_ws/build/path_planner/install.log --single-version-externally-managed install_data
[5.701s] running egg_info
[5.702s] writing ../../build/path_planner/path_planner.egg-info/PKG-INFO
[5.702s] writing dependency_links to ../../build/path_planner/path_planner.egg-info/dependency_links.txt
[5.703s] writing entry points to ../../build/path_planner/path_planner.egg-info/entry_points.txt
[5.703s] writing requirements to ../../build/path_planner/path_planner.egg-info/requires.txt
[5.703s] writing top-level names to ../../build/path_planner/path_planner.egg-info/top_level.txt
[5.708s] reading manifest file '../../build/path_planner/path_planner.egg-info/SOURCES.txt'
[5.710s] writing manifest file '../../build/path_planner/path_planner.egg-info/SOURCES.txt'
[5.711s] running build
[5.711s] running build_py
[5.711s] running install
[5.713s] running install_lib
[5.715s] running install_data
[5.716s] running install_egg_info
[5.718s] removing '/home/tedee/swarm/ros2_ws/install/path_planner/lib/python3.10/site-packages/path_planner-0.0.0-py3.10.egg-info' (and everything under it)
[5.719s] Copying ../../build/path_planner/path_planner.egg-info to /home/tedee/swarm/ros2_ws/install/path_planner/lib/python3.10/site-packages/path_planner-0.0.0-py3.10.egg-info
[5.721s] running install_scripts
[5.766s] Installing path_planner_node script to /home/tedee/swarm/ros2_ws/install/path_planner/lib/path_planner
[5.767s] writing list of installed files to '/home/tedee/swarm/ros2_ws/build/path_planner/install.log'
[5.820s] Invoked command in '/home/tedee/swarm/ros2_ws/src/path_planner' returned '0': PYTHONPATH=/home/tedee/swarm/ros2_ws/build/path_planner/prefix_override:/usr/lib/python3/dist-packages/colcon_core/task/python/colcon_distutils_commands:/home/tedee/swarm/ros2_ws/install/path_planner/lib/python3.10/site-packages:${PYTHONPATH} /usr/bin/python3 -W ignore:setup.py install is deprecated -W ignore:easy_install command is deprecated setup.py egg_info --egg-base ../../build/path_planner build --build-base /home/tedee/swarm/ros2_ws/build/path_planner/build install --record /home/tedee/swarm/ros2_ws/build/path_planner/install.log --single-version-externally-managed install_data
