[3.487s] Invoking command in '/home/tedee/swarm/ros2_ws/src/vision_node': PYTHONPATH=/home/tedee/swarm/ros2_ws/build/vision_node/prefix_override:/usr/lib/python3/dist-packages/colcon_core/task/python/colcon_distutils_commands:/home/tedee/swarm/ros2_ws/install/vision_node/lib/python3.10/site-packages:${PYTHONPATH} /usr/bin/python3 -W ignore:setup.py install is deprecated -W ignore:easy_install command is deprecated setup.py egg_info --egg-base ../../build/vision_node build --build-base /home/tedee/swarm/ros2_ws/build/vision_node/build install --record /home/tedee/swarm/ros2_ws/build/vision_node/install.log --single-version-externally-managed install_data
[4.067s] running egg_info
[4.068s] writing ../../build/vision_node/vision_node.egg-info/PKG-INFO
[4.069s] writing dependency_links to ../../build/vision_node/vision_node.egg-info/dependency_links.txt
[4.069s] writing entry points to ../../build/vision_node/vision_node.egg-info/entry_points.txt
[4.070s] writing requirements to ../../build/vision_node/vision_node.egg-info/requires.txt
[4.070s] writing top-level names to ../../build/vision_node/vision_node.egg-info/top_level.txt
[4.075s] reading manifest file '../../build/vision_node/vision_node.egg-info/SOURCES.txt'
[4.076s] writing manifest file '../../build/vision_node/vision_node.egg-info/SOURCES.txt'
[4.076s] running build
[4.076s] running build_py
[4.077s] running install
[4.077s] running install_lib
[4.081s] running install_data
[4.081s] running install_egg_info
[4.084s] removing '/home/tedee/swarm/ros2_ws/install/vision_node/lib/python3.10/site-packages/vision_node-0.0.0-py3.10.egg-info' (and everything under it)
[4.084s] Copying ../../build/vision_node/vision_node.egg-info to /home/tedee/swarm/ros2_ws/install/vision_node/lib/python3.10/site-packages/vision_node-0.0.0-py3.10.egg-info
[4.085s] running install_scripts
[4.129s] Installing vision_node script to /home/tedee/swarm/ros2_ws/install/vision_node/lib/vision_node
[4.129s] writing list of installed files to '/home/tedee/swarm/ros2_ws/build/vision_node/install.log'
[4.234s] Invoked command in '/home/tedee/swarm/ros2_ws/src/vision_node' returned '0': PYTHONPATH=/home/tedee/swarm/ros2_ws/build/vision_node/prefix_override:/usr/lib/python3/dist-packages/colcon_core/task/python/colcon_distutils_commands:/home/tedee/swarm/ros2_ws/install/vision_node/lib/python3.10/site-packages:${PYTHONPATH} /usr/bin/python3 -W ignore:setup.py install is deprecated -W ignore:easy_install command is deprecated setup.py egg_info --egg-base ../../build/vision_node build --build-base /home/tedee/swarm/ros2_ws/build/vision_node/build install --record /home/tedee/swarm/ros2_ws/build/vision_node/install.log --single-version-externally-managed install_data
