[4.070s] Invoking command in '/home/tedee/swarm/ros2_ws/src/path_executor': PYTHONPATH=/home/tedee/swarm/ros2_ws/build/path_executor/prefix_override:/usr/lib/python3/dist-packages/colcon_core/task/python/colcon_distutils_commands:/home/tedee/swarm/ros2_ws/install/path_executor/lib/python3.10/site-packages:${PYTHONPATH} /usr/bin/python3 -W ignore:setup.py install is deprecated -W ignore:easy_install command is deprecated setup.py egg_info --egg-base ../../build/path_executor build --build-base /home/tedee/swarm/ros2_ws/build/path_executor/build install --record /home/tedee/swarm/ros2_ws/build/path_executor/install.log --single-version-externally-managed install_data
[4.665s] running egg_info
[4.667s] writing ../../build/path_executor/path_executor.egg-info/PKG-INFO
[4.667s] writing dependency_links to ../../build/path_executor/path_executor.egg-info/dependency_links.txt
[4.667s] writing entry points to ../../build/path_executor/path_executor.egg-info/entry_points.txt
[4.667s] writing requirements to ../../build/path_executor/path_executor.egg-info/requires.txt
[4.668s] writing top-level names to ../../build/path_executor/path_executor.egg-info/top_level.txt
[4.671s] reading manifest file '../../build/path_executor/path_executor.egg-info/SOURCES.txt'
[4.673s] writing manifest file '../../build/path_executor/path_executor.egg-info/SOURCES.txt'
[4.673s] running build
[4.674s] running build_py
[4.674s] running install
[4.674s] running install_lib
[4.678s] running install_data
[4.678s] running install_egg_info
[4.682s] removing '/home/tedee/swarm/ros2_ws/install/path_executor/lib/python3.10/site-packages/path_executor-0.0.0-py3.10.egg-info' (and everything under it)
[4.683s] Copying ../../build/path_executor/path_executor.egg-info to /home/tedee/swarm/ros2_ws/install/path_executor/lib/python3.10/site-packages/path_executor-0.0.0-py3.10.egg-info
[4.684s] running install_scripts
[4.725s] Installing path_executor_node script to /home/tedee/swarm/ros2_ws/install/path_executor/lib/path_executor
[4.725s] writing list of installed files to '/home/tedee/swarm/ros2_ws/build/path_executor/install.log'
[4.832s] Invoked command in '/home/tedee/swarm/ros2_ws/src/path_executor' returned '0': PYTHONPATH=/home/tedee/swarm/ros2_ws/build/path_executor/prefix_override:/usr/lib/python3/dist-packages/colcon_core/task/python/colcon_distutils_commands:/home/tedee/swarm/ros2_ws/install/path_executor/lib/python3.10/site-packages:${PYTHONPATH} /usr/bin/python3 -W ignore:setup.py install is deprecated -W ignore:easy_install command is deprecated setup.py egg_info --egg-base ../../build/path_executor build --build-base /home/tedee/swarm/ros2_ws/build/path_executor/build install --record /home/tedee/swarm/ros2_ws/build/path_executor/install.log --single-version-externally-managed install_data
