[3.428s] Invoking command in '/home/tedee/swarm/ros2_ws/src/vision_node': PYTHONPATH=/home/tedee/swarm/ros2_ws/build/vision_node/prefix_override:/usr/lib/python3/dist-packages/colcon_core/task/python/colcon_distutils_commands:/home/tedee/swarm/ros2_ws/install/vision_node/lib/python3.10/site-packages:${PYTHONPATH} /usr/bin/python3 -W ignore:setup.py install is deprecated -W ignore:easy_install command is deprecated setup.py egg_info --egg-base ../../build/vision_node build --build-base /home/tedee/swarm/ros2_ws/build/vision_node/build install --record /home/tedee/swarm/ros2_ws/build/vision_node/install.log --single-version-externally-managed install_data
[3.997s] running egg_info
[3.998s] writing ../../build/vision_node/vision_node.egg-info/PKG-INFO
[3.999s] writing dependency_links to ../../build/vision_node/vision_node.egg-info/dependency_links.txt
[3.999s] writing entry points to ../../build/vision_node/vision_node.egg-info/entry_points.txt
[3.999s] writing requirements to ../../build/vision_node/vision_node.egg-info/requires.txt
[4.000s] writing top-level names to ../../build/vision_node/vision_node.egg-info/top_level.txt
[4.003s] reading manifest file '../../build/vision_node/vision_node.egg-info/SOURCES.txt'
[4.004s] writing manifest file '../../build/vision_node/vision_node.egg-info/SOURCES.txt'
[4.005s] running build
[4.005s] running build_py
[4.005s] running install
[4.006s] running install_lib
[4.009s] running install_data
[4.009s] running install_egg_info
[4.013s] removing '/home/tedee/swarm/ros2_ws/install/vision_node/lib/python3.10/site-packages/vision_node-0.0.0-py3.10.egg-info' (and everything under it)
[4.013s] Copying ../../build/vision_node/vision_node.egg-info to /home/tedee/swarm/ros2_ws/install/vision_node/lib/python3.10/site-packages/vision_node-0.0.0-py3.10.egg-info
[4.016s] running install_scripts
[4.071s] Installing vision_node script to /home/tedee/swarm/ros2_ws/install/vision_node/lib/vision_node
[4.072s] writing list of installed files to '/home/tedee/swarm/ros2_ws/build/vision_node/install.log'
[4.166s] Invoked command in '/home/tedee/swarm/ros2_ws/src/vision_node' returned '0': PYTHONPATH=/home/tedee/swarm/ros2_ws/build/vision_node/prefix_override:/usr/lib/python3/dist-packages/colcon_core/task/python/colcon_distutils_commands:/home/tedee/swarm/ros2_ws/install/vision_node/lib/python3.10/site-packages:${PYTHONPATH} /usr/bin/python3 -W ignore:setup.py install is deprecated -W ignore:easy_install command is deprecated setup.py egg_info --egg-base ../../build/vision_node build --build-base /home/tedee/swarm/ros2_ws/build/vision_node/build install --record /home/tedee/swarm/ros2_ws/build/vision_node/install.log --single-version-externally-managed install_data
