[1.652s] Invoking command in '/home/tedee/swarm/ros2_ws/src/swarm_launch': PYTHONPATH=/home/tedee/swarm/ros2_ws/build/swarm_launch/prefix_override:/usr/lib/python3/dist-packages/colcon_core/task/python/colcon_distutils_commands:/home/tedee/swarm/ros2_ws/install/swarm_launch/lib/python3.10/site-packages:${PYTHONPATH} /usr/bin/python3 -W ignore:setup.py install is deprecated -W ignore:easy_install command is deprecated setup.py egg_info --egg-base ../../build/swarm_launch build --build-base /home/tedee/swarm/ros2_ws/build/swarm_launch/build install --record /home/tedee/swarm/ros2_ws/build/swarm_launch/install.log --single-version-externally-managed install_data
[1.937s] running egg_info
[1.938s] writing ../../build/swarm_launch/swarm_launch.egg-info/PKG-INFO
[1.938s] writing dependency_links to ../../build/swarm_launch/swarm_launch.egg-info/dependency_links.txt
[1.938s] writing entry points to ../../build/swarm_launch/swarm_launch.egg-info/entry_points.txt
[1.938s] writing requirements to ../../build/swarm_launch/swarm_launch.egg-info/requires.txt
[1.939s] writing top-level names to ../../build/swarm_launch/swarm_launch.egg-info/top_level.txt
[1.940s] reading manifest file '../../build/swarm_launch/swarm_launch.egg-info/SOURCES.txt'
[1.941s] writing manifest file '../../build/swarm_launch/swarm_launch.egg-info/SOURCES.txt'
[1.941s] running build
[1.941s] running build_py
[1.942s] running install
[1.942s] running install_lib
[1.943s] running install_data
[1.943s] copying launch/swarm_simulation.launch.py -> /home/tedee/swarm/ros2_ws/install/swarm_launch/share/swarm_launch/launch
[1.943s] running install_egg_info
[1.946s] removing '/home/tedee/swarm/ros2_ws/install/swarm_launch/lib/python3.10/site-packages/swarm_launch-0.0.0-py3.10.egg-info' (and everything under it)
[1.946s] Copying ../../build/swarm_launch/swarm_launch.egg-info to /home/tedee/swarm/ros2_ws/install/swarm_launch/lib/python3.10/site-packages/swarm_launch-0.0.0-py3.10.egg-info
[1.947s] running install_scripts
[1.971s] writing list of installed files to '/home/tedee/swarm/ros2_ws/build/swarm_launch/install.log'
[2.015s] Invoked command in '/home/tedee/swarm/ros2_ws/src/swarm_launch' returned '0': PYTHONPATH=/home/tedee/swarm/ros2_ws/build/swarm_launch/prefix_override:/usr/lib/python3/dist-packages/colcon_core/task/python/colcon_distutils_commands:/home/tedee/swarm/ros2_ws/install/swarm_launch/lib/python3.10/site-packages:${PYTHONPATH} /usr/bin/python3 -W ignore:setup.py install is deprecated -W ignore:easy_install command is deprecated setup.py egg_info --egg-base ../../build/swarm_launch build --build-base /home/tedee/swarm/ros2_ws/build/swarm_launch/build install --record /home/tedee/swarm/ros2_ws/build/swarm_launch/install.log --single-version-externally-managed install_data
