[4.388s] Invoking command in '/home/tedee/swarm/ros2_ws/src/vision_node': PYTHONPATH=/home/tedee/swarm/ros2_ws/build/vision_node/prefix_override:/usr/lib/python3/dist-packages/colcon_core/task/python/colcon_distutils_commands:/home/tedee/swarm/ros2_ws/install/vision_node/lib/python3.10/site-packages:${PYTHONPATH} /usr/bin/python3 -W ignore:setup.py install is deprecated -W ignore:easy_install command is deprecated setup.py egg_info --egg-base ../../build/vision_node build --build-base /home/tedee/swarm/ros2_ws/build/vision_node/build install --record /home/tedee/swarm/ros2_ws/build/vision_node/install.log --single-version-externally-managed install_data
[5.229s] running egg_info
[5.230s] writing ../../build/vision_node/vision_node.egg-info/PKG-INFO
[5.231s] writing dependency_links to ../../build/vision_node/vision_node.egg-info/dependency_links.txt
[5.231s] writing entry points to ../../build/vision_node/vision_node.egg-info/entry_points.txt
[5.231s] writing requirements to ../../build/vision_node/vision_node.egg-info/requires.txt
[5.232s] writing top-level names to ../../build/vision_node/vision_node.egg-info/top_level.txt
[5.236s] reading manifest file '../../build/vision_node/vision_node.egg-info/SOURCES.txt'
[5.239s] writing manifest file '../../build/vision_node/vision_node.egg-info/SOURCES.txt'
[5.239s] running build
[5.239s] running build_py
[5.241s] running install
[5.241s] running install_lib
[5.246s] running install_data
[5.247s] running install_egg_info
[5.253s] removing '/home/tedee/swarm/ros2_ws/install/vision_node/lib/python3.10/site-packages/vision_node-0.0.0-py3.10.egg-info' (and everything under it)
[5.254s] Copying ../../build/vision_node/vision_node.egg-info to /home/tedee/swarm/ros2_ws/install/vision_node/lib/python3.10/site-packages/vision_node-0.0.0-py3.10.egg-info
[5.257s] running install_scripts
[5.325s] Installing vision_node script to /home/tedee/swarm/ros2_ws/install/vision_node/lib/vision_node
[5.326s] writing list of installed files to '/home/tedee/swarm/ros2_ws/build/vision_node/install.log'
[5.405s] Invoked command in '/home/tedee/swarm/ros2_ws/src/vision_node' returned '0': PYTHONPATH=/home/tedee/swarm/ros2_ws/build/vision_node/prefix_override:/usr/lib/python3/dist-packages/colcon_core/task/python/colcon_distutils_commands:/home/tedee/swarm/ros2_ws/install/vision_node/lib/python3.10/site-packages:${PYTHONPATH} /usr/bin/python3 -W ignore:setup.py install is deprecated -W ignore:easy_install command is deprecated setup.py egg_info --egg-base ../../build/vision_node build --build-base /home/tedee/swarm/ros2_ws/build/vision_node/build install --record /home/tedee/swarm/ros2_ws/build/vision_node/install.log --single-version-externally-managed install_data
