[2.050s] DEBUG:colcon:Command line arguments: ['/usr/bin/colcon', 'build']
[2.050s] DEBUG:colcon:Parsed command line arguments: Namespace(log_base=None, log_level=None, verb_name='build', build_base='build', install_base='install', merge_install=False, symlink_install=False, test_result_base=None, continue_on_error=False, executor='parallel', parallel_workers=20, event_handlers=None, ignore_user_meta=False, metas=['./colcon.meta'], base_paths=['.'], packages_ignore=None, packages_ignore_regex=None, paths=None, packages_up_to=None, packages_up_to_regex=None, packages_above=None, packages_above_and_dependencies=None, packages_above_depth=None, packages_select_by_dep=None, packages_skip_by_dep=None, packages_skip_up_to=None, packages_select_build_failed=False, packages_skip_build_finished=False, packages_select_test_failures=False, packages_skip_test_passed=False, packages_select=None, packages_skip=None, packages_select_regex=None, packages_skip_regex=None, packages_start=None, packages_end=None, allow_overriding=[], cmake_args=None, cmake_target=None, cmake_target_skip_unavailable=False, cmake_clean_cache=False, cmake_clean_first=False, cmake_force_configure=False, ament_cmake_args=None, catkin_cmake_args=None, catkin_skip_building_tests=False, mixin_files=None, mixin=None, verb_parser=<colcon_mixin.mixin.mixin_argument.MixinArgumentDecorator object at 0x7c8b3e082920>, verb_extension=<colcon_core.verb.build.BuildVerb object at 0x7c8b3e082380>, main=<bound method BuildVerb.main of <colcon_core.verb.build.BuildVerb object at 0x7c8b3e082380>>, mixin_verb=('build',))
[3.080s] Level 1:colcon.colcon_core.package_discovery:discover_packages(colcon_meta) check parameters
[3.081s] Level 1:colcon.colcon_core.package_discovery:discover_packages(recursive) check parameters
[3.081s] Level 1:colcon.colcon_core.package_discovery:discover_packages(ignore) check parameters
[3.081s] Level 1:colcon.colcon_core.package_discovery:discover_packages(path) check parameters
[3.081s] Level 1:colcon.colcon_core.package_discovery:discover_packages(colcon_meta) discover
[3.081s] Level 1:colcon.colcon_core.package_discovery:discover_packages(recursive) discover
[3.081s] INFO:colcon.colcon_core.package_discovery:Crawling recursively for packages in '/home/tedee/swarm/ros2_ws'
[3.081s] Level 1:colcon.colcon_core.package_identification:_identify(.) by extensions ['ignore', 'ignore_ament_install']
[3.082s] Level 1:colcon.colcon_core.package_identification:_identify(.) by extension 'ignore'
[3.082s] Level 1:colcon.colcon_core.package_identification:_identify(.) by extension 'ignore_ament_install'
[3.082s] Level 1:colcon.colcon_core.package_identification:_identify(.) by extensions ['colcon_pkg']
[3.082s] Level 1:colcon.colcon_core.package_identification:_identify(.) by extension 'colcon_pkg'
[3.082s] Level 1:colcon.colcon_core.package_identification:_identify(.) by extensions ['colcon_meta']
[3.082s] Level 1:colcon.colcon_core.package_identification:_identify(.) by extension 'colcon_meta'
[3.082s] Level 1:colcon.colcon_core.package_identification:_identify(.) by extensions ['ros']
[3.082s] Level 1:colcon.colcon_core.package_identification:_identify(.) by extension 'ros'
[3.289s] Level 1:colcon.colcon_core.package_identification:_identify(.) by extensions ['cmake', 'python']
[3.289s] Level 1:colcon.colcon_core.package_identification:_identify(.) by extension 'cmake'
[3.289s] Level 1:colcon.colcon_core.package_identification:_identify(.) by extension 'python'
[3.289s] Level 1:colcon.colcon_core.package_identification:_identify(.) by extensions ['python_setup_py']
[3.289s] Level 1:colcon.colcon_core.package_identification:_identify(.) by extension 'python_setup_py'
[3.289s] Level 1:colcon.colcon_core.package_identification:_identify(build) by extensions ['ignore', 'ignore_ament_install']
[3.289s] Level 1:colcon.colcon_core.package_identification:_identify(build) by extension 'ignore'
[3.289s] Level 1:colcon.colcon_core.package_identification:_identify(build) ignored
[3.289s] Level 1:colcon.colcon_core.package_identification:_identify(install) by extensions ['ignore', 'ignore_ament_install']
[3.289s] Level 1:colcon.colcon_core.package_identification:_identify(install) by extension 'ignore'
[3.289s] Level 1:colcon.colcon_core.package_identification:_identify(install) ignored
[3.290s] Level 1:colcon.colcon_core.package_identification:_identify(log) by extensions ['ignore', 'ignore_ament_install']
[3.290s] Level 1:colcon.colcon_core.package_identification:_identify(log) by extension 'ignore'
[3.290s] Level 1:colcon.colcon_core.package_identification:_identify(log) ignored
[3.290s] Level 1:colcon.colcon_core.package_identification:_identify(src) by extensions ['ignore', 'ignore_ament_install']
[3.290s] Level 1:colcon.colcon_core.package_identification:_identify(src) by extension 'ignore'
[3.290s] Level 1:colcon.colcon_core.package_identification:_identify(src) by extension 'ignore_ament_install'
[3.290s] Level 1:colcon.colcon_core.package_identification:_identify(src) by extensions ['colcon_pkg']
[3.290s] Level 1:colcon.colcon_core.package_identification:_identify(src) by extension 'colcon_pkg'
[3.290s] Level 1:colcon.colcon_core.package_identification:_identify(src) by extensions ['colcon_meta']
[3.290s] Level 1:colcon.colcon_core.package_identification:_identify(src) by extension 'colcon_meta'
[3.290s] Level 1:colcon.colcon_core.package_identification:_identify(src) by extensions ['ros']
[3.290s] Level 1:colcon.colcon_core.package_identification:_identify(src) by extension 'ros'
[3.290s] Level 1:colcon.colcon_core.package_identification:_identify(src) by extensions ['cmake', 'python']
[3.290s] Level 1:colcon.colcon_core.package_identification:_identify(src) by extension 'cmake'
[3.290s] Level 1:colcon.colcon_core.package_identification:_identify(src) by extension 'python'
[3.290s] Level 1:colcon.colcon_core.package_identification:_identify(src) by extensions ['python_setup_py']
[3.290s] Level 1:colcon.colcon_core.package_identification:_identify(src) by extension 'python_setup_py'
[3.291s] Level 1:colcon.colcon_core.package_identification:_identify(src/aruco) by extensions ['ignore', 'ignore_ament_install']
[3.291s] Level 1:colcon.colcon_core.package_identification:_identify(src/aruco) by extension 'ignore'
[3.291s] Level 1:colcon.colcon_core.package_identification:_identify(src/aruco) by extension 'ignore_ament_install'
[3.291s] Level 1:colcon.colcon_core.package_identification:_identify(src/aruco) by extensions ['colcon_pkg']
[3.291s] Level 1:colcon.colcon_core.package_identification:_identify(src/aruco) by extension 'colcon_pkg'
[3.291s] Level 1:colcon.colcon_core.package_identification:_identify(src/aruco) by extensions ['colcon_meta']
[3.291s] Level 1:colcon.colcon_core.package_identification:_identify(src/aruco) by extension 'colcon_meta'
[3.291s] Level 1:colcon.colcon_core.package_identification:_identify(src/aruco) by extensions ['ros']
[3.291s] Level 1:colcon.colcon_core.package_identification:_identify(src/aruco) by extension 'ros'
[3.291s] Level 1:colcon.colcon_core.package_identification:_identify(src/aruco) by extensions ['cmake', 'python']
[3.291s] Level 1:colcon.colcon_core.package_identification:_identify(src/aruco) by extension 'cmake'
[3.291s] Level 1:colcon.colcon_core.package_identification:_identify(src/aruco) by extension 'python'
[3.291s] Level 1:colcon.colcon_core.package_identification:_identify(src/aruco) by extensions ['python_setup_py']
[3.291s] Level 1:colcon.colcon_core.package_identification:_identify(src/aruco) by extension 'python_setup_py'
[3.291s] Level 1:colcon.colcon_core.package_identification:_identify(src/gui_pkg) by extensions ['ignore', 'ignore_ament_install']
[3.291s] Level 1:colcon.colcon_core.package_identification:_identify(src/gui_pkg) by extension 'ignore'
[3.291s] Level 1:colcon.colcon_core.package_identification:_identify(src/gui_pkg) by extension 'ignore_ament_install'
[3.291s] Level 1:colcon.colcon_core.package_identification:_identify(src/gui_pkg) by extensions ['colcon_pkg']
[3.291s] Level 1:colcon.colcon_core.package_identification:_identify(src/gui_pkg) by extension 'colcon_pkg'
[3.291s] Level 1:colcon.colcon_core.package_identification:_identify(src/gui_pkg) by extensions ['colcon_meta']
[3.291s] Level 1:colcon.colcon_core.package_identification:_identify(src/gui_pkg) by extension 'colcon_meta'
[3.291s] Level 1:colcon.colcon_core.package_identification:_identify(src/gui_pkg) by extensions ['ros']
[3.291s] Level 1:colcon.colcon_core.package_identification:_identify(src/gui_pkg) by extension 'ros'
[3.293s] DEBUG:colcon.colcon_core.package_identification:Package 'src/gui_pkg' with type 'ros.ament_python' and name 'gui_pkg'
[3.294s] Level 1:colcon.colcon_core.package_identification:_identify(src/path_executor) by extensions ['ignore', 'ignore_ament_install']
[3.294s] Level 1:colcon.colcon_core.package_identification:_identify(src/path_executor) by extension 'ignore'
[3.294s] Level 1:colcon.colcon_core.package_identification:_identify(src/path_executor) by extension 'ignore_ament_install'
[3.294s] Level 1:colcon.colcon_core.package_identification:_identify(src/path_executor) by extensions ['colcon_pkg']
[3.294s] Level 1:colcon.colcon_core.package_identification:_identify(src/path_executor) by extension 'colcon_pkg'
[3.294s] Level 1:colcon.colcon_core.package_identification:_identify(src/path_executor) by extensions ['colcon_meta']
[3.294s] Level 1:colcon.colcon_core.package_identification:_identify(src/path_executor) by extension 'colcon_meta'
[3.294s] Level 1:colcon.colcon_core.package_identification:_identify(src/path_executor) by extensions ['ros']
[3.294s] Level 1:colcon.colcon_core.package_identification:_identify(src/path_executor) by extension 'ros'
[3.294s] DEBUG:colcon.colcon_core.package_identification:Package 'src/path_executor' with type 'ros.ament_python' and name 'path_executor'
[3.295s] Level 1:colcon.colcon_core.package_identification:_identify(src/path_planner) by extensions ['ignore', 'ignore_ament_install']
[3.295s] Level 1:colcon.colcon_core.package_identification:_identify(src/path_planner) by extension 'ignore'
[3.295s] Level 1:colcon.colcon_core.package_identification:_identify(src/path_planner) by extension 'ignore_ament_install'
[3.295s] Level 1:colcon.colcon_core.package_identification:_identify(src/path_planner) by extensions ['colcon_pkg']
[3.295s] Level 1:colcon.colcon_core.package_identification:_identify(src/path_planner) by extension 'colcon_pkg'
[3.295s] Level 1:colcon.colcon_core.package_identification:_identify(src/path_planner) by extensions ['colcon_meta']
[3.295s] Level 1:colcon.colcon_core.package_identification:_identify(src/path_planner) by extension 'colcon_meta'
[3.295s] Level 1:colcon.colcon_core.package_identification:_identify(src/path_planner) by extensions ['ros']
[3.295s] Level 1:colcon.colcon_core.package_identification:_identify(src/path_planner) by extension 'ros'
[3.295s] DEBUG:colcon.colcon_core.package_identification:Package 'src/path_planner' with type 'ros.ament_python' and name 'path_planner'
[3.296s] Level 1:colcon.colcon_core.package_identification:_identify(src/role_manager) by extensions ['ignore', 'ignore_ament_install']
[3.296s] Level 1:colcon.colcon_core.package_identification:_identify(src/role_manager) by extension 'ignore'
[3.296s] Level 1:colcon.colcon_core.package_identification:_identify(src/role_manager) by extension 'ignore_ament_install'
[3.296s] Level 1:colcon.colcon_core.package_identification:_identify(src/role_manager) by extensions ['colcon_pkg']
[3.296s] Level 1:colcon.colcon_core.package_identification:_identify(src/role_manager) by extension 'colcon_pkg'
[3.296s] Level 1:colcon.colcon_core.package_identification:_identify(src/role_manager) by extensions ['colcon_meta']
[3.296s] Level 1:colcon.colcon_core.package_identification:_identify(src/role_manager) by extension 'colcon_meta'
[3.296s] Level 1:colcon.colcon_core.package_identification:_identify(src/role_manager) by extensions ['ros']
[3.296s] Level 1:colcon.colcon_core.package_identification:_identify(src/role_manager) by extension 'ros'
[3.296s] DEBUG:colcon.colcon_core.package_identification:Package 'src/role_manager' with type 'ros.ament_python' and name 'role_manager'
[3.297s] Level 1:colcon.colcon_core.package_identification:_identify(src/rviz2) by extensions ['ignore', 'ignore_ament_install']
[3.297s] Level 1:colcon.colcon_core.package_identification:_identify(src/rviz2) by extension 'ignore'
[3.297s] Level 1:colcon.colcon_core.package_identification:_identify(src/rviz2) by extension 'ignore_ament_install'
[3.297s] Level 1:colcon.colcon_core.package_identification:_identify(src/rviz2) by extensions ['colcon_pkg']
[3.297s] Level 1:colcon.colcon_core.package_identification:_identify(src/rviz2) by extension 'colcon_pkg'
[3.297s] Level 1:colcon.colcon_core.package_identification:_identify(src/rviz2) by extensions ['colcon_meta']
[3.297s] Level 1:colcon.colcon_core.package_identification:_identify(src/rviz2) by extension 'colcon_meta'
[3.297s] Level 1:colcon.colcon_core.package_identification:_identify(src/rviz2) by extensions ['ros']
[3.297s] Level 1:colcon.colcon_core.package_identification:_identify(src/rviz2) by extension 'ros'
[3.297s] Level 1:colcon.colcon_core.package_identification:_identify(src/rviz2) by extensions ['cmake', 'python']
[3.297s] Level 1:colcon.colcon_core.package_identification:_identify(src/rviz2) by extension 'cmake'
[3.297s] Level 1:colcon.colcon_core.package_identification:_identify(src/rviz2) by extension 'python'
[3.297s] Level 1:colcon.colcon_core.package_identification:_identify(src/rviz2) by extensions ['python_setup_py']
[3.297s] Level 1:colcon.colcon_core.package_identification:_identify(src/rviz2) by extension 'python_setup_py'
[3.297s] Level 1:colcon.colcon_core.package_identification:_identify(src/swarm_launch) by extensions ['ignore', 'ignore_ament_install']
[3.297s] Level 1:colcon.colcon_core.package_identification:_identify(src/swarm_launch) by extension 'ignore'
[3.297s] Level 1:colcon.colcon_core.package_identification:_identify(src/swarm_launch) by extension 'ignore_ament_install'
[3.297s] Level 1:colcon.colcon_core.package_identification:_identify(src/swarm_launch) by extensions ['colcon_pkg']
[3.297s] Level 1:colcon.colcon_core.package_identification:_identify(src/swarm_launch) by extension 'colcon_pkg'
[3.297s] Level 1:colcon.colcon_core.package_identification:_identify(src/swarm_launch) by extensions ['colcon_meta']
[3.297s] Level 1:colcon.colcon_core.package_identification:_identify(src/swarm_launch) by extension 'colcon_meta'
[3.297s] Level 1:colcon.colcon_core.package_identification:_identify(src/swarm_launch) by extensions ['ros']
[3.297s] Level 1:colcon.colcon_core.package_identification:_identify(src/swarm_launch) by extension 'ros'
[3.298s] DEBUG:colcon.colcon_core.package_identification:Package 'src/swarm_launch' with type 'ros.ament_python' and name 'swarm_launch'
[3.298s] Level 1:colcon.colcon_core.package_identification:_identify(src/vision_node) by extensions ['ignore', 'ignore_ament_install']
[3.298s] Level 1:colcon.colcon_core.package_identification:_identify(src/vision_node) by extension 'ignore'
[3.298s] Level 1:colcon.colcon_core.package_identification:_identify(src/vision_node) by extension 'ignore_ament_install'
[3.298s] Level 1:colcon.colcon_core.package_identification:_identify(src/vision_node) by extensions ['colcon_pkg']
[3.298s] Level 1:colcon.colcon_core.package_identification:_identify(src/vision_node) by extension 'colcon_pkg'
[3.298s] Level 1:colcon.colcon_core.package_identification:_identify(src/vision_node) by extensions ['colcon_meta']
[3.298s] Level 1:colcon.colcon_core.package_identification:_identify(src/vision_node) by extension 'colcon_meta'
[3.298s] Level 1:colcon.colcon_core.package_identification:_identify(src/vision_node) by extensions ['ros']
[3.298s] Level 1:colcon.colcon_core.package_identification:_identify(src/vision_node) by extension 'ros'
[3.298s] DEBUG:colcon.colcon_core.package_identification:Package 'src/vision_node' with type 'ros.ament_python' and name 'vision_node'
[3.298s] Level 1:colcon.colcon_core.package_discovery:discover_packages(recursive) using defaults
[3.298s] Level 1:colcon.colcon_core.package_discovery:discover_packages(ignore) discover
[3.299s] Level 1:colcon.colcon_core.package_discovery:discover_packages(ignore) using defaults
[3.299s] Level 1:colcon.colcon_core.package_discovery:discover_packages(path) discover
[3.299s] Level 1:colcon.colcon_core.package_discovery:discover_packages(path) using defaults
[3.520s] Level 1:colcon.colcon_core.package_discovery:discover_packages(prefix_path) check parameters
[3.520s] Level 1:colcon.colcon_core.package_discovery:discover_packages(prefix_path) discover
[3.524s] DEBUG:colcon.colcon_installed_package_information.package_discovery:Found 20 installed packages in /home/tedee/ros2_ws/install
[3.524s] DEBUG:colcon.colcon_installed_package_information.package_discovery:Found 426 installed packages in /opt/ros/humble
[3.526s] Level 1:colcon.colcon_core.package_discovery:discover_packages(prefix_path) using defaults
[3.675s] Level 5:colcon.colcon_core.verb:set package 'gui_pkg' build argument 'cmake_args' from command line to 'None'
[3.675s] Level 5:colcon.colcon_core.verb:set package 'gui_pkg' build argument 'cmake_target' from command line to 'None'
[3.675s] Level 5:colcon.colcon_core.verb:set package 'gui_pkg' build argument 'cmake_target_skip_unavailable' from command line to 'False'
[3.675s] Level 5:colcon.colcon_core.verb:set package 'gui_pkg' build argument 'cmake_clean_cache' from command line to 'False'
[3.675s] Level 5:colcon.colcon_core.verb:set package 'gui_pkg' build argument 'cmake_clean_first' from command line to 'False'
[3.675s] Level 5:colcon.colcon_core.verb:set package 'gui_pkg' build argument 'cmake_force_configure' from command line to 'False'
[3.675s] Level 5:colcon.colcon_core.verb:set package 'gui_pkg' build argument 'ament_cmake_args' from command line to 'None'
[3.675s] Level 5:colcon.colcon_core.verb:set package 'gui_pkg' build argument 'catkin_cmake_args' from command line to 'None'
[3.675s] Level 5:colcon.colcon_core.verb:set package 'gui_pkg' build argument 'catkin_skip_building_tests' from command line to 'False'
[3.675s] DEBUG:colcon.colcon_core.verb:Building package 'gui_pkg' with the following arguments: {'ament_cmake_args': None, 'build_base': '/home/tedee/swarm/ros2_ws/build/gui_pkg', 'catkin_cmake_args': None, 'catkin_skip_building_tests': False, 'cmake_args': None, 'cmake_clean_cache': False, 'cmake_clean_first': False, 'cmake_force_configure': False, 'cmake_target': None, 'cmake_target_skip_unavailable': False, 'install_base': '/home/tedee/swarm/ros2_ws/install/gui_pkg', 'merge_install': False, 'path': '/home/tedee/swarm/ros2_ws/src/gui_pkg', 'symlink_install': False, 'test_result_base': None}
[3.676s] Level 5:colcon.colcon_core.verb:set package 'path_executor' build argument 'cmake_args' from command line to 'None'
[3.676s] Level 5:colcon.colcon_core.verb:set package 'path_executor' build argument 'cmake_target' from command line to 'None'
[3.676s] Level 5:colcon.colcon_core.verb:set package 'path_executor' build argument 'cmake_target_skip_unavailable' from command line to 'False'
[3.676s] Level 5:colcon.colcon_core.verb:set package 'path_executor' build argument 'cmake_clean_cache' from command line to 'False'
[3.676s] Level 5:colcon.colcon_core.verb:set package 'path_executor' build argument 'cmake_clean_first' from command line to 'False'
[3.676s] Level 5:colcon.colcon_core.verb:set package 'path_executor' build argument 'cmake_force_configure' from command line to 'False'
[3.676s] Level 5:colcon.colcon_core.verb:set package 'path_executor' build argument 'ament_cmake_args' from command line to 'None'
[3.676s] Level 5:colcon.colcon_core.verb:set package 'path_executor' build argument 'catkin_cmake_args' from command line to 'None'
[3.676s] Level 5:colcon.colcon_core.verb:set package 'path_executor' build argument 'catkin_skip_building_tests' from command line to 'False'
[3.676s] DEBUG:colcon.colcon_core.verb:Building package 'path_executor' with the following arguments: {'ament_cmake_args': None, 'build_base': '/home/tedee/swarm/ros2_ws/build/path_executor', 'catkin_cmake_args': None, 'catkin_skip_building_tests': False, 'cmake_args': None, 'cmake_clean_cache': False, 'cmake_clean_first': False, 'cmake_force_configure': False, 'cmake_target': None, 'cmake_target_skip_unavailable': False, 'install_base': '/home/tedee/swarm/ros2_ws/install/path_executor', 'merge_install': False, 'path': '/home/tedee/swarm/ros2_ws/src/path_executor', 'symlink_install': False, 'test_result_base': None}
[3.676s] Level 5:colcon.colcon_core.verb:set package 'path_planner' build argument 'cmake_args' from command line to 'None'
[3.676s] Level 5:colcon.colcon_core.verb:set package 'path_planner' build argument 'cmake_target' from command line to 'None'
[3.676s] Level 5:colcon.colcon_core.verb:set package 'path_planner' build argument 'cmake_target_skip_unavailable' from command line to 'False'
[3.676s] Level 5:colcon.colcon_core.verb:set package 'path_planner' build argument 'cmake_clean_cache' from command line to 'False'
[3.676s] Level 5:colcon.colcon_core.verb:set package 'path_planner' build argument 'cmake_clean_first' from command line to 'False'
[3.676s] Level 5:colcon.colcon_core.verb:set package 'path_planner' build argument 'cmake_force_configure' from command line to 'False'
[3.676s] Level 5:colcon.colcon_core.verb:set package 'path_planner' build argument 'ament_cmake_args' from command line to 'None'
[3.676s] Level 5:colcon.colcon_core.verb:set package 'path_planner' build argument 'catkin_cmake_args' from command line to 'None'
[3.676s] Level 5:colcon.colcon_core.verb:set package 'path_planner' build argument 'catkin_skip_building_tests' from command line to 'False'
[3.676s] DEBUG:colcon.colcon_core.verb:Building package 'path_planner' with the following arguments: {'ament_cmake_args': None, 'build_base': '/home/tedee/swarm/ros2_ws/build/path_planner', 'catkin_cmake_args': None, 'catkin_skip_building_tests': False, 'cmake_args': None, 'cmake_clean_cache': False, 'cmake_clean_first': False, 'cmake_force_configure': False, 'cmake_target': None, 'cmake_target_skip_unavailable': False, 'install_base': '/home/tedee/swarm/ros2_ws/install/path_planner', 'merge_install': False, 'path': '/home/tedee/swarm/ros2_ws/src/path_planner', 'symlink_install': False, 'test_result_base': None}
[3.676s] Level 5:colcon.colcon_core.verb:set package 'role_manager' build argument 'cmake_args' from command line to 'None'
[3.676s] Level 5:colcon.colcon_core.verb:set package 'role_manager' build argument 'cmake_target' from command line to 'None'
[3.676s] Level 5:colcon.colcon_core.verb:set package 'role_manager' build argument 'cmake_target_skip_unavailable' from command line to 'False'
[3.676s] Level 5:colcon.colcon_core.verb:set package 'role_manager' build argument 'cmake_clean_cache' from command line to 'False'
[3.676s] Level 5:colcon.colcon_core.verb:set package 'role_manager' build argument 'cmake_clean_first' from command line to 'False'
[3.676s] Level 5:colcon.colcon_core.verb:set package 'role_manager' build argument 'cmake_force_configure' from command line to 'False'
[3.676s] Level 5:colcon.colcon_core.verb:set package 'role_manager' build argument 'ament_cmake_args' from command line to 'None'
[3.676s] Level 5:colcon.colcon_core.verb:set package 'role_manager' build argument 'catkin_cmake_args' from command line to 'None'
[3.676s] Level 5:colcon.colcon_core.verb:set package 'role_manager' build argument 'catkin_skip_building_tests' from command line to 'False'
[3.676s] DEBUG:colcon.colcon_core.verb:Building package 'role_manager' with the following arguments: {'ament_cmake_args': None, 'build_base': '/home/tedee/swarm/ros2_ws/build/role_manager', 'catkin_cmake_args': None, 'catkin_skip_building_tests': False, 'cmake_args': None, 'cmake_clean_cache': False, 'cmake_clean_first': False, 'cmake_force_configure': False, 'cmake_target': None, 'cmake_target_skip_unavailable': False, 'install_base': '/home/tedee/swarm/ros2_ws/install/role_manager', 'merge_install': False, 'path': '/home/tedee/swarm/ros2_ws/src/role_manager', 'symlink_install': False, 'test_result_base': None}
[3.676s] Level 5:colcon.colcon_core.verb:set package 'swarm_launch' build argument 'cmake_args' from command line to 'None'
[3.676s] Level 5:colcon.colcon_core.verb:set package 'swarm_launch' build argument 'cmake_target' from command line to 'None'
[3.676s] Level 5:colcon.colcon_core.verb:set package 'swarm_launch' build argument 'cmake_target_skip_unavailable' from command line to 'False'
[3.676s] Level 5:colcon.colcon_core.verb:set package 'swarm_launch' build argument 'cmake_clean_cache' from command line to 'False'
[3.676s] Level 5:colcon.colcon_core.verb:set package 'swarm_launch' build argument 'cmake_clean_first' from command line to 'False'
[3.676s] Level 5:colcon.colcon_core.verb:set package 'swarm_launch' build argument 'cmake_force_configure' from command line to 'False'
[3.676s] Level 5:colcon.colcon_core.verb:set package 'swarm_launch' build argument 'ament_cmake_args' from command line to 'None'
[3.676s] Level 5:colcon.colcon_core.verb:set package 'swarm_launch' build argument 'catkin_cmake_args' from command line to 'None'
[3.676s] Level 5:colcon.colcon_core.verb:set package 'swarm_launch' build argument 'catkin_skip_building_tests' from command line to 'False'
[3.676s] DEBUG:colcon.colcon_core.verb:Building package 'swarm_launch' with the following arguments: {'ament_cmake_args': None, 'build_base': '/home/tedee/swarm/ros2_ws/build/swarm_launch', 'catkin_cmake_args': None, 'catkin_skip_building_tests': False, 'cmake_args': None, 'cmake_clean_cache': False, 'cmake_clean_first': False, 'cmake_force_configure': False, 'cmake_target': None, 'cmake_target_skip_unavailable': False, 'install_base': '/home/tedee/swarm/ros2_ws/install/swarm_launch', 'merge_install': False, 'path': '/home/tedee/swarm/ros2_ws/src/swarm_launch', 'symlink_install': False, 'test_result_base': None}
[3.677s] Level 5:colcon.colcon_core.verb:set package 'vision_node' build argument 'cmake_args' from command line to 'None'
[3.677s] Level 5:colcon.colcon_core.verb:set package 'vision_node' build argument 'cmake_target' from command line to 'None'
[3.677s] Level 5:colcon.colcon_core.verb:set package 'vision_node' build argument 'cmake_target_skip_unavailable' from command line to 'False'
[3.677s] Level 5:colcon.colcon_core.verb:set package 'vision_node' build argument 'cmake_clean_cache' from command line to 'False'
[3.677s] Level 5:colcon.colcon_core.verb:set package 'vision_node' build argument 'cmake_clean_first' from command line to 'False'
[3.677s] Level 5:colcon.colcon_core.verb:set package 'vision_node' build argument 'cmake_force_configure' from command line to 'False'
[3.677s] Level 5:colcon.colcon_core.verb:set package 'vision_node' build argument 'ament_cmake_args' from command line to 'None'
[3.677s] Level 5:colcon.colcon_core.verb:set package 'vision_node' build argument 'catkin_cmake_args' from command line to 'None'
[3.677s] Level 5:colcon.colcon_core.verb:set package 'vision_node' build argument 'catkin_skip_building_tests' from command line to 'False'
[3.677s] DEBUG:colcon.colcon_core.verb:Building package 'vision_node' with the following arguments: {'ament_cmake_args': None, 'build_base': '/home/tedee/swarm/ros2_ws/build/vision_node', 'catkin_cmake_args': None, 'catkin_skip_building_tests': False, 'cmake_args': None, 'cmake_clean_cache': False, 'cmake_clean_first': False, 'cmake_force_configure': False, 'cmake_target': None, 'cmake_target_skip_unavailable': False, 'install_base': '/home/tedee/swarm/ros2_ws/install/vision_node', 'merge_install': False, 'path': '/home/tedee/swarm/ros2_ws/src/vision_node', 'symlink_install': False, 'test_result_base': None}
[3.677s] INFO:colcon.colcon_core.executor:Executing jobs using 'parallel' executor
[3.678s] DEBUG:colcon.colcon_parallel_executor.executor.parallel:run_until_complete
[3.678s] INFO:colcon.colcon_ros.task.ament_python.build:Building ROS package in '/home/tedee/swarm/ros2_ws/src/gui_pkg' with build type 'ament_python'
[3.678s] Level 1:colcon.colcon_core.shell:create_environment_hook('gui_pkg', 'ament_prefix_path')
[3.707s] INFO:colcon.colcon_core.plugin_system:Skipping extension 'colcon_core.shell.bat': Not used on non-Windows systems
[3.707s] INFO:colcon.colcon_core.shell:Creating environment hook '/home/tedee/swarm/ros2_ws/install/gui_pkg/share/gui_pkg/hook/ament_prefix_path.ps1'
[3.709s] INFO:colcon.colcon_core.shell:Creating environment descriptor '/home/tedee/swarm/ros2_ws/install/gui_pkg/share/gui_pkg/hook/ament_prefix_path.dsv'
[3.785s] INFO:colcon.colcon_core.shell:Creating environment hook '/home/tedee/swarm/ros2_ws/install/gui_pkg/share/gui_pkg/hook/ament_prefix_path.sh'
[3.788s] INFO:colcon.colcon_core.shell:Skip shell extension 'powershell' for command environment: Not usable outside of PowerShell
[3.788s] DEBUG:colcon.colcon_core.shell:Skip shell extension 'dsv' for command environment
[3.795s] INFO:colcon.colcon_ros.task.ament_python.build:Building ROS package in '/home/tedee/swarm/ros2_ws/src/path_executor' with build type 'ament_python'
[3.796s] Level 1:colcon.colcon_core.shell:create_environment_hook('path_executor', 'ament_prefix_path')
[3.796s] INFO:colcon.colcon_core.shell:Creating environment hook '/home/tedee/swarm/ros2_ws/install/path_executor/share/path_executor/hook/ament_prefix_path.ps1'
[3.797s] INFO:colcon.colcon_core.shell:Creating environment descriptor '/home/tedee/swarm/ros2_ws/install/path_executor/share/path_executor/hook/ament_prefix_path.dsv'
[3.798s] INFO:colcon.colcon_core.shell:Creating environment hook '/home/tedee/swarm/ros2_ws/install/path_executor/share/path_executor/hook/ament_prefix_path.sh'
[3.798s] INFO:colcon.colcon_core.shell:Skip shell extension 'powershell' for command environment: Not usable outside of PowerShell
[3.798s] DEBUG:colcon.colcon_core.shell:Skip shell extension 'dsv' for command environment
[3.802s] INFO:colcon.colcon_ros.task.ament_python.build:Building ROS package in '/home/tedee/swarm/ros2_ws/src/path_planner' with build type 'ament_python'
[3.802s] Level 1:colcon.colcon_core.shell:create_environment_hook('path_planner', 'ament_prefix_path')
[3.802s] INFO:colcon.colcon_core.shell:Creating environment hook '/home/tedee/swarm/ros2_ws/install/path_planner/share/path_planner/hook/ament_prefix_path.ps1'
[3.823s] INFO:colcon.colcon_core.shell:Creating environment descriptor '/home/tedee/swarm/ros2_ws/install/path_planner/share/path_planner/hook/ament_prefix_path.dsv'
[3.823s] INFO:colcon.colcon_core.shell:Creating environment hook '/home/tedee/swarm/ros2_ws/install/path_planner/share/path_planner/hook/ament_prefix_path.sh'
[3.824s] INFO:colcon.colcon_core.shell:Skip shell extension 'powershell' for command environment: Not usable outside of PowerShell
[3.824s] DEBUG:colcon.colcon_core.shell:Skip shell extension 'dsv' for command environment
[3.826s] INFO:colcon.colcon_ros.task.ament_python.build:Building ROS package in '/home/tedee/swarm/ros2_ws/src/role_manager' with build type 'ament_python'
[3.827s] Level 1:colcon.colcon_core.shell:create_environment_hook('role_manager', 'ament_prefix_path')
[3.827s] INFO:colcon.colcon_core.shell:Creating environment hook '/home/tedee/swarm/ros2_ws/install/role_manager/share/role_manager/hook/ament_prefix_path.ps1'
[3.828s] INFO:colcon.colcon_core.shell:Creating environment descriptor '/home/tedee/swarm/ros2_ws/install/role_manager/share/role_manager/hook/ament_prefix_path.dsv'
[3.828s] INFO:colcon.colcon_core.shell:Creating environment hook '/home/tedee/swarm/ros2_ws/install/role_manager/share/role_manager/hook/ament_prefix_path.sh'
[3.828s] INFO:colcon.colcon_core.shell:Skip shell extension 'powershell' for command environment: Not usable outside of PowerShell
[3.828s] DEBUG:colcon.colcon_core.shell:Skip shell extension 'dsv' for command environment
[3.832s] INFO:colcon.colcon_ros.task.ament_python.build:Building ROS package in '/home/tedee/swarm/ros2_ws/src/swarm_launch' with build type 'ament_python'
[3.832s] Level 1:colcon.colcon_core.shell:create_environment_hook('swarm_launch', 'ament_prefix_path')
[3.832s] INFO:colcon.colcon_core.shell:Creating environment hook '/home/tedee/swarm/ros2_ws/install/swarm_launch/share/swarm_launch/hook/ament_prefix_path.ps1'
[3.848s] INFO:colcon.colcon_core.shell:Creating environment descriptor '/home/tedee/swarm/ros2_ws/install/swarm_launch/share/swarm_launch/hook/ament_prefix_path.dsv'
[3.848s] INFO:colcon.colcon_core.shell:Creating environment hook '/home/tedee/swarm/ros2_ws/install/swarm_launch/share/swarm_launch/hook/ament_prefix_path.sh'
[3.849s] INFO:colcon.colcon_core.shell:Skip shell extension 'powershell' for command environment: Not usable outside of PowerShell
[3.849s] DEBUG:colcon.colcon_core.shell:Skip shell extension 'dsv' for command environment
[3.856s] INFO:colcon.colcon_ros.task.ament_python.build:Building ROS package in '/home/tedee/swarm/ros2_ws/src/vision_node' with build type 'ament_python'
[3.856s] Level 1:colcon.colcon_core.shell:create_environment_hook('vision_node', 'ament_prefix_path')
[3.856s] INFO:colcon.colcon_core.shell:Creating environment hook '/home/tedee/swarm/ros2_ws/install/vision_node/share/vision_node/hook/ament_prefix_path.ps1'
[3.858s] INFO:colcon.colcon_core.shell:Creating environment descriptor '/home/tedee/swarm/ros2_ws/install/vision_node/share/vision_node/hook/ament_prefix_path.dsv'
[3.858s] INFO:colcon.colcon_core.shell:Creating environment hook '/home/tedee/swarm/ros2_ws/install/vision_node/share/vision_node/hook/ament_prefix_path.sh'
[3.859s] INFO:colcon.colcon_core.shell:Skip shell extension 'powershell' for command environment: Not usable outside of PowerShell
[3.859s] DEBUG:colcon.colcon_core.shell:Skip shell extension 'dsv' for command environment
[4.420s] INFO:colcon.colcon_core.task.python.build:Building Python package in '/home/tedee/swarm/ros2_ws/src/gui_pkg'
[4.420s] INFO:colcon.colcon_core.shell:Skip shell extension 'powershell' for command environment: Not usable outside of PowerShell
[4.420s] DEBUG:colcon.colcon_core.shell:Skip shell extension 'dsv' for command environment
[4.591s] INFO:colcon.colcon_core.task.python.build:Building Python package in '/home/tedee/swarm/ros2_ws/src/path_executor'
[4.591s] INFO:colcon.colcon_core.shell:Skip shell extension 'powershell' for command environment: Not usable outside of PowerShell
[4.591s] DEBUG:colcon.colcon_core.shell:Skip shell extension 'dsv' for command environment
[4.837s] INFO:colcon.colcon_core.task.python.build:Building Python package in '/home/tedee/swarm/ros2_ws/src/path_planner'
[4.837s] INFO:colcon.colcon_core.shell:Skip shell extension 'powershell' for command environment: Not usable outside of PowerShell
[4.837s] DEBUG:colcon.colcon_core.shell:Skip shell extension 'dsv' for command environment
[5.012s] INFO:colcon.colcon_core.task.python.build:Building Python package in '/home/tedee/swarm/ros2_ws/src/role_manager'
[5.012s] INFO:colcon.colcon_core.shell:Skip shell extension 'powershell' for command environment: Not usable outside of PowerShell
[5.013s] DEBUG:colcon.colcon_core.shell:Skip shell extension 'dsv' for command environment
[5.195s] INFO:colcon.colcon_core.task.python.build:Building Python package in '/home/tedee/swarm/ros2_ws/src/swarm_launch'
[5.196s] INFO:colcon.colcon_core.shell:Skip shell extension 'powershell' for command environment: Not usable outside of PowerShell
[5.196s] DEBUG:colcon.colcon_core.shell:Skip shell extension 'dsv' for command environment
[5.482s] INFO:colcon.colcon_core.task.python.build:Building Python package in '/home/tedee/swarm/ros2_ws/src/vision_node'
[5.482s] INFO:colcon.colcon_core.shell:Skip shell extension 'powershell' for command environment: Not usable outside of PowerShell
[5.482s] DEBUG:colcon.colcon_core.shell:Skip shell extension 'dsv' for command environment
[7.036s] DEBUG:colcon.colcon_core.event_handler.log_command:Invoking command in '/home/tedee/swarm/ros2_ws/src/vision_node': PYTHONPATH=/home/tedee/swarm/ros2_ws/build/vision_node/prefix_override:/usr/lib/python3/dist-packages/colcon_core/task/python/colcon_distutils_commands:/home/tedee/swarm/ros2_ws/install/vision_node/lib/python3.10/site-packages:${PYTHONPATH} /usr/bin/python3 -W ignore:setup.py install is deprecated -W ignore:easy_install command is deprecated setup.py egg_info --egg-base ../../build/vision_node build --build-base /home/tedee/swarm/ros2_ws/build/vision_node/build install --record /home/tedee/swarm/ros2_ws/build/vision_node/install.log --single-version-externally-managed install_data
[7.055s] DEBUG:colcon.colcon_core.event_handler.log_command:Invoking command in '/home/tedee/swarm/ros2_ws/src/swarm_launch': PYTHONPATH=/home/tedee/swarm/ros2_ws/build/swarm_launch/prefix_override:/usr/lib/python3/dist-packages/colcon_core/task/python/colcon_distutils_commands:/home/tedee/swarm/ros2_ws/install/swarm_launch/lib/python3.10/site-packages:${PYTHONPATH} /usr/bin/python3 -W ignore:setup.py install is deprecated -W ignore:easy_install command is deprecated setup.py egg_info --egg-base ../../build/swarm_launch build --build-base /home/tedee/swarm/ros2_ws/build/swarm_launch/build install --record /home/tedee/swarm/ros2_ws/build/swarm_launch/install.log --single-version-externally-managed install_data
[7.056s] DEBUG:colcon.colcon_core.event_handler.log_command:Invoking command in '/home/tedee/swarm/ros2_ws/src/path_planner': PYTHONPATH=/home/tedee/swarm/ros2_ws/build/path_planner/prefix_override:/usr/lib/python3/dist-packages/colcon_core/task/python/colcon_distutils_commands:/home/tedee/swarm/ros2_ws/install/path_planner/lib/python3.10/site-packages:${PYTHONPATH} /usr/bin/python3 -W ignore:setup.py install is deprecated -W ignore:easy_install command is deprecated setup.py egg_info --egg-base ../../build/path_planner build --build-base /home/tedee/swarm/ros2_ws/build/path_planner/build install --record /home/tedee/swarm/ros2_ws/build/path_planner/install.log --single-version-externally-managed install_data
[7.061s] DEBUG:colcon.colcon_core.event_handler.log_command:Invoking command in '/home/tedee/swarm/ros2_ws/src/role_manager': PYTHONPATH=/home/tedee/swarm/ros2_ws/build/role_manager/prefix_override:/usr/lib/python3/dist-packages/colcon_core/task/python/colcon_distutils_commands:/home/tedee/swarm/ros2_ws/install/role_manager/lib/python3.10/site-packages:${PYTHONPATH} /usr/bin/python3 -W ignore:setup.py install is deprecated -W ignore:easy_install command is deprecated setup.py egg_info --egg-base ../../build/role_manager build --build-base /home/tedee/swarm/ros2_ws/build/role_manager/build install --record /home/tedee/swarm/ros2_ws/build/role_manager/install.log --single-version-externally-managed install_data
[7.064s] DEBUG:colcon.colcon_core.event_handler.log_command:Invoking command in '/home/tedee/swarm/ros2_ws/src/path_executor': PYTHONPATH=/home/tedee/swarm/ros2_ws/build/path_executor/prefix_override:/usr/lib/python3/dist-packages/colcon_core/task/python/colcon_distutils_commands:/home/tedee/swarm/ros2_ws/install/path_executor/lib/python3.10/site-packages:${PYTHONPATH} /usr/bin/python3 -W ignore:setup.py install is deprecated -W ignore:easy_install command is deprecated setup.py egg_info --egg-base ../../build/path_executor build --build-base /home/tedee/swarm/ros2_ws/build/path_executor/build install --record /home/tedee/swarm/ros2_ws/build/path_executor/install.log --single-version-externally-managed install_data
[7.067s] DEBUG:colcon.colcon_core.event_handler.log_command:Invoking command in '/home/tedee/swarm/ros2_ws/src/gui_pkg': PYTHONPATH=/home/tedee/swarm/ros2_ws/build/gui_pkg/prefix_override:/usr/lib/python3/dist-packages/colcon_core/task/python/colcon_distutils_commands:/home/tedee/swarm/ros2_ws/install/gui_pkg/lib/python3.10/site-packages:${PYTHONPATH} /usr/bin/python3 -W ignore:setup.py install is deprecated -W ignore:easy_install command is deprecated setup.py egg_info --egg-base ../../build/gui_pkg build --build-base /home/tedee/swarm/ros2_ws/build/gui_pkg/build install --record /home/tedee/swarm/ros2_ws/build/gui_pkg/install.log --single-version-externally-managed install_data
[7.395s] DEBUG:colcon.colcon_core.event_handler.log_command:Invoked command in '/home/tedee/swarm/ros2_ws/src/role_manager' returned '0': PYTHONPATH=/home/tedee/swarm/ros2_ws/build/role_manager/prefix_override:/usr/lib/python3/dist-packages/colcon_core/task/python/colcon_distutils_commands:/home/tedee/swarm/ros2_ws/install/role_manager/lib/python3.10/site-packages:${PYTHONPATH} /usr/bin/python3 -W ignore:setup.py install is deprecated -W ignore:easy_install command is deprecated setup.py egg_info --egg-base ../../build/role_manager build --build-base /home/tedee/swarm/ros2_ws/build/role_manager/build install --record /home/tedee/swarm/ros2_ws/build/role_manager/install.log --single-version-externally-managed install_data
[7.426s] Level 1:colcon.colcon_core.environment:checking '/home/tedee/swarm/ros2_ws/install/role_manager' for CMake module files
[7.426s] Level 1:colcon.colcon_core.environment:checking '/home/tedee/swarm/ros2_ws/install/role_manager' for CMake config files
[7.427s] Level 1:colcon.colcon_core.environment:checking '/home/tedee/swarm/ros2_ws/install/role_manager/lib'
[7.427s] Level 1:colcon.colcon_core.environment:checking '/home/tedee/swarm/ros2_ws/install/role_manager/bin'
[7.427s] Level 1:colcon.colcon_core.environment:checking '/home/tedee/swarm/ros2_ws/install/role_manager/lib/pkgconfig/role_manager.pc'
[7.428s] Level 1:colcon.colcon_core.environment:checking '/home/tedee/swarm/ros2_ws/install/role_manager/lib/python3.10/site-packages'
[7.428s] Level 1:colcon.colcon_core.shell:create_environment_hook('role_manager', 'pythonpath')
[7.428s] INFO:colcon.colcon_core.shell:Creating environment hook '/home/tedee/swarm/ros2_ws/install/role_manager/share/role_manager/hook/pythonpath.ps1'
[7.428s] INFO:colcon.colcon_core.shell:Creating environment descriptor '/home/tedee/swarm/ros2_ws/install/role_manager/share/role_manager/hook/pythonpath.dsv'
[7.428s] INFO:colcon.colcon_core.shell:Creating environment hook '/home/tedee/swarm/ros2_ws/install/role_manager/share/role_manager/hook/pythonpath.sh'
[7.429s] Level 1:colcon.colcon_core.environment:checking '/home/tedee/swarm/ros2_ws/install/role_manager/bin'
[7.429s] Level 1:colcon.colcon_core.environment:create_environment_scripts_only(role_manager)
[7.429s] INFO:colcon.colcon_core.shell:Creating package script '/home/tedee/swarm/ros2_ws/install/role_manager/share/role_manager/package.ps1'
[7.430s] INFO:colcon.colcon_core.shell:Creating package descriptor '/home/tedee/swarm/ros2_ws/install/role_manager/share/role_manager/package.dsv'
[7.431s] INFO:colcon.colcon_core.shell:Creating package script '/home/tedee/swarm/ros2_ws/install/role_manager/share/role_manager/package.sh'
[7.432s] INFO:colcon.colcon_core.shell:Creating package script '/home/tedee/swarm/ros2_ws/install/role_manager/share/role_manager/package.bash'
[7.434s] INFO:colcon.colcon_core.shell:Creating package script '/home/tedee/swarm/ros2_ws/install/role_manager/share/role_manager/package.zsh'
[7.436s] Level 1:colcon.colcon_core.environment:create_file_with_runtime_dependencies(/home/tedee/swarm/ros2_ws/install/role_manager/share/colcon-core/packages/role_manager)
[7.438s] Level 1:colcon.colcon_core.environment:checking '/home/tedee/swarm/ros2_ws/install/gui_pkg' for CMake module files
[7.438s] DEBUG:colcon.colcon_core.event_handler.log_command:Invoked command in '/home/tedee/swarm/ros2_ws/src/gui_pkg' returned '0': PYTHONPATH=/home/tedee/swarm/ros2_ws/build/gui_pkg/prefix_override:/usr/lib/python3/dist-packages/colcon_core/task/python/colcon_distutils_commands:/home/tedee/swarm/ros2_ws/install/gui_pkg/lib/python3.10/site-packages:${PYTHONPATH} /usr/bin/python3 -W ignore:setup.py install is deprecated -W ignore:easy_install command is deprecated setup.py egg_info --egg-base ../../build/gui_pkg build --build-base /home/tedee/swarm/ros2_ws/build/gui_pkg/build install --record /home/tedee/swarm/ros2_ws/build/gui_pkg/install.log --single-version-externally-managed install_data
[7.439s] Level 1:colcon.colcon_core.environment:checking '/home/tedee/swarm/ros2_ws/install/gui_pkg' for CMake config files
[7.441s] Level 1:colcon.colcon_core.environment:checking '/home/tedee/swarm/ros2_ws/install/gui_pkg/lib'
[7.441s] Level 1:colcon.colcon_core.environment:checking '/home/tedee/swarm/ros2_ws/install/gui_pkg/bin'
[7.441s] Level 1:colcon.colcon_core.environment:checking '/home/tedee/swarm/ros2_ws/install/gui_pkg/lib/pkgconfig/gui_pkg.pc'
[7.441s] Level 1:colcon.colcon_core.environment:checking '/home/tedee/swarm/ros2_ws/install/gui_pkg/lib/python3.10/site-packages'
[7.441s] Level 1:colcon.colcon_core.shell:create_environment_hook('gui_pkg', 'pythonpath')
[7.441s] INFO:colcon.colcon_core.shell:Creating environment hook '/home/tedee/swarm/ros2_ws/install/gui_pkg/share/gui_pkg/hook/pythonpath.ps1'
[7.442s] INFO:colcon.colcon_core.shell:Creating environment descriptor '/home/tedee/swarm/ros2_ws/install/gui_pkg/share/gui_pkg/hook/pythonpath.dsv'
[7.442s] INFO:colcon.colcon_core.shell:Creating environment hook '/home/tedee/swarm/ros2_ws/install/gui_pkg/share/gui_pkg/hook/pythonpath.sh'
[7.443s] Level 1:colcon.colcon_core.environment:checking '/home/tedee/swarm/ros2_ws/install/gui_pkg/bin'
[7.443s] Level 1:colcon.colcon_core.environment:create_environment_scripts_only(gui_pkg)
[7.443s] INFO:colcon.colcon_core.shell:Creating package script '/home/tedee/swarm/ros2_ws/install/gui_pkg/share/gui_pkg/package.ps1'
[7.444s] INFO:colcon.colcon_core.shell:Creating package descriptor '/home/tedee/swarm/ros2_ws/install/gui_pkg/share/gui_pkg/package.dsv'
[7.444s] INFO:colcon.colcon_core.shell:Creating package script '/home/tedee/swarm/ros2_ws/install/gui_pkg/share/gui_pkg/package.sh'
[7.444s] INFO:colcon.colcon_core.shell:Creating package script '/home/tedee/swarm/ros2_ws/install/gui_pkg/share/gui_pkg/package.bash'
[7.445s] INFO:colcon.colcon_core.shell:Creating package script '/home/tedee/swarm/ros2_ws/install/gui_pkg/share/gui_pkg/package.zsh'
[7.445s] Level 1:colcon.colcon_core.environment:create_file_with_runtime_dependencies(/home/tedee/swarm/ros2_ws/install/gui_pkg/share/colcon-core/packages/gui_pkg)
[7.446s] Level 1:colcon.colcon_core.environment:checking '/home/tedee/swarm/ros2_ws/install/path_executor' for CMake module files
[7.447s] DEBUG:colcon.colcon_core.event_handler.log_command:Invoked command in '/home/tedee/swarm/ros2_ws/src/path_executor' returned '0': PYTHONPATH=/home/tedee/swarm/ros2_ws/build/path_executor/prefix_override:/usr/lib/python3/dist-packages/colcon_core/task/python/colcon_distutils_commands:/home/tedee/swarm/ros2_ws/install/path_executor/lib/python3.10/site-packages:${PYTHONPATH} /usr/bin/python3 -W ignore:setup.py install is deprecated -W ignore:easy_install command is deprecated setup.py egg_info --egg-base ../../build/path_executor build --build-base /home/tedee/swarm/ros2_ws/build/path_executor/build install --record /home/tedee/swarm/ros2_ws/build/path_executor/install.log --single-version-externally-managed install_data
[7.447s] Level 1:colcon.colcon_core.environment:checking '/home/tedee/swarm/ros2_ws/install/path_executor' for CMake config files
[7.448s] Level 1:colcon.colcon_core.environment:checking '/home/tedee/swarm/ros2_ws/install/path_executor/lib'
[7.448s] Level 1:colcon.colcon_core.environment:checking '/home/tedee/swarm/ros2_ws/install/path_executor/bin'
[7.448s] Level 1:colcon.colcon_core.environment:checking '/home/tedee/swarm/ros2_ws/install/path_executor/lib/pkgconfig/path_executor.pc'
[7.448s] Level 1:colcon.colcon_core.environment:checking '/home/tedee/swarm/ros2_ws/install/path_executor/lib/python3.10/site-packages'
[7.448s] Level 1:colcon.colcon_core.shell:create_environment_hook('path_executor', 'pythonpath')
[7.448s] INFO:colcon.colcon_core.shell:Creating environment hook '/home/tedee/swarm/ros2_ws/install/path_executor/share/path_executor/hook/pythonpath.ps1'
[7.449s] INFO:colcon.colcon_core.shell:Creating environment descriptor '/home/tedee/swarm/ros2_ws/install/path_executor/share/path_executor/hook/pythonpath.dsv'
[7.449s] INFO:colcon.colcon_core.shell:Creating environment hook '/home/tedee/swarm/ros2_ws/install/path_executor/share/path_executor/hook/pythonpath.sh'
[7.450s] Level 1:colcon.colcon_core.environment:checking '/home/tedee/swarm/ros2_ws/install/path_executor/bin'
[7.450s] Level 1:colcon.colcon_core.environment:create_environment_scripts_only(path_executor)
[7.450s] INFO:colcon.colcon_core.shell:Creating package script '/home/tedee/swarm/ros2_ws/install/path_executor/share/path_executor/package.ps1'
[7.451s] INFO:colcon.colcon_core.shell:Creating package descriptor '/home/tedee/swarm/ros2_ws/install/path_executor/share/path_executor/package.dsv'
[7.451s] INFO:colcon.colcon_core.shell:Creating package script '/home/tedee/swarm/ros2_ws/install/path_executor/share/path_executor/package.sh'
[7.452s] INFO:colcon.colcon_core.shell:Creating package script '/home/tedee/swarm/ros2_ws/install/path_executor/share/path_executor/package.bash'
[7.452s] INFO:colcon.colcon_core.shell:Creating package script '/home/tedee/swarm/ros2_ws/install/path_executor/share/path_executor/package.zsh'
[7.452s] Level 1:colcon.colcon_core.environment:create_file_with_runtime_dependencies(/home/tedee/swarm/ros2_ws/install/path_executor/share/colcon-core/packages/path_executor)
[7.453s] Level 1:colcon.colcon_core.environment:checking '/home/tedee/swarm/ros2_ws/install/path_planner' for CMake module files
[7.454s] DEBUG:colcon.colcon_core.event_handler.log_command:Invoked command in '/home/tedee/swarm/ros2_ws/src/path_planner' returned '0': PYTHONPATH=/home/tedee/swarm/ros2_ws/build/path_planner/prefix_override:/usr/lib/python3/dist-packages/colcon_core/task/python/colcon_distutils_commands:/home/tedee/swarm/ros2_ws/install/path_planner/lib/python3.10/site-packages:${PYTHONPATH} /usr/bin/python3 -W ignore:setup.py install is deprecated -W ignore:easy_install command is deprecated setup.py egg_info --egg-base ../../build/path_planner build --build-base /home/tedee/swarm/ros2_ws/build/path_planner/build install --record /home/tedee/swarm/ros2_ws/build/path_planner/install.log --single-version-externally-managed install_data
[7.454s] Level 1:colcon.colcon_core.environment:checking '/home/tedee/swarm/ros2_ws/install/path_planner' for CMake config files
[7.455s] Level 1:colcon.colcon_core.environment:checking '/home/tedee/swarm/ros2_ws/install/path_planner/lib'
[7.455s] Level 1:colcon.colcon_core.environment:checking '/home/tedee/swarm/ros2_ws/install/path_planner/bin'
[7.455s] Level 1:colcon.colcon_core.environment:checking '/home/tedee/swarm/ros2_ws/install/path_planner/lib/pkgconfig/path_planner.pc'
[7.456s] Level 1:colcon.colcon_core.environment:checking '/home/tedee/swarm/ros2_ws/install/path_planner/lib/python3.10/site-packages'
[7.456s] Level 1:colcon.colcon_core.shell:create_environment_hook('path_planner', 'pythonpath')
[7.456s] INFO:colcon.colcon_core.shell:Creating environment hook '/home/tedee/swarm/ros2_ws/install/path_planner/share/path_planner/hook/pythonpath.ps1'
[7.456s] INFO:colcon.colcon_core.shell:Creating environment descriptor '/home/tedee/swarm/ros2_ws/install/path_planner/share/path_planner/hook/pythonpath.dsv'
[7.457s] INFO:colcon.colcon_core.shell:Creating environment hook '/home/tedee/swarm/ros2_ws/install/path_planner/share/path_planner/hook/pythonpath.sh'
[7.457s] Level 1:colcon.colcon_core.environment:checking '/home/tedee/swarm/ros2_ws/install/path_planner/bin'
[7.457s] Level 1:colcon.colcon_core.environment:create_environment_scripts_only(path_planner)
[7.457s] INFO:colcon.colcon_core.shell:Creating package script '/home/tedee/swarm/ros2_ws/install/path_planner/share/path_planner/package.ps1'
[7.458s] INFO:colcon.colcon_core.shell:Creating package descriptor '/home/tedee/swarm/ros2_ws/install/path_planner/share/path_planner/package.dsv'
[7.458s] INFO:colcon.colcon_core.shell:Creating package script '/home/tedee/swarm/ros2_ws/install/path_planner/share/path_planner/package.sh'
[7.458s] INFO:colcon.colcon_core.shell:Creating package script '/home/tedee/swarm/ros2_ws/install/path_planner/share/path_planner/package.bash'
[7.458s] INFO:colcon.colcon_core.shell:Creating package script '/home/tedee/swarm/ros2_ws/install/path_planner/share/path_planner/package.zsh'
[7.459s] Level 1:colcon.colcon_core.environment:create_file_with_runtime_dependencies(/home/tedee/swarm/ros2_ws/install/path_planner/share/colcon-core/packages/path_planner)
[7.459s] Level 1:colcon.colcon_core.environment:checking '/home/tedee/swarm/ros2_ws/install/vision_node' for CMake module files
[7.460s] Level 1:colcon.colcon_core.environment:checking '/home/tedee/swarm/ros2_ws/install/vision_node' for CMake config files
[7.460s] DEBUG:colcon.colcon_core.event_handler.log_command:Invoked command in '/home/tedee/swarm/ros2_ws/src/vision_node' returned '0': PYTHONPATH=/home/tedee/swarm/ros2_ws/build/vision_node/prefix_override:/usr/lib/python3/dist-packages/colcon_core/task/python/colcon_distutils_commands:/home/tedee/swarm/ros2_ws/install/vision_node/lib/python3.10/site-packages:${PYTHONPATH} /usr/bin/python3 -W ignore:setup.py install is deprecated -W ignore:easy_install command is deprecated setup.py egg_info --egg-base ../../build/vision_node build --build-base /home/tedee/swarm/ros2_ws/build/vision_node/build install --record /home/tedee/swarm/ros2_ws/build/vision_node/install.log --single-version-externally-managed install_data
[7.461s] Level 1:colcon.colcon_core.environment:checking '/home/tedee/swarm/ros2_ws/install/vision_node/lib'
[7.461s] Level 1:colcon.colcon_core.environment:checking '/home/tedee/swarm/ros2_ws/install/vision_node/bin'
[7.461s] Level 1:colcon.colcon_core.environment:checking '/home/tedee/swarm/ros2_ws/install/vision_node/lib/pkgconfig/vision_node.pc'
[7.461s] Level 1:colcon.colcon_core.environment:checking '/home/tedee/swarm/ros2_ws/install/vision_node/lib/python3.10/site-packages'
[7.461s] Level 1:colcon.colcon_core.shell:create_environment_hook('vision_node', 'pythonpath')
[7.461s] INFO:colcon.colcon_core.shell:Creating environment hook '/home/tedee/swarm/ros2_ws/install/vision_node/share/vision_node/hook/pythonpath.ps1'
[7.461s] INFO:colcon.colcon_core.shell:Creating environment descriptor '/home/tedee/swarm/ros2_ws/install/vision_node/share/vision_node/hook/pythonpath.dsv'
[7.462s] INFO:colcon.colcon_core.shell:Creating environment hook '/home/tedee/swarm/ros2_ws/install/vision_node/share/vision_node/hook/pythonpath.sh'
[7.462s] Level 1:colcon.colcon_core.environment:checking '/home/tedee/swarm/ros2_ws/install/vision_node/bin'
[7.462s] Level 1:colcon.colcon_core.environment:create_environment_scripts_only(vision_node)
[7.462s] INFO:colcon.colcon_core.shell:Creating package script '/home/tedee/swarm/ros2_ws/install/vision_node/share/vision_node/package.ps1'
[7.462s] INFO:colcon.colcon_core.shell:Creating package descriptor '/home/tedee/swarm/ros2_ws/install/vision_node/share/vision_node/package.dsv'
[7.463s] INFO:colcon.colcon_core.shell:Creating package script '/home/tedee/swarm/ros2_ws/install/vision_node/share/vision_node/package.sh'
[7.463s] INFO:colcon.colcon_core.shell:Creating package script '/home/tedee/swarm/ros2_ws/install/vision_node/share/vision_node/package.bash'
[7.463s] INFO:colcon.colcon_core.shell:Creating package script '/home/tedee/swarm/ros2_ws/install/vision_node/share/vision_node/package.zsh'
[7.569s] Level 1:colcon.colcon_core.environment:create_file_with_runtime_dependencies(/home/tedee/swarm/ros2_ws/install/vision_node/share/colcon-core/packages/vision_node)
[7.573s] Level 1:colcon.colcon_core.environment:checking '/home/tedee/swarm/ros2_ws/install/swarm_launch' for CMake module files
[7.575s] DEBUG:colcon.colcon_core.event_handler.log_command:Invoked command in '/home/tedee/swarm/ros2_ws/src/swarm_launch' returned '0': PYTHONPATH=/home/tedee/swarm/ros2_ws/build/swarm_launch/prefix_override:/usr/lib/python3/dist-packages/colcon_core/task/python/colcon_distutils_commands:/home/tedee/swarm/ros2_ws/install/swarm_launch/lib/python3.10/site-packages:${PYTHONPATH} /usr/bin/python3 -W ignore:setup.py install is deprecated -W ignore:easy_install command is deprecated setup.py egg_info --egg-base ../../build/swarm_launch build --build-base /home/tedee/swarm/ros2_ws/build/swarm_launch/build install --record /home/tedee/swarm/ros2_ws/build/swarm_launch/install.log --single-version-externally-managed install_data
[7.575s] Level 1:colcon.colcon_core.environment:checking '/home/tedee/swarm/ros2_ws/install/swarm_launch' for CMake config files
[7.578s] Level 1:colcon.colcon_core.environment:checking '/home/tedee/swarm/ros2_ws/install/swarm_launch/lib'
[7.578s] Level 1:colcon.colcon_core.environment:checking '/home/tedee/swarm/ros2_ws/install/swarm_launch/bin'
[7.578s] Level 1:colcon.colcon_core.environment:checking '/home/tedee/swarm/ros2_ws/install/swarm_launch/lib/pkgconfig/swarm_launch.pc'
[7.578s] Level 1:colcon.colcon_core.environment:checking '/home/tedee/swarm/ros2_ws/install/swarm_launch/lib/python3.10/site-packages'
[7.579s] Level 1:colcon.colcon_core.shell:create_environment_hook('swarm_launch', 'pythonpath')
[7.579s] INFO:colcon.colcon_core.shell:Creating environment hook '/home/tedee/swarm/ros2_ws/install/swarm_launch/share/swarm_launch/hook/pythonpath.ps1'
[7.580s] INFO:colcon.colcon_core.shell:Creating environment descriptor '/home/tedee/swarm/ros2_ws/install/swarm_launch/share/swarm_launch/hook/pythonpath.dsv'
[7.580s] INFO:colcon.colcon_core.shell:Creating environment hook '/home/tedee/swarm/ros2_ws/install/swarm_launch/share/swarm_launch/hook/pythonpath.sh'
[7.581s] Level 1:colcon.colcon_core.environment:checking '/home/tedee/swarm/ros2_ws/install/swarm_launch/bin'
[7.581s] Level 1:colcon.colcon_core.environment:create_environment_scripts_only(swarm_launch)
[7.581s] INFO:colcon.colcon_core.shell:Creating package script '/home/tedee/swarm/ros2_ws/install/swarm_launch/share/swarm_launch/package.ps1'
[7.582s] INFO:colcon.colcon_core.shell:Creating package descriptor '/home/tedee/swarm/ros2_ws/install/swarm_launch/share/swarm_launch/package.dsv'
[7.582s] INFO:colcon.colcon_core.shell:Creating package script '/home/tedee/swarm/ros2_ws/install/swarm_launch/share/swarm_launch/package.sh'
[7.582s] INFO:colcon.colcon_core.shell:Creating package script '/home/tedee/swarm/ros2_ws/install/swarm_launch/share/swarm_launch/package.bash'
[7.582s] INFO:colcon.colcon_core.shell:Creating package script '/home/tedee/swarm/ros2_ws/install/swarm_launch/share/swarm_launch/package.zsh'
[7.582s] Level 1:colcon.colcon_core.environment:create_file_with_runtime_dependencies(/home/tedee/swarm/ros2_ws/install/swarm_launch/share/colcon-core/packages/swarm_launch)
[7.582s] DEBUG:colcon.colcon_parallel_executor.executor.parallel:closing loop
[7.583s] DEBUG:colcon.colcon_parallel_executor.executor.parallel:loop closed
[7.583s] DEBUG:colcon.colcon_parallel_executor.executor.parallel:run_until_complete finished with '0'
[7.583s] DEBUG:colcon.colcon_core.event_reactor:joining thread
[7.589s] INFO:colcon.colcon_core.plugin_system:Skipping extension 'colcon_notification.desktop_notification.terminal_notifier': Not used on non-Darwin systems
[7.589s] INFO:colcon.colcon_core.plugin_system:Skipping extension 'colcon_notification.desktop_notification.win32': Not used on non-Windows systems
[7.589s] INFO:colcon.colcon_notification.desktop_notification:Sending desktop notification using 'notify2'
[7.602s] DEBUG:colcon.colcon_core.event_reactor:joined thread
[7.602s] INFO:colcon.colcon_core.shell:Creating prefix script '/home/tedee/swarm/ros2_ws/install/local_setup.ps1'
[7.607s] INFO:colcon.colcon_core.shell:Creating prefix util module '/home/tedee/swarm/ros2_ws/install/_local_setup_util_ps1.py'
[7.609s] INFO:colcon.colcon_core.shell:Creating prefix chain script '/home/tedee/swarm/ros2_ws/install/setup.ps1'
[7.611s] INFO:colcon.colcon_core.shell:Creating prefix script '/home/tedee/swarm/ros2_ws/install/local_setup.sh'
[7.612s] INFO:colcon.colcon_core.shell:Creating prefix util module '/home/tedee/swarm/ros2_ws/install/_local_setup_util_sh.py'
[7.613s] INFO:colcon.colcon_core.shell:Creating prefix chain script '/home/tedee/swarm/ros2_ws/install/setup.sh'
[7.615s] INFO:colcon.colcon_core.shell:Creating prefix script '/home/tedee/swarm/ros2_ws/install/local_setup.bash'
[7.616s] INFO:colcon.colcon_core.shell:Creating prefix chain script '/home/tedee/swarm/ros2_ws/install/setup.bash'
[7.618s] INFO:colcon.colcon_core.shell:Creating prefix script '/home/tedee/swarm/ros2_ws/install/local_setup.zsh'
[7.619s] INFO:colcon.colcon_core.shell:Creating prefix chain script '/home/tedee/swarm/ros2_ws/install/setup.zsh'
