running egg_info
creating ../../build/path_executor/path_executor.egg-info
writing ../../build/path_executor/path_executor.egg-info/PKG-INFO
writing dependency_links to ../../build/path_executor/path_executor.egg-info/dependency_links.txt
writing entry points to ../../build/path_executor/path_executor.egg-info/entry_points.txt
writing requirements to ../../build/path_executor/path_executor.egg-info/requires.txt
writing top-level names to ../../build/path_executor/path_executor.egg-info/top_level.txt
writing manifest file '../../build/path_executor/path_executor.egg-info/SOURCES.txt'
reading manifest file '../../build/path_executor/path_executor.egg-info/SOURCES.txt'
writing manifest file '../../build/path_executor/path_executor.egg-info/SOURCES.txt'
running build
running build_py
creating /home/tedee/swarm/ros2_ws/build/path_executor/build
creating /home/tedee/swarm/ros2_ws/build/path_executor/build/lib
creating /home/tedee/swarm/ros2_ws/build/path_executor/build/lib/path_executor
copying path_executor/__init__.py -> /home/tedee/swarm/ros2_ws/build/path_executor/build/lib/path_executor
copying path_executor/path_executor_node.py -> /home/tedee/swarm/ros2_ws/build/path_executor/build/lib/path_executor
running install
running install_lib
creating /home/tedee/swarm/ros2_ws/install/path_executor/lib/python3.10/site-packages/path_executor
copying /home/tedee/swarm/ros2_ws/build/path_executor/build/lib/path_executor/__init__.py -> /home/tedee/swarm/ros2_ws/install/path_executor/lib/python3.10/site-packages/path_executor
copying /home/tedee/swarm/ros2_ws/build/path_executor/build/lib/path_executor/path_executor_node.py -> /home/tedee/swarm/ros2_ws/install/path_executor/lib/python3.10/site-packages/path_executor
byte-compiling /home/tedee/swarm/ros2_ws/install/path_executor/lib/python3.10/site-packages/path_executor/__init__.py to __init__.cpython-310.pyc
byte-compiling /home/tedee/swarm/ros2_ws/install/path_executor/lib/python3.10/site-packages/path_executor/path_executor_node.py to path_executor_node.cpython-310.pyc
running install_data
creating /home/tedee/swarm/ros2_ws/install/path_executor/share/ament_index
creating /home/tedee/swarm/ros2_ws/install/path_executor/share/ament_index/resource_index
creating /home/tedee/swarm/ros2_ws/install/path_executor/share/ament_index/resource_index/packages
copying resource/path_executor -> /home/tedee/swarm/ros2_ws/install/path_executor/share/ament_index/resource_index/packages
copying package.xml -> /home/tedee/swarm/ros2_ws/install/path_executor/share/path_executor
running install_egg_info
Copying ../../build/path_executor/path_executor.egg-info to /home/tedee/swarm/ros2_ws/install/path_executor/lib/python3.10/site-packages/path_executor-0.0.0-py3.10.egg-info
running install_scripts
Installing path_executor_node script to /home/tedee/swarm/ros2_ws/install/path_executor/lib/path_executor
writing list of installed files to '/home/tedee/swarm/ros2_ws/build/path_executor/install.log'
