[3.310s] Invoking command in '/home/tedee/swarm/ros2_ws/src/gui_pkg': PYTHONPATH=/home/tedee/swarm/ros2_ws/build/gui_pkg/prefix_override:/usr/lib/python3/dist-packages/colcon_core/task/python/colcon_distutils_commands:/home/tedee/swarm/ros2_ws/install/gui_pkg/lib/python3.10/site-packages:${PYTHONPATH} /usr/bin/python3 -W ignore:setup.py install is deprecated -W ignore:easy_install command is deprecated setup.py egg_info --egg-base ../../build/gui_pkg build --build-base /home/tedee/swarm/ros2_ws/build/gui_pkg/build install --record /home/tedee/swarm/ros2_ws/build/gui_pkg/install.log --single-version-externally-managed install_data
[4.000s] running egg_info
[4.001s] writing ../../build/gui_pkg/gui_pkg.egg-info/PKG-INFO
[4.001s] writing dependency_links to ../../build/gui_pkg/gui_pkg.egg-info/dependency_links.txt
[4.001s] writing entry points to ../../build/gui_pkg/gui_pkg.egg-info/entry_points.txt
[4.001s] writing requirements to ../../build/gui_pkg/gui_pkg.egg-info/requires.txt
[4.001s] writing top-level names to ../../build/gui_pkg/gui_pkg.egg-info/top_level.txt
[4.004s] reading manifest file '../../build/gui_pkg/gui_pkg.egg-info/SOURCES.txt'
[4.005s] writing manifest file '../../build/gui_pkg/gui_pkg.egg-info/SOURCES.txt'
[4.006s] running build
[4.006s] running build_py
[4.006s] running install
[4.007s] running install_lib
[4.009s] running install_data
[4.009s] running install_egg_info
[4.013s] removing '/home/tedee/swarm/ros2_ws/install/gui_pkg/lib/python3.10/site-packages/gui_pkg-0.0.0-py3.10.egg-info' (and everything under it)
[4.013s] Copying ../../build/gui_pkg/gui_pkg.egg-info to /home/tedee/swarm/ros2_ws/install/gui_pkg/lib/python3.10/site-packages/gui_pkg-0.0.0-py3.10.egg-info
[4.014s] running install_scripts
[4.054s] Installing bridge script to /home/tedee/swarm/ros2_ws/install/gui_pkg/lib/gui_pkg
[4.054s] Installing gui_pkg script to /home/tedee/swarm/ros2_ws/install/gui_pkg/lib/gui_pkg
[4.055s] writing list of installed files to '/home/tedee/swarm/ros2_ws/build/gui_pkg/install.log'
[4.090s] Invoked command in '/home/tedee/swarm/ros2_ws/src/gui_pkg' returned '0': PYTHONPATH=/home/tedee/swarm/ros2_ws/build/gui_pkg/prefix_override:/usr/lib/python3/dist-packages/colcon_core/task/python/colcon_distutils_commands:/home/tedee/swarm/ros2_ws/install/gui_pkg/lib/python3.10/site-packages:${PYTHONPATH} /usr/bin/python3 -W ignore:setup.py install is deprecated -W ignore:easy_install command is deprecated setup.py egg_info --egg-base ../../build/gui_pkg build --build-base /home/tedee/swarm/ros2_ws/build/gui_pkg/build install --record /home/tedee/swarm/ros2_ws/build/gui_pkg/install.log --single-version-externally-managed install_data
