[3.250s] Invoking command in '/home/tedee/swarm/ros2_ws/src/vision_node': PYTHONPATH=/home/tedee/swarm/ros2_ws/build/vision_node/prefix_override:/usr/lib/python3/dist-packages/colcon_core/task/python/colcon_distutils_commands:/home/tedee/swarm/ros2_ws/install/vision_node/lib/python3.10/site-packages:${PYTHONPATH} /usr/bin/python3 -W ignore:setup.py install is deprecated -W ignore:easy_install command is deprecated setup.py egg_info --egg-base ../../build/vision_node build --build-base /home/tedee/swarm/ros2_ws/build/vision_node/build install --record /home/tedee/swarm/ros2_ws/build/vision_node/install.log --single-version-externally-managed install_data
[3.779s] running egg_info
[3.781s] writing ../../build/vision_node/vision_node.egg-info/PKG-INFO
[3.781s] writing dependency_links to ../../build/vision_node/vision_node.egg-info/dependency_links.txt
[3.782s] writing entry points to ../../build/vision_node/vision_node.egg-info/entry_points.txt
[3.782s] writing requirements to ../../build/vision_node/vision_node.egg-info/requires.txt
[3.782s] writing top-level names to ../../build/vision_node/vision_node.egg-info/top_level.txt
[3.790s] reading manifest file '../../build/vision_node/vision_node.egg-info/SOURCES.txt'
[3.792s] writing manifest file '../../build/vision_node/vision_node.egg-info/SOURCES.txt'
[3.793s] running build
[3.793s] running build_py
[3.794s] copying vision_node/vision_node.py -> /home/tedee/swarm/ros2_ws/build/vision_node/build/lib/vision_node
[3.795s] running install
[3.796s] running install_lib
[3.798s] copying /home/tedee/swarm/ros2_ws/build/vision_node/build/lib/vision_node/vision_node.py -> /home/tedee/swarm/ros2_ws/install/vision_node/lib/python3.10/site-packages/vision_node
[3.800s] byte-compiling /home/tedee/swarm/ros2_ws/install/vision_node/lib/python3.10/site-packages/vision_node/vision_node.py to vision_node.cpython-310.pyc
[3.806s] running install_data
[3.808s] running install_egg_info
[3.813s] removing '/home/tedee/swarm/ros2_ws/install/vision_node/lib/python3.10/site-packages/vision_node-0.0.0-py3.10.egg-info' (and everything under it)
[3.813s] Copying ../../build/vision_node/vision_node.egg-info to /home/tedee/swarm/ros2_ws/install/vision_node/lib/python3.10/site-packages/vision_node-0.0.0-py3.10.egg-info
[3.815s] running install_scripts
[3.854s] Installing vision_node script to /home/tedee/swarm/ros2_ws/install/vision_node/lib/vision_node
[3.856s] writing list of installed files to '/home/tedee/swarm/ros2_ws/build/vision_node/install.log'
[4.018s] Invoked command in '/home/tedee/swarm/ros2_ws/src/vision_node' returned '0': PYTHONPATH=/home/tedee/swarm/ros2_ws/build/vision_node/prefix_override:/usr/lib/python3/dist-packages/colcon_core/task/python/colcon_distutils_commands:/home/tedee/swarm/ros2_ws/install/vision_node/lib/python3.10/site-packages:${PYTHONPATH} /usr/bin/python3 -W ignore:setup.py install is deprecated -W ignore:easy_install command is deprecated setup.py egg_info --egg-base ../../build/vision_node build --build-base /home/tedee/swarm/ros2_ws/build/vision_node/build install --record /home/tedee/swarm/ros2_ws/build/vision_node/install.log --single-version-externally-managed install_data
