[3.627s] Invoking command in '/home/tedee/swarm/ros2_ws/src/swarm_launch': PYTHONPATH=/home/tedee/swarm/ros2_ws/build/swarm_launch/prefix_override:/usr/lib/python3/dist-packages/colcon_core/task/python/colcon_distutils_commands:/home/tedee/swarm/ros2_ws/install/swarm_launch/lib/python3.10/site-packages:${PYTHONPATH} /usr/bin/python3 -W ignore:setup.py install is deprecated -W ignore:easy_install command is deprecated setup.py egg_info --egg-base ../../build/swarm_launch build --build-base /home/tedee/swarm/ros2_ws/build/swarm_launch/build install --record /home/tedee/swarm/ros2_ws/build/swarm_launch/install.log --single-version-externally-managed install_data
[4.185s] running egg_info
[4.186s] writing ../../build/swarm_launch/swarm_launch.egg-info/PKG-INFO
[4.187s] writing dependency_links to ../../build/swarm_launch/swarm_launch.egg-info/dependency_links.txt
[4.187s] writing entry points to ../../build/swarm_launch/swarm_launch.egg-info/entry_points.txt
[4.187s] writing requirements to ../../build/swarm_launch/swarm_launch.egg-info/requires.txt
[4.188s] writing top-level names to ../../build/swarm_launch/swarm_launch.egg-info/top_level.txt
[4.191s] reading manifest file '../../build/swarm_launch/swarm_launch.egg-info/SOURCES.txt'
[4.192s] writing manifest file '../../build/swarm_launch/swarm_launch.egg-info/SOURCES.txt'
[4.192s] running build
[4.192s] running build_py
[4.192s] running install
[4.193s] running install_lib
[4.195s] running install_data
[4.195s] copying launch/swarm_simulation.launch.py -> /home/tedee/swarm/ros2_ws/install/swarm_launch/share/swarm_launch/launch
[4.196s] running install_egg_info
[4.199s] removing '/home/tedee/swarm/ros2_ws/install/swarm_launch/lib/python3.10/site-packages/swarm_launch-0.0.0-py3.10.egg-info' (and everything under it)
[4.200s] Copying ../../build/swarm_launch/swarm_launch.egg-info to /home/tedee/swarm/ros2_ws/install/swarm_launch/lib/python3.10/site-packages/swarm_launch-0.0.0-py3.10.egg-info
[4.201s] running install_scripts
[4.246s] writing list of installed files to '/home/tedee/swarm/ros2_ws/build/swarm_launch/install.log'
