[2.384s] Invoking command in '/home/tedee/swarm/ros2_ws/src/swarm_launch': PYTHONPATH=/home/tedee/swarm/ros2_ws/build/swarm_launch/prefix_override:/usr/lib/python3/dist-packages/colcon_core/task/python/colcon_distutils_commands:/home/tedee/swarm/ros2_ws/install/swarm_launch/lib/python3.10/site-packages:${PYTHONPATH} /usr/bin/python3 -W ignore:setup.py install is deprecated -W ignore:easy_install command is deprecated setup.py egg_info --egg-base ../../build/swarm_launch build --build-base /home/tedee/swarm/ros2_ws/build/swarm_launch/build install --record /home/tedee/swarm/ros2_ws/build/swarm_launch/install.log --single-version-externally-managed install_data
[2.934s] running egg_info
[2.935s] writing ../../build/swarm_launch/swarm_launch.egg-info/PKG-INFO
[2.936s] writing dependency_links to ../../build/swarm_launch/swarm_launch.egg-info/dependency_links.txt
[2.937s] writing entry points to ../../build/swarm_launch/swarm_launch.egg-info/entry_points.txt
[2.937s] writing requirements to ../../build/swarm_launch/swarm_launch.egg-info/requires.txt
[2.937s] writing top-level names to ../../build/swarm_launch/swarm_launch.egg-info/top_level.txt
[2.939s] reading manifest file '../../build/swarm_launch/swarm_launch.egg-info/SOURCES.txt'
[2.940s] writing manifest file '../../build/swarm_launch/swarm_launch.egg-info/SOURCES.txt'
[2.940s] running build
[2.941s] running build_py
[2.941s] running install
[2.941s] running install_lib
[2.943s] running install_data
[2.944s] copying launch/swarm_simulation.launch.py -> /home/tedee/swarm/ros2_ws/install/swarm_launch/share/swarm_launch/launch
[2.944s] running install_egg_info
[2.948s] removing '/home/tedee/swarm/ros2_ws/install/swarm_launch/lib/python3.10/site-packages/swarm_launch-0.0.0-py3.10.egg-info' (and everything under it)
[2.948s] Copying ../../build/swarm_launch/swarm_launch.egg-info to /home/tedee/swarm/ros2_ws/install/swarm_launch/lib/python3.10/site-packages/swarm_launch-0.0.0-py3.10.egg-info
[2.949s] running install_scripts
[2.989s] writing list of installed files to '/home/tedee/swarm/ros2_ws/build/swarm_launch/install.log'
[3.053s] Invoked command in '/home/tedee/swarm/ros2_ws/src/swarm_launch' returned '0': PYTHONPATH=/home/tedee/swarm/ros2_ws/build/swarm_launch/prefix_override:/usr/lib/python3/dist-packages/colcon_core/task/python/colcon_distutils_commands:/home/tedee/swarm/ros2_ws/install/swarm_launch/lib/python3.10/site-packages:${PYTHONPATH} /usr/bin/python3 -W ignore:setup.py install is deprecated -W ignore:easy_install command is deprecated setup.py egg_info --egg-base ../../build/swarm_launch build --build-base /home/tedee/swarm/ros2_ws/build/swarm_launch/build install --record /home/tedee/swarm/ros2_ws/build/swarm_launch/install.log --single-version-externally-managed install_data
