[1.478s] Invoking command in '/home/tedee/swarm/ros2_ws/src/path_executor': PYTHONPATH=/home/tedee/swarm/ros2_ws/build/path_executor/prefix_override:/usr/lib/python3/dist-packages/colcon_core/task/python/colcon_distutils_commands:/home/tedee/swarm/ros2_ws/install/path_executor/lib/python3.10/site-packages:${PYTHONPATH} /usr/bin/python3 -W ignore:setup.py install is deprecated -W ignore:easy_install command is deprecated setup.py egg_info --egg-base ../../build/path_executor build --build-base /home/tedee/swarm/ros2_ws/build/path_executor/build install --record /home/tedee/swarm/ros2_ws/build/path_executor/install.log --single-version-externally-managed install_data
[1.706s] running egg_info
[1.707s] writing ../../build/path_executor/path_executor.egg-info/PKG-INFO
[1.707s] writing dependency_links to ../../build/path_executor/path_executor.egg-info/dependency_links.txt
[1.707s] writing entry points to ../../build/path_executor/path_executor.egg-info/entry_points.txt
[1.707s] writing requirements to ../../build/path_executor/path_executor.egg-info/requires.txt
[1.708s] writing top-level names to ../../build/path_executor/path_executor.egg-info/top_level.txt
[1.709s] reading manifest file '../../build/path_executor/path_executor.egg-info/SOURCES.txt'
[1.710s] writing manifest file '../../build/path_executor/path_executor.egg-info/SOURCES.txt'
[1.711s] running build
[1.711s] running build_py
[1.711s] copying path_executor/path_executor_node.py -> /home/tedee/swarm/ros2_ws/build/path_executor/build/lib/path_executor
[1.711s] running install
[1.712s] running install_lib
[1.712s] copying /home/tedee/swarm/ros2_ws/build/path_executor/build/lib/path_executor/path_executor_node.py -> /home/tedee/swarm/ros2_ws/install/path_executor/lib/python3.10/site-packages/path_executor
[1.713s] byte-compiling /home/tedee/swarm/ros2_ws/install/path_executor/lib/python3.10/site-packages/path_executor/path_executor_node.py to path_executor_node.cpython-310.pyc
[1.718s] running install_data
[1.719s] running install_egg_info
[1.721s] removing '/home/tedee/swarm/ros2_ws/install/path_executor/lib/python3.10/site-packages/path_executor-0.0.0-py3.10.egg-info' (and everything under it)
[1.721s] Copying ../../build/path_executor/path_executor.egg-info to /home/tedee/swarm/ros2_ws/install/path_executor/lib/python3.10/site-packages/path_executor-0.0.0-py3.10.egg-info
[1.722s] running install_scripts
[1.737s] Installing path_executor_node script to /home/tedee/swarm/ros2_ws/install/path_executor/lib/path_executor
[1.739s] writing list of installed files to '/home/tedee/swarm/ros2_ws/build/path_executor/install.log'
[1.754s] Invoked command in '/home/tedee/swarm/ros2_ws/src/path_executor' returned '0': PYTHONPATH=/home/tedee/swarm/ros2_ws/build/path_executor/prefix_override:/usr/lib/python3/dist-packages/colcon_core/task/python/colcon_distutils_commands:/home/tedee/swarm/ros2_ws/install/path_executor/lib/python3.10/site-packages:${PYTHONPATH} /usr/bin/python3 -W ignore:setup.py install is deprecated -W ignore:easy_install command is deprecated setup.py egg_info --egg-base ../../build/path_executor build --build-base /home/tedee/swarm/ros2_ws/build/path_executor/build install --record /home/tedee/swarm/ros2_ws/build/path_executor/install.log --single-version-externally-managed install_data
