[5.425s] Invoking command in '/home/tedee/swarm/ros2_ws/src/path_planner': PYTHONPATH=/home/tedee/swarm/ros2_ws/build/path_planner/prefix_override:/usr/lib/python3/dist-packages/colcon_core/task/python/colcon_distutils_commands:/home/tedee/swarm/ros2_ws/install/path_planner/lib/python3.10/site-packages:${PYTHONPATH} /usr/bin/python3 -W ignore:setup.py install is deprecated -W ignore:easy_install command is deprecated setup.py egg_info --egg-base ../../build/path_planner build --build-base /home/tedee/swarm/ros2_ws/build/path_planner/build install --record /home/tedee/swarm/ros2_ws/build/path_planner/install.log --single-version-externally-managed install_data
[6.228s] running egg_info
[6.230s] writing ../../build/path_planner/path_planner.egg-info/PKG-INFO
[6.231s] writing dependency_links to ../../build/path_planner/path_planner.egg-info/dependency_links.txt
[6.232s] writing entry points to ../../build/path_planner/path_planner.egg-info/entry_points.txt
[6.232s] writing requirements to ../../build/path_planner/path_planner.egg-info/requires.txt
[6.233s] writing top-level names to ../../build/path_planner/path_planner.egg-info/top_level.txt
[6.237s] reading manifest file '../../build/path_planner/path_planner.egg-info/SOURCES.txt'
[6.240s] writing manifest file '../../build/path_planner/path_planner.egg-info/SOURCES.txt'
[6.240s] running build
[6.241s] running build_py
[6.241s] running install
[6.242s] running install_lib
[6.246s] running install_data
[6.246s] running install_egg_info
[6.252s] removing '/home/tedee/swarm/ros2_ws/install/path_planner/lib/python3.10/site-packages/path_planner-0.0.0-py3.10.egg-info' (and everything under it)
[6.253s] Copying ../../build/path_planner/path_planner.egg-info to /home/tedee/swarm/ros2_ws/install/path_planner/lib/python3.10/site-packages/path_planner-0.0.0-py3.10.egg-info
[6.255s] running install_scripts
[6.314s] Installing path_planner_node script to /home/tedee/swarm/ros2_ws/install/path_planner/lib/path_planner
[6.316s] writing list of installed files to '/home/tedee/swarm/ros2_ws/build/path_planner/install.log'
[6.425s] Invoked command in '/home/tedee/swarm/ros2_ws/src/path_planner' returned '0': PYTHONPATH=/home/tedee/swarm/ros2_ws/build/path_planner/prefix_override:/usr/lib/python3/dist-packages/colcon_core/task/python/colcon_distutils_commands:/home/tedee/swarm/ros2_ws/install/path_planner/lib/python3.10/site-packages:${PYTHONPATH} /usr/bin/python3 -W ignore:setup.py install is deprecated -W ignore:easy_install command is deprecated setup.py egg_info --egg-base ../../build/path_planner build --build-base /home/tedee/swarm/ros2_ws/build/path_planner/build install --record /home/tedee/swarm/ros2_ws/build/path_planner/install.log --single-version-externally-managed install_data
