[3.748s] Invoking command in '/home/tedee/swarm/ros2_ws/src/path_executor': PYTHONPATH=/home/tedee/swarm/ros2_ws/build/path_executor/prefix_override:/usr/lib/python3/dist-packages/colcon_core/task/python/colcon_distutils_commands:/home/tedee/swarm/ros2_ws/install/path_executor/lib/python3.10/site-packages:${PYTHONPATH} /usr/bin/python3 -W ignore:setup.py install is deprecated -W ignore:easy_install command is deprecated setup.py egg_info --egg-base ../../build/path_executor build --build-base /home/tedee/swarm/ros2_ws/build/path_executor/build install --record /home/tedee/swarm/ros2_ws/build/path_executor/install.log --single-version-externally-managed install_data
[4.305s] running egg_info
[4.307s] writing ../../build/path_executor/path_executor.egg-info/PKG-INFO
[4.308s] writing dependency_links to ../../build/path_executor/path_executor.egg-info/dependency_links.txt
[4.308s] writing entry points to ../../build/path_executor/path_executor.egg-info/entry_points.txt
[4.308s] writing requirements to ../../build/path_executor/path_executor.egg-info/requires.txt
[4.309s] writing top-level names to ../../build/path_executor/path_executor.egg-info/top_level.txt
[4.311s] reading manifest file '../../build/path_executor/path_executor.egg-info/SOURCES.txt'
[4.312s] writing manifest file '../../build/path_executor/path_executor.egg-info/SOURCES.txt'
[4.312s] running build
[4.312s] running build_py
[4.312s] running install
[4.313s] running install_lib
[4.315s] running install_data
[4.315s] running install_egg_info
[4.319s] removing '/home/tedee/swarm/ros2_ws/install/path_executor/lib/python3.10/site-packages/path_executor-0.0.0-py3.10.egg-info' (and everything under it)
[4.319s] Copying ../../build/path_executor/path_executor.egg-info to /home/tedee/swarm/ros2_ws/install/path_executor/lib/python3.10/site-packages/path_executor-0.0.0-py3.10.egg-info
[4.321s] running install_scripts
[4.360s] Installing path_executor_node script to /home/tedee/swarm/ros2_ws/install/path_executor/lib/path_executor
[4.361s] writing list of installed files to '/home/tedee/swarm/ros2_ws/build/path_executor/install.log'
[4.434s] Invoked command in '/home/tedee/swarm/ros2_ws/src/path_executor' returned '0': PYTHONPATH=/home/tedee/swarm/ros2_ws/build/path_executor/prefix_override:/usr/lib/python3/dist-packages/colcon_core/task/python/colcon_distutils_commands:/home/tedee/swarm/ros2_ws/install/path_executor/lib/python3.10/site-packages:${PYTHONPATH} /usr/bin/python3 -W ignore:setup.py install is deprecated -W ignore:easy_install command is deprecated setup.py egg_info --egg-base ../../build/path_executor build --build-base /home/tedee/swarm/ros2_ws/build/path_executor/build install --record /home/tedee/swarm/ros2_ws/build/path_executor/install.log --single-version-externally-managed install_data
