[1.159s] Invoking command in '/home/tedee/swarm/ros2_ws/src/target_spawner': PYTHONPATH=/home/tedee/swarm/ros2_ws/build/target_spawner/prefix_override:/usr/lib/python3/dist-packages/colcon_core/task/python/colcon_distutils_commands:/home/tedee/swarm/ros2_ws/install/target_spawner/lib/python3.10/site-packages:${PYTHONPATH} /usr/bin/python3 -W ignore:setup.py install is deprecated -W ignore:easy_install command is deprecated setup.py egg_info --egg-base ../../build/target_spawner build --build-base /home/tedee/swarm/ros2_ws/build/target_spawner/build install --record /home/tedee/swarm/ros2_ws/build/target_spawner/install.log --single-version-externally-managed install_data
[1.336s] running egg_info
[1.336s] writing ../../build/target_spawner/target_spawner.egg-info/PKG-INFO
[1.336s] writing dependency_links to ../../build/target_spawner/target_spawner.egg-info/dependency_links.txt
[1.336s] writing entry points to ../../build/target_spawner/target_spawner.egg-info/entry_points.txt
[1.336s] writing requirements to ../../build/target_spawner/target_spawner.egg-info/requires.txt
[1.336s] writing top-level names to ../../build/target_spawner/target_spawner.egg-info/top_level.txt
[1.338s] reading manifest file '../../build/target_spawner/target_spawner.egg-info/SOURCES.txt'
[1.338s] writing manifest file '../../build/target_spawner/target_spawner.egg-info/SOURCES.txt'
[1.338s] running build
[1.338s] running build_py
[1.338s] running install
[1.338s] running install_lib
[1.339s] running install_data
[1.339s] copying package.xml -> /home/tedee/swarm/ros2_ws/install/target_spawner/share/target_spawner
[1.339s] running install_egg_info
[1.340s] removing '/home/tedee/swarm/ros2_ws/install/target_spawner/lib/python3.10/site-packages/target_spawner-0.0.0-py3.10.egg-info' (and everything under it)
[1.341s] Copying ../../build/target_spawner/target_spawner.egg-info to /home/tedee/swarm/ros2_ws/install/target_spawner/lib/python3.10/site-packages/target_spawner-0.0.0-py3.10.egg-info
[1.341s] running install_scripts
[1.356s] Installing target_spawner_node script to /home/tedee/swarm/ros2_ws/install/target_spawner/lib/target_spawner
[1.356s] writing list of installed files to '/home/tedee/swarm/ros2_ws/build/target_spawner/install.log'
[1.385s] Invoked command in '/home/tedee/swarm/ros2_ws/src/target_spawner' returned '0': PYTHONPATH=/home/tedee/swarm/ros2_ws/build/target_spawner/prefix_override:/usr/lib/python3/dist-packages/colcon_core/task/python/colcon_distutils_commands:/home/tedee/swarm/ros2_ws/install/target_spawner/lib/python3.10/site-packages:${PYTHONPATH} /usr/bin/python3 -W ignore:setup.py install is deprecated -W ignore:easy_install command is deprecated setup.py egg_info --egg-base ../../build/target_spawner build --build-base /home/tedee/swarm/ros2_ws/build/target_spawner/build install --record /home/tedee/swarm/ros2_ws/build/target_spawner/install.log --single-version-externally-managed install_data
