[3.276s] Invoking command in '/home/tedee/swarm/ros2_ws/src/gui_pkg': PYTHONPATH=/home/tedee/swarm/ros2_ws/build/gui_pkg/prefix_override:/usr/lib/python3/dist-packages/colcon_core/task/python/colcon_distutils_commands:/home/tedee/swarm/ros2_ws/install/gui_pkg/lib/python3.10/site-packages:${PYTHONPATH} /usr/bin/python3 -W ignore:setup.py install is deprecated -W ignore:easy_install command is deprecated setup.py egg_info --egg-base ../../build/gui_pkg build --build-base /home/tedee/swarm/ros2_ws/build/gui_pkg/build install --record /home/tedee/swarm/ros2_ws/build/gui_pkg/install.log --single-version-externally-managed install_data
[3.840s] running egg_info
[3.841s] writing ../../build/gui_pkg/gui_pkg.egg-info/PKG-INFO
[3.841s] writing dependency_links to ../../build/gui_pkg/gui_pkg.egg-info/dependency_links.txt
[3.842s] writing entry points to ../../build/gui_pkg/gui_pkg.egg-info/entry_points.txt
[3.842s] writing requirements to ../../build/gui_pkg/gui_pkg.egg-info/requires.txt
[3.842s] writing top-level names to ../../build/gui_pkg/gui_pkg.egg-info/top_level.txt
[3.845s] reading manifest file '../../build/gui_pkg/gui_pkg.egg-info/SOURCES.txt'
[3.846s] writing manifest file '../../build/gui_pkg/gui_pkg.egg-info/SOURCES.txt'
[3.847s] running build
[3.847s] running build_py
[3.847s] copying gui_pkg/gui.py -> /home/tedee/swarm/ros2_ws/build/gui_pkg/build/lib/gui_pkg
[3.847s] running install
[3.848s] running install_lib
[3.849s] copying /home/tedee/swarm/ros2_ws/build/gui_pkg/build/lib/gui_pkg/gui.py -> /home/tedee/swarm/ros2_ws/install/gui_pkg/lib/python3.10/site-packages/gui_pkg
[3.851s] byte-compiling /home/tedee/swarm/ros2_ws/install/gui_pkg/lib/python3.10/site-packages/gui_pkg/gui.py to gui.cpython-310.pyc
[3.856s] running install_data
[3.856s] running install_egg_info
[3.859s] removing '/home/tedee/swarm/ros2_ws/install/gui_pkg/lib/python3.10/site-packages/gui_pkg-0.0.0-py3.10.egg-info' (and everything under it)
[3.860s] Copying ../../build/gui_pkg/gui_pkg.egg-info to /home/tedee/swarm/ros2_ws/install/gui_pkg/lib/python3.10/site-packages/gui_pkg-0.0.0-py3.10.egg-info
[3.862s] running install_scripts
[3.903s] Installing bridge script to /home/tedee/swarm/ros2_ws/install/gui_pkg/lib/gui_pkg
[3.904s] Installing gui_pkg script to /home/tedee/swarm/ros2_ws/install/gui_pkg/lib/gui_pkg
[3.904s] writing list of installed files to '/home/tedee/swarm/ros2_ws/build/gui_pkg/install.log'
[3.956s] Invoked command in '/home/tedee/swarm/ros2_ws/src/gui_pkg' returned '0': PYTHONPATH=/home/tedee/swarm/ros2_ws/build/gui_pkg/prefix_override:/usr/lib/python3/dist-packages/colcon_core/task/python/colcon_distutils_commands:/home/tedee/swarm/ros2_ws/install/gui_pkg/lib/python3.10/site-packages:${PYTHONPATH} /usr/bin/python3 -W ignore:setup.py install is deprecated -W ignore:easy_install command is deprecated setup.py egg_info --egg-base ../../build/gui_pkg build --build-base /home/tedee/swarm/ros2_ws/build/gui_pkg/build install --record /home/tedee/swarm/ros2_ws/build/gui_pkg/install.log --single-version-externally-managed install_data
