[3.906s] Invoking command in '/home/tedee/swarm/ros2_ws/src/vision_node': PYTHONPATH=/home/tedee/swarm/ros2_ws/build/vision_node/prefix_override:/usr/lib/python3/dist-packages/colcon_core/task/python/colcon_distutils_commands:/home/tedee/swarm/ros2_ws/install/vision_node/lib/python3.10/site-packages:${PYTHONPATH} /usr/bin/python3 -W ignore:setup.py install is deprecated -W ignore:easy_install command is deprecated setup.py egg_info --egg-base ../../build/vision_node build --build-base /home/tedee/swarm/ros2_ws/build/vision_node/build install --record /home/tedee/swarm/ros2_ws/build/vision_node/install.log --single-version-externally-managed install_data
[4.529s] running egg_info
[4.530s] writing ../../build/vision_node/vision_node.egg-info/PKG-INFO
[4.531s] writing dependency_links to ../../build/vision_node/vision_node.egg-info/dependency_links.txt
[4.531s] writing entry points to ../../build/vision_node/vision_node.egg-info/entry_points.txt
[4.531s] writing requirements to ../../build/vision_node/vision_node.egg-info/requires.txt
[4.532s] writing top-level names to ../../build/vision_node/vision_node.egg-info/top_level.txt
[4.535s] reading manifest file '../../build/vision_node/vision_node.egg-info/SOURCES.txt'
[4.537s] writing manifest file '../../build/vision_node/vision_node.egg-info/SOURCES.txt'
[4.537s] running build
[4.538s] running build_py
[4.538s] running install
[4.539s] running install_lib
[4.541s] running install_data
[4.542s] running install_egg_info
[4.546s] removing '/home/tedee/swarm/ros2_ws/install/vision_node/lib/python3.10/site-packages/vision_node-0.0.0-py3.10.egg-info' (and everything under it)
[4.547s] Copying ../../build/vision_node/vision_node.egg-info to /home/tedee/swarm/ros2_ws/install/vision_node/lib/python3.10/site-packages/vision_node-0.0.0-py3.10.egg-info
[4.549s] running install_scripts
[4.593s] Installing vision_node script to /home/tedee/swarm/ros2_ws/install/vision_node/lib/vision_node
[4.593s] writing list of installed files to '/home/tedee/swarm/ros2_ws/build/vision_node/install.log'
[4.648s] Invoked command in '/home/tedee/swarm/ros2_ws/src/vision_node' returned '0': PYTHONPATH=/home/tedee/swarm/ros2_ws/build/vision_node/prefix_override:/usr/lib/python3/dist-packages/colcon_core/task/python/colcon_distutils_commands:/home/tedee/swarm/ros2_ws/install/vision_node/lib/python3.10/site-packages:${PYTHONPATH} /usr/bin/python3 -W ignore:setup.py install is deprecated -W ignore:easy_install command is deprecated setup.py egg_info --egg-base ../../build/vision_node build --build-base /home/tedee/swarm/ros2_ws/build/vision_node/build install --record /home/tedee/swarm/ros2_ws/build/vision_node/install.log --single-version-externally-managed install_data
