[3.618s] Invoking command in '/home/tedee/swarm/ros2_ws/src/role_manager': PYTHONPATH=/home/tedee/swarm/ros2_ws/build/role_manager/prefix_override:/usr/lib/python3/dist-packages/colcon_core/task/python/colcon_distutils_commands:/home/tedee/swarm/ros2_ws/install/role_manager/lib/python3.10/site-packages:${PYTHONPATH} /usr/bin/python3 -W ignore:setup.py install is deprecated -W ignore:easy_install command is deprecated setup.py egg_info --egg-base ../../build/role_manager build --build-base /home/tedee/swarm/ros2_ws/build/role_manager/build install --record /home/tedee/swarm/ros2_ws/build/role_manager/install.log --single-version-externally-managed install_data
[4.183s] running egg_info
[4.184s] writing ../../build/role_manager/role_manager.egg-info/PKG-INFO
[4.184s] writing dependency_links to ../../build/role_manager/role_manager.egg-info/dependency_links.txt
[4.185s] writing entry points to ../../build/role_manager/role_manager.egg-info/entry_points.txt
[4.185s] writing requirements to ../../build/role_manager/role_manager.egg-info/requires.txt
[4.185s] writing top-level names to ../../build/role_manager/role_manager.egg-info/top_level.txt
[4.189s] reading manifest file '../../build/role_manager/role_manager.egg-info/SOURCES.txt'
[4.189s] writing manifest file '../../build/role_manager/role_manager.egg-info/SOURCES.txt'
[4.189s] running build
[4.190s] running build_py
[4.190s] running install
[4.190s] running install_lib
[4.193s] running install_data
[4.193s] running install_egg_info
[4.197s] removing '/home/tedee/swarm/ros2_ws/install/role_manager/lib/python3.10/site-packages/role_manager-0.0.0-py3.10.egg-info' (and everything under it)
[4.198s] Copying ../../build/role_manager/role_manager.egg-info to /home/tedee/swarm/ros2_ws/install/role_manager/lib/python3.10/site-packages/role_manager-0.0.0-py3.10.egg-info
[4.201s] running install_scripts
[4.246s] Installing role_manager_node script to /home/tedee/swarm/ros2_ws/install/role_manager/lib/role_manager
[4.246s] writing list of installed files to '/home/tedee/swarm/ros2_ws/build/role_manager/install.log'
