[3.001s] Invoking command in '/home/tedee/swarm/ros2_ws/src/role_manager': PYTHONPATH=/home/tedee/swarm/ros2_ws/build/role_manager/prefix_override:/usr/lib/python3/dist-packages/colcon_core/task/python/colcon_distutils_commands:/home/tedee/swarm/ros2_ws/install/role_manager/lib/python3.10/site-packages:${PYTHONPATH} /usr/bin/python3 -W ignore:setup.py install is deprecated -W ignore:easy_install command is deprecated setup.py egg_info --egg-base ../../build/role_manager build --build-base /home/tedee/swarm/ros2_ws/build/role_manager/build install --record /home/tedee/swarm/ros2_ws/build/role_manager/install.log --single-version-externally-managed install_data
[3.545s] running egg_info
[3.547s] writing ../../build/role_manager/role_manager.egg-info/PKG-INFO
[3.547s] writing dependency_links to ../../build/role_manager/role_manager.egg-info/dependency_links.txt
[3.547s] writing entry points to ../../build/role_manager/role_manager.egg-info/entry_points.txt
[3.548s] writing requirements to ../../build/role_manager/role_manager.egg-info/requires.txt
[3.549s] writing top-level names to ../../build/role_manager/role_manager.egg-info/top_level.txt
[3.552s] reading manifest file '../../build/role_manager/role_manager.egg-info/SOURCES.txt'
[3.552s] writing manifest file '../../build/role_manager/role_manager.egg-info/SOURCES.txt'
[3.552s] running build
[3.553s] running build_py
[3.553s] copying role_manager/role_manager_node.py -> /home/tedee/swarm/ros2_ws/build/role_manager/build/lib/role_manager
[3.554s] running install
[3.554s] running install_lib
[3.556s] copying /home/tedee/swarm/ros2_ws/build/role_manager/build/lib/role_manager/role_manager_node.py -> /home/tedee/swarm/ros2_ws/install/role_manager/lib/python3.10/site-packages/role_manager
[3.557s] byte-compiling /home/tedee/swarm/ros2_ws/install/role_manager/lib/python3.10/site-packages/role_manager/role_manager_node.py to role_manager_node.cpython-310.pyc
[3.560s] running install_data
[3.561s] running install_egg_info
[3.564s] removing '/home/tedee/swarm/ros2_ws/install/role_manager/lib/python3.10/site-packages/role_manager-0.0.0-py3.10.egg-info' (and everything under it)
[3.565s] Copying ../../build/role_manager/role_manager.egg-info to /home/tedee/swarm/ros2_ws/install/role_manager/lib/python3.10/site-packages/role_manager-0.0.0-py3.10.egg-info
[3.566s] running install_scripts
[3.606s] Installing role_manager_node script to /home/tedee/swarm/ros2_ws/install/role_manager/lib/role_manager
[3.607s] writing list of installed files to '/home/tedee/swarm/ros2_ws/build/role_manager/install.log'
[3.694s] Invoked command in '/home/tedee/swarm/ros2_ws/src/role_manager' returned '0': PYTHONPATH=/home/tedee/swarm/ros2_ws/build/role_manager/prefix_override:/usr/lib/python3/dist-packages/colcon_core/task/python/colcon_distutils_commands:/home/tedee/swarm/ros2_ws/install/role_manager/lib/python3.10/site-packages:${PYTHONPATH} /usr/bin/python3 -W ignore:setup.py install is deprecated -W ignore:easy_install command is deprecated setup.py egg_info --egg-base ../../build/role_manager build --build-base /home/tedee/swarm/ros2_ws/build/role_manager/build install --record /home/tedee/swarm/ros2_ws/build/role_manager/install.log --single-version-externally-managed install_data
